05/27/2025 17:47:39 hora estándar de Colombia : Information : Local timezone is (UTC-05:00) hora estándar de Colombia (Bogotá)
05/27/2025 17:47:39 hora estándar de Colombia : Information : vs-intellicode-base-models read: Content-Length: 276

{"jsonrpc":"2.0","id":0,"method":"ConfigureServiceAsync","params":[{"CacheLocation":"/home/rugery/.vscode/extensions/ms-dotnettools.vscodeintellicode-csharp-2.2.3-linux-x64/starsModelCache","InternalTraceEnabled":false,"CustomModelsEnabled":false,"DeepLearningEnabled":true}]}
05/27/2025 17:47:40 hora estándar de Colombia : Information : Added local RPC method "ApplyArgumentOverloadModelAsync" -> Microsoft.VisualStudio.IntelliCode.BaseModelService.BaseServiceTarget.ApplyArgumentOverloadModelAsync(String, String, String, String, List`1, CancellationToken) (Microsoft.VisualStudio.IntelliCode.BaseModelService.BaseServiceTarget)
05/27/2025 17:47:40 hora estándar de Colombia : Information : Added local RPC method "ApplyArgumentSymbolKindModelAsync" -> Microsoft.VisualStudio.IntelliCode.BaseModelService.BaseServiceTarget.ApplyArgumentSymbolKindModelAsync(String, String, String, String, Int32, List`1, CancellationToken) (Microsoft.VisualStudio.IntelliCode.BaseModelService.BaseServiceTarget)
05/27/2025 17:47:40 hora estándar de Colombia : Information : Added local RPC method "ConfigureServiceAsync" -> Microsoft.VisualStudio.IntelliCode.BaseModelService.BaseServiceTarget.ConfigureServiceAsync(ModelServiceConfiguration) (Microsoft.VisualStudio.IntelliCode.BaseModelService.BaseServiceTarget)
05/27/2025 17:47:40 hora estándar de Colombia : Information : Added local RPC method "DeepLearningModelInferenceAsync" -> Microsoft.VisualStudio.IntelliCode.BaseModelService.BaseServiceTarget.DeepLearningModelInferenceAsync(String, String, IEnumerable`1, IEnumerable`1) (Microsoft.VisualStudio.IntelliCode.BaseModelService.BaseServiceTarget)
05/27/2025 17:47:40 hora estándar de Colombia : Information : Added local RPC method "GetArgumentWeightsAsync" -> Microsoft.VisualStudio.IntelliCode.BaseModelService.BaseServiceTarget.GetArgumentWeightsAsync(String, String, CancellationToken) (Microsoft.VisualStudio.IntelliCode.BaseModelService.BaseServiceTarget)
05/27/2025 17:47:40 hora estándar de Colombia : Information : Added local RPC method "GetConfigureServiceAsync" -> Microsoft.VisualStudio.IntelliCode.BaseModelService.BaseServiceTarget.GetConfigureServiceAsync() (Microsoft.VisualStudio.IntelliCode.BaseModelService.BaseServiceTarget)
05/27/2025 17:47:40 hora estándar de Colombia : Information : Added local RPC method "GetLoadedModelNamesAsync" -> Microsoft.VisualStudio.IntelliCode.BaseModelService.BaseServiceTarget.GetLoadedModelNamesAsync(String, String) (Microsoft.VisualStudio.IntelliCode.BaseModelService.BaseServiceTarget)
05/27/2025 17:47:40 hora estándar de Colombia : Information : Added local RPC method "GetMarkupAttributeSuggestionsAsync" -> Microsoft.VisualStudio.IntelliCode.BaseModelService.BaseServiceTarget.GetMarkupAttributeSuggestionsAsync(String, String, String, String) (Microsoft.VisualStudio.IntelliCode.BaseModelService.BaseServiceTarget)
05/27/2025 17:47:40 hora estándar de Colombia : Information : Added local RPC method "GetMarkupTagSuggestionsAsync" -> Microsoft.VisualStudio.IntelliCode.BaseModelService.BaseServiceTarget.GetMarkupTagSuggestionsAsync(String, String, String) (Microsoft.VisualStudio.IntelliCode.BaseModelService.BaseServiceTarget)
05/27/2025 17:47:40 hora estándar de Colombia : Information : Added local RPC method "GetPatternAsync" -> Microsoft.VisualStudio.IntelliCode.BaseModelService.BaseServiceTarget.GetPatternAsync(String, String, String) (Microsoft.VisualStudio.IntelliCode.BaseModelService.BaseServiceTarget)
05/27/2025 17:47:40 hora estándar de Colombia : Information : Added local RPC method "GetPatternAsync" -> Microsoft.VisualStudio.IntelliCode.BaseModelService.BaseServiceTarget.GetPatternAsync(String, String, String, QueryModelOrigin, CancellationToken) (Microsoft.VisualStudio.IntelliCode.BaseModelService.BaseServiceTarget)
05/27/2025 17:47:40 hora estándar de Colombia : Information : Added local RPC method "GetPatternsAsync" -> Microsoft.VisualStudio.IntelliCode.BaseModelService.BaseServiceTarget.GetPatternsAsync(String, String, IEnumerable`1) (Microsoft.VisualStudio.IntelliCode.BaseModelService.BaseServiceTarget)
05/27/2025 17:47:40 hora estándar de Colombia : Information : Added local RPC method "GetPatternsAsync" -> Microsoft.VisualStudio.IntelliCode.BaseModelService.BaseServiceTarget.GetPatternsAsync(String, String, IEnumerable`1, QueryModelOrigin, CancellationToken) (Microsoft.VisualStudio.IntelliCode.BaseModelService.BaseServiceTarget)
05/27/2025 17:47:40 hora estándar de Colombia : Information : Added local RPC method "LoadModelAsync" -> Microsoft.VisualStudio.IntelliCode.BaseModelService.BaseServiceTarget.LoadModelAsync(String, String, String, CancellationToken) (Microsoft.VisualStudio.IntelliCode.BaseModelService.BaseServiceTarget)
05/27/2025 17:47:40 hora estándar de Colombia : Information : Added local RPC method "RequestLoadModelsAsync" -> Microsoft.VisualStudio.IntelliCode.BaseModelService.BaseServiceTarget.RequestLoadModelsAsync(String, String) (Microsoft.VisualStudio.IntelliCode.BaseModelService.BaseServiceTarget)
05/27/2025 17:47:40 hora estándar de Colombia : Information : Added local RPC method "SendTelemetryAsync" -> Microsoft.VisualStudio.IntelliCode.BaseModelService.BaseServiceTarget.SendTelemetryAsync(String, Property[], Exception) (Microsoft.VisualStudio.IntelliCode.BaseModelService.BaseServiceTarget)
05/27/2025 17:47:40 hora estándar de Colombia : Information : Added local RPC method "SendTraceAsync" -> Microsoft.VisualStudio.IntelliCode.BaseModelService.BaseServiceTarget.SendTraceAsync(TraceEventType, String, Boolean) (Microsoft.VisualStudio.IntelliCode.BaseModelService.BaseServiceTarget)
05/27/2025 17:47:40 hora estándar de Colombia : Information : Added local RPC method "GetSerializedTelemetrySessionSettingsAsync" -> Microsoft.VisualStudio.IntelliCode.BaseModelService.BaseServiceTarget.GetSerializedTelemetrySessionSettingsAsync() (Microsoft.VisualStudio.IntelliCode.BaseModelService.BaseServiceTarget)
05/27/2025 17:47:40 hora estándar de Colombia : Information : Added local RPC method "ApplyArgumentOverloadModel" -> Microsoft.VisualStudio.IntelliCode.BaseModelService.BaseServiceTarget.ApplyArgumentOverloadModelAsync(String, String, String, String, List`1, CancellationToken) (Microsoft.VisualStudio.IntelliCode.BaseModelService.BaseServiceTarget)
05/27/2025 17:47:40 hora estándar de Colombia : Information : Added local RPC method "ApplyArgumentSymbolKindModel" -> Microsoft.VisualStudio.IntelliCode.BaseModelService.BaseServiceTarget.ApplyArgumentSymbolKindModelAsync(String, String, String, String, Int32, List`1, CancellationToken) (Microsoft.VisualStudio.IntelliCode.BaseModelService.BaseServiceTarget)
05/27/2025 17:47:40 hora estándar de Colombia : Information : Added local RPC method "ConfigureService" -> Microsoft.VisualStudio.IntelliCode.BaseModelService.BaseServiceTarget.ConfigureServiceAsync(ModelServiceConfiguration) (Microsoft.VisualStudio.IntelliCode.BaseModelService.BaseServiceTarget)
05/27/2025 17:47:40 hora estándar de Colombia : Information : Added local RPC method "DeepLearningModelInference" -> Microsoft.VisualStudio.IntelliCode.BaseModelService.BaseServiceTarget.DeepLearningModelInferenceAsync(String, String, IEnumerable`1, IEnumerable`1) (Microsoft.VisualStudio.IntelliCode.BaseModelService.BaseServiceTarget)
05/27/2025 17:47:40 hora estándar de Colombia : Information : Added local RPC method "GetArgumentWeights" -> Microsoft.VisualStudio.IntelliCode.BaseModelService.BaseServiceTarget.GetArgumentWeightsAsync(String, String, CancellationToken) (Microsoft.VisualStudio.IntelliCode.BaseModelService.BaseServiceTarget)
05/27/2025 17:47:40 hora estándar de Colombia : Information : Added local RPC method "GetConfigureService" -> Microsoft.VisualStudio.IntelliCode.BaseModelService.BaseServiceTarget.GetConfigureServiceAsync() (Microsoft.VisualStudio.IntelliCode.BaseModelService.BaseServiceTarget)
05/27/2025 17:47:40 hora estándar de Colombia : Information : Added local RPC method "GetLoadedModelNames" -> Microsoft.VisualStudio.IntelliCode.BaseModelService.BaseServiceTarget.GetLoadedModelNamesAsync(String, String) (Microsoft.VisualStudio.IntelliCode.BaseModelService.BaseServiceTarget)
05/27/2025 17:47:40 hora estándar de Colombia : Information : Added local RPC method "GetMarkupAttributeSuggestions" -> Microsoft.VisualStudio.IntelliCode.BaseModelService.BaseServiceTarget.GetMarkupAttributeSuggestionsAsync(String, String, String, String) (Microsoft.VisualStudio.IntelliCode.BaseModelService.BaseServiceTarget)
05/27/2025 17:47:40 hora estándar de Colombia : Information : Added local RPC method "GetMarkupTagSuggestions" -> Microsoft.VisualStudio.IntelliCode.BaseModelService.BaseServiceTarget.GetMarkupTagSuggestionsAsync(String, String, String) (Microsoft.VisualStudio.IntelliCode.BaseModelService.BaseServiceTarget)
05/27/2025 17:47:40 hora estándar de Colombia : Information : Added local RPC method "GetPattern" -> Microsoft.VisualStudio.IntelliCode.BaseModelService.BaseServiceTarget.GetPatternAsync(String, String, String) (Microsoft.VisualStudio.IntelliCode.BaseModelService.BaseServiceTarget)
05/27/2025 17:47:40 hora estándar de Colombia : Information : Added local RPC method "GetPattern" -> Microsoft.VisualStudio.IntelliCode.BaseModelService.BaseServiceTarget.GetPatternAsync(String, String, String, QueryModelOrigin, CancellationToken) (Microsoft.VisualStudio.IntelliCode.BaseModelService.BaseServiceTarget)
05/27/2025 17:47:40 hora estándar de Colombia : Information : Added local RPC method "GetPatterns" -> Microsoft.VisualStudio.IntelliCode.BaseModelService.BaseServiceTarget.GetPatternsAsync(String, String, IEnumerable`1) (Microsoft.VisualStudio.IntelliCode.BaseModelService.BaseServiceTarget)
05/27/2025 17:47:40 hora estándar de Colombia : Information : Added local RPC method "GetPatterns" -> Microsoft.VisualStudio.IntelliCode.BaseModelService.BaseServiceTarget.GetPatternsAsync(String, String, IEnumerable`1, QueryModelOrigin, CancellationToken) (Microsoft.VisualStudio.IntelliCode.BaseModelService.BaseServiceTarget)
05/27/2025 17:47:40 hora estándar de Colombia : Information : Added local RPC method "LoadModel" -> Microsoft.VisualStudio.IntelliCode.BaseModelService.BaseServiceTarget.LoadModelAsync(String, String, String, CancellationToken) (Microsoft.VisualStudio.IntelliCode.BaseModelService.BaseServiceTarget)
05/27/2025 17:47:40 hora estándar de Colombia : Information : Added local RPC method "RequestLoadModels" -> Microsoft.VisualStudio.IntelliCode.BaseModelService.BaseServiceTarget.RequestLoadModelsAsync(String, String) (Microsoft.VisualStudio.IntelliCode.BaseModelService.BaseServiceTarget)
05/27/2025 17:47:40 hora estándar de Colombia : Information : Added local RPC method "SendTelemetry" -> Microsoft.VisualStudio.IntelliCode.BaseModelService.BaseServiceTarget.SendTelemetryAsync(String, Property[], Exception) (Microsoft.VisualStudio.IntelliCode.BaseModelService.BaseServiceTarget)
05/27/2025 17:47:40 hora estándar de Colombia : Information : Added local RPC method "SendTrace" -> Microsoft.VisualStudio.IntelliCode.BaseModelService.BaseServiceTarget.SendTraceAsync(TraceEventType, String, Boolean) (Microsoft.VisualStudio.IntelliCode.BaseModelService.BaseServiceTarget)
05/27/2025 17:47:40 hora estándar de Colombia : Information : Added local RPC method "GetSerializedTelemetrySessionSettings" -> Microsoft.VisualStudio.IntelliCode.BaseModelService.BaseServiceTarget.GetSerializedTelemetrySessionSettingsAsync() (Microsoft.VisualStudio.IntelliCode.BaseModelService.BaseServiceTarget)
05/27/2025 17:47:40 hora estándar de Colombia: Information : 2 :Listening for events from Microsoft.VisualStudio.IntelliCode.BaseModelService.BaseServiceTarget.ModelLoaded to raise notification.
05/27/2025 17:47:40 hora estándar de Colombia: Information : 2 :Listening for events from Microsoft.VisualStudio.IntelliCode.BaseModelService.BaseServiceTarget.NoMatchingModelLoaded to raise notification.
05/27/2025 17:47:40 hora estándar de Colombia: Information : 2 :Listening for events from Microsoft.VisualStudio.IntelliCode.BaseModelService.BaseServiceTarget.RemoteTelemetrySent to raise notification.
05/27/2025 17:47:40 hora estándar de Colombia: Information : 2 :Listening for events from Microsoft.VisualStudio.IntelliCode.BaseModelService.BaseServiceTarget.RemoteTraceSent to raise notification.
05/27/2025 17:47:40 hora estándar de Colombia: Information : 3 :Listening started.
05/27/2025 17:47:40 hora estándar de Colombia: Information : 7 :{"id":0,"method":"ConfigureServiceAsync"}
05/27/2025 17:47:40 hora estándar de Colombia: Information : 6 :Received request "0" for method "ConfigureServiceAsync".
05/27/2025 17:47:40 hora estándar de Colombia: Information : 9 :Invoking Microsoft.VisualStudio.IntelliCode.BaseModelService.BaseServiceTarget.ConfigureServiceAsync(ModelServiceConfiguration)
05/27/2025 17:47:40 hora estándar de Colombia : Start : ConfigureServiceAsync
05/27/2025 17:47:40 hora estándar de Colombia : Stop : ConfigureServiceAsync
05/27/2025 17:47:40 hora estándar de Colombia: Information : 8 :{"id":0}
05/27/2025 17:47:40 hora estándar de Colombia : Information : vs-intellicode-base-models write: Content-Length: 38

{"jsonrpc":"2.0","id":0,"result":null}
05/27/2025 17:52:19 hora estándar de Colombia : Information : vs-intellicode-base-models read: end of stream
05/27/2025 17:52:19 hora estándar de Colombia : Information : Waiting for 'vs-intellicode-base-models' instance to complete its completionTask.
05/27/2025 17:52:19 hora estándar de Colombia: Information : 13 :Connection closing (RemotePartyTerminated: Reached end of stream.). 
05/27/2025 17:52:19 hora estándar de Colombia : Information : Disposed 'vs-intellicode-base-models' via 'completionTask' method.
05/27/2025 17:52:19 hora estándar de Colombia : Information : Finishing shutting down service: vs-intellicode-base-models.
