2025-05-27 17:47:28.185 [info] [main] Log level: Info
2025-05-27 17:47:28.185 [info] [main] Validating found git in: "git"
2025-05-27 17:47:28.185 [info] [main] Using git "2.49.0" from "git"
2025-05-27 17:47:28.185 [info] [Model][doInitialScan] Initial repository scan started
2025-05-27 17:47:28.185 [info] > git rev-parse --show-toplevel [12ms]
2025-05-27 17:47:28.185 [info] fatal: not a git repository (or any of the parent directories): .git
2025-05-27 17:47:28.185 [info] > git rev-parse --show-toplevel [22ms]
2025-05-27 17:47:28.185 [info] fatal: not a git repository (or any of the parent directories): .git
2025-05-27 17:47:28.191 [info] > git rev-parse --show-toplevel [27ms]
2025-05-27 17:47:28.191 [info] fatal: not a git repository (or any of the parent directories): .git
2025-05-27 17:47:28.205 [info] > git rev-parse --show-toplevel [2ms]
2025-05-27 17:47:28.205 [info] fatal: not a git repository (or any of the parent directories): .git
2025-05-27 17:47:28.208 [info] [Model][doInitialScan] Initial repository scan completed - repositories (0), closed repositories (0), parent repositories (0), unsafe repositories (0)
2025-05-27 17:47:28.222 [info] > git rev-parse --show-toplevel [3ms]
2025-05-27 17:47:28.222 [info] fatal: not a git repository (or any of the parent directories): .git
2025-05-27 17:47:53.050 [info] > git rev-parse --show-toplevel [5ms]
2025-05-27 17:47:53.050 [info] fatal: not a git repository (or any of the parent directories): .git
2025-05-27 17:48:13.776 [info] > git rev-parse --show-toplevel [3ms]
2025-05-27 17:48:13.776 [info] fatal: not a git repository (or any of the parent directories): .git
2025-05-27 17:49:36.442 [info] > git rev-parse --show-toplevel [13ms]
2025-05-27 17:49:36.442 [info] fatal: not a git repository (or any of the parent directories): .git
