2025-05-27 17:47:26.260 [info] Reading sessions from keychain...
2025-05-27 17:47:26.260 [info] Getting sessions for all scopes...
2025-05-27 17:47:26.260 [info] Getting sessions for all scopes...
2025-05-27 17:47:26.260 [info] Got stored sessions!
2025-05-27 17:47:26.260 [info] Got 1 verified sessions.
2025-05-27 17:47:26.260 [info] Got 1 sessions for ...
2025-05-27 17:47:26.260 [info] Got 1 sessions for ...
2025-05-27 17:47:26.260 [info] Getting sessions for all scopes...
2025-05-27 17:47:26.260 [info] Got 1 sessions for ...
2025-05-27 17:47:26.260 [info] Getting sessions for all scopes...
2025-05-27 17:47:26.260 [info] Got 1 sessions for ...
2025-05-27 17:47:26.260 [info] Getting sessions for all scopes...
2025-05-27 17:47:26.260 [info] Got 1 sessions for ...
2025-05-27 17:47:26.260 [info] Getting sessions for all scopes...
2025-05-27 17:47:26.260 [info] Got 1 sessions for ...
2025-05-27 17:47:26.260 [info] Getting sessions for all scopes...
2025-05-27 17:47:26.260 [info] Got 1 sessions for ...
2025-05-27 17:47:26.260 [info] Getting sessions for all scopes...
2025-05-27 17:47:26.260 [info] Got 1 sessions for ...
2025-05-27 17:47:26.260 [info] Getting sessions for all scopes...
2025-05-27 17:47:26.260 [info] Got 1 sessions for ...
2025-05-27 17:47:26.260 [info] Getting sessions for all scopes...
2025-05-27 17:47:26.260 [info] Got 1 sessions for ...
2025-05-27 17:47:26.260 [info] Getting sessions for all scopes...
2025-05-27 17:47:26.260 [info] Got 1 sessions for ...
2025-05-27 17:47:26.271 [info] Getting sessions for all scopes...
2025-05-27 17:47:26.271 [info] Got 1 sessions for ...
2025-05-27 17:47:26.272 [info] Getting sessions for all scopes...
2025-05-27 17:47:26.272 [info] Got 1 sessions for ...
2025-05-27 17:47:26.272 [info] Getting sessions for all scopes...
2025-05-27 17:47:26.272 [info] Got 1 sessions for ...
2025-05-27 17:47:26.272 [info] Getting sessions for all scopes...
2025-05-27 17:47:26.272 [info] Got 1 sessions for ...
2025-05-27 17:47:27.792 [info] Getting sessions for all scopes...
2025-05-27 17:47:27.792 [info] Got 1 sessions for ...
2025-05-27 17:47:27.803 [info] Getting sessions for all scopes...
2025-05-27 17:47:27.803 [info] Got 1 sessions for ...
2025-05-27 17:47:27.822 [info] Getting sessions for all scopes...
2025-05-27 17:47:27.822 [info] Got 1 sessions for ...
2025-05-27 17:47:28.191 [info] Getting sessions for all scopes...
2025-05-27 17:47:28.192 [info] Got 1 sessions for ...
2025-05-27 17:47:28.192 [info] Getting sessions for all scopes...
2025-05-27 17:47:28.192 [info] Got 1 sessions for ...
2025-05-27 17:47:30.330 [info] Getting sessions for all scopes...
2025-05-27 17:47:30.330 [info] Got 1 sessions for ...
2025-05-27 17:47:30.330 [info] Getting sessions for all scopes...
2025-05-27 17:47:30.331 [info] Got 1 sessions for ...
2025-05-27 17:47:30.352 [info] Getting sessions for all scopes...
2025-05-27 17:47:30.352 [info] Got 1 sessions for ...
2025-05-27 17:47:30.655 [info] Getting sessions for all scopes...
2025-05-27 17:47:30.655 [info] Got 1 sessions for ...
2025-05-27 17:47:30.655 [info] Getting sessions for read:user,repo,user:email,workflow...
2025-05-27 17:47:30.655 [info] Got 0 sessions for read:user,repo,user:email,workflow...
2025-05-27 17:47:30.724 [info] Getting sessions for read:user,repo,user:email,workflow...
2025-05-27 17:47:30.724 [info] Got 0 sessions for read:user,repo,user:email,workflow...
2025-05-27 17:47:30.785 [info] Getting sessions for read:user...
2025-05-27 17:47:30.785 [info] Got 0 sessions for read:user...
2025-05-27 17:47:31.687 [info] Getting sessions for user:email...
2025-05-27 17:47:31.687 [info] Got 1 sessions for user:email...
2025-05-27 17:47:31.687 [info] Getting sessions for read:user,repo,user:email,workflow...
2025-05-27 17:47:31.688 [info] Got 0 sessions for read:user,repo,user:email,workflow...
2025-05-27 17:47:31.767 [info] Getting sessions for user:email...
2025-05-27 17:47:31.767 [info] Got 1 sessions for user:email...
2025-05-27 17:47:31.775 [info] Getting sessions for all scopes...
2025-05-27 17:47:31.775 [info] Got 1 sessions for ...
2025-05-27 17:47:31.775 [info] Getting sessions for all scopes...
2025-05-27 17:47:31.775 [info] Got 1 sessions for ...
2025-05-27 17:47:31.842 [info] Getting sessions for read:user,repo,user:email,workflow...
2025-05-27 17:47:31.842 [info] Got 0 sessions for read:user,repo,user:email,workflow...
2025-05-27 17:47:32.097 [info] Getting sessions for user:email...
2025-05-27 17:47:32.097 [info] Got 1 sessions for user:email...
2025-05-27 17:47:32.990 [info] Getting sessions for all scopes...
2025-05-27 17:47:32.993 [info] Got 1 sessions for ...
2025-05-27 17:47:32.993 [info] Getting sessions for all scopes...
2025-05-27 17:47:32.994 [info] Got 1 sessions for ...
2025-05-27 17:47:33.050 [info] Getting sessions for read:user,repo,user:email,workflow...
2025-05-27 17:47:33.050 [info] Got 0 sessions for read:user,repo,user:email,workflow...
2025-05-27 17:47:33.066 [info] Getting sessions for user:email...
2025-05-27 17:47:33.066 [info] Got 1 sessions for user:email...
2025-05-27 17:47:33.069 [info] Getting sessions for read:user,repo,user:email,workflow...
2025-05-27 17:47:33.069 [info] Got 0 sessions for read:user,repo,user:email,workflow...
2025-05-27 17:47:33.077 [info] Getting sessions for all scopes...
2025-05-27 17:47:33.077 [info] Got 1 sessions for ...
2025-05-27 17:47:33.150 [info] Getting sessions for read:user,repo,user:email,workflow...
2025-05-27 17:47:33.150 [info] Got 0 sessions for read:user,repo,user:email,workflow...
2025-05-27 17:47:33.162 [info] Getting sessions for user:email...
2025-05-27 17:47:33.162 [info] Got 1 sessions for user:email...
2025-05-27 17:47:35.708 [info] Getting sessions for all scopes...
2025-05-27 17:47:35.708 [info] Got 1 sessions for ...
2025-05-27 17:47:35.720 [info] Getting sessions for all scopes...
2025-05-27 17:47:35.720 [info] Got 1 sessions for ...
2025-05-27 17:47:36.441 [info] Getting sessions for read:user,repo,user:email,workflow...
2025-05-27 17:47:36.441 [info] Got 0 sessions for read:user,repo,user:email,workflow...
2025-05-27 17:47:36.495 [info] Getting sessions for user:email...
2025-05-27 17:47:36.495 [info] Got 1 sessions for user:email...
2025-05-27 17:47:36.499 [info] Getting sessions for read:user,repo,user:email,workflow...
2025-05-27 17:47:36.499 [info] Got 0 sessions for read:user,repo,user:email,workflow...
2025-05-27 17:47:36.523 [info] Getting sessions for all scopes...
2025-05-27 17:47:36.523 [info] Got 1 sessions for ...
2025-05-27 17:47:36.533 [info] Getting sessions for all scopes...
2025-05-27 17:47:36.533 [info] Got 1 sessions for ...
2025-05-27 17:47:36.534 [info] Getting sessions for all scopes...
2025-05-27 17:47:36.534 [info] Got 1 sessions for ...
2025-05-27 17:47:36.540 [info] Getting sessions for read:user,repo,user:email,workflow...
2025-05-27 17:47:36.540 [info] Got 0 sessions for read:user,repo,user:email,workflow...
2025-05-27 17:47:36.542 [info] Getting sessions for user:email...
2025-05-27 17:47:36.542 [info] Got 1 sessions for user:email...
2025-05-27 17:47:37.592 [info] Getting sessions for all scopes...
2025-05-27 17:47:37.592 [info] Got 1 sessions for ...
2025-05-27 17:47:37.598 [info] Getting sessions for read:user,repo,user:email,workflow...
2025-05-27 17:47:37.598 [info] Got 0 sessions for read:user,repo,user:email,workflow...
2025-05-27 17:47:37.602 [info] Getting sessions for user:email...
2025-05-27 17:47:37.602 [info] Got 1 sessions for user:email...
