2025-05-30 23:02:41.337 [info] Reading sessions from keychain...
2025-05-30 23:02:41.337 [info] Getting sessions for all scopes...
2025-05-30 23:02:41.337 [info] Getting sessions for all scopes...
2025-05-30 23:02:41.337 [info] Getting sessions for all scopes...
2025-05-30 23:02:41.337 [info] Getting sessions for all scopes...
2025-05-30 23:02:41.337 [info] Getting sessions for all scopes...
2025-05-30 23:02:41.337 [info] Getting sessions for all scopes...
2025-05-30 23:02:41.337 [info] Getting sessions for all scopes...
2025-05-30 23:02:41.337 [info] Getting sessions for all scopes...
2025-05-30 23:02:41.337 [info] Got stored sessions!
2025-05-30 23:02:41.337 [info] Got 1 verified sessions.
2025-05-30 23:02:41.337 [info] Got 1 sessions for ...
2025-05-30 23:02:41.337 [info] Got 1 sessions for ...
2025-05-30 23:02:41.337 [info] Got 1 sessions for ...
2025-05-30 23:02:41.337 [info] Got 1 sessions for ...
2025-05-30 23:02:41.337 [info] Got 1 sessions for ...
2025-05-30 23:02:41.337 [info] Got 1 sessions for ...
2025-05-30 23:02:41.337 [info] Got 1 sessions for ...
2025-05-30 23:02:41.337 [info] Got 1 sessions for ...
2025-05-30 23:02:41.337 [info] Getting sessions for all scopes...
2025-05-30 23:02:41.337 [info] Got 1 sessions for ...
2025-05-30 23:02:42.062 [info] Getting sessions for all scopes...
2025-05-30 23:02:42.062 [info] Got 1 sessions for ...
2025-05-30 23:02:42.062 [info] Getting sessions for all scopes...
2025-05-30 23:02:42.062 [info] Got 1 sessions for ...
2025-05-30 23:02:42.062 [info] Getting sessions for all scopes...
2025-05-30 23:02:42.062 [info] Got 1 sessions for ...
2025-05-30 23:02:42.063 [info] Getting sessions for all scopes...
2025-05-30 23:02:42.063 [info] Got 1 sessions for ...
2025-05-30 23:02:42.063 [info] Getting sessions for all scopes...
2025-05-30 23:02:42.063 [info] Got 1 sessions for ...
2025-05-30 23:02:42.064 [info] Getting sessions for all scopes...
2025-05-30 23:02:42.064 [info] Got 1 sessions for ...
2025-05-30 23:02:42.854 [info] Getting sessions for all scopes...
2025-05-30 23:02:42.854 [info] Got 1 sessions for ...
2025-05-30 23:02:42.856 [info] Getting sessions for all scopes...
2025-05-30 23:02:42.856 [info] Got 1 sessions for ...
2025-05-30 23:02:42.861 [info] Getting sessions for all scopes...
2025-05-30 23:02:42.861 [info] Got 1 sessions for ...
2025-05-30 23:02:42.955 [info] Getting sessions for all scopes...
2025-05-30 23:02:42.955 [info] Got 1 sessions for ...
2025-05-30 23:02:42.995 [info] Getting sessions for all scopes...
2025-05-30 23:02:42.995 [info] Got 1 sessions for ...
2025-05-30 23:02:51.038 [info] Getting sessions for all scopes...
2025-05-30 23:02:51.038 [info] Got 1 sessions for ...
2025-05-30 23:02:51.039 [info] Getting sessions for all scopes...
2025-05-30 23:02:51.039 [info] Got 1 sessions for ...
2025-05-30 23:02:51.074 [info] Getting sessions for all scopes...
2025-05-30 23:02:51.074 [info] Got 1 sessions for ...
2025-05-30 23:02:51.441 [info] Getting sessions for all scopes...
2025-05-30 23:02:51.441 [info] Got 1 sessions for ...
2025-05-30 23:02:51.459 [info] Getting sessions for read:user,repo,user:email,workflow...
2025-05-30 23:02:51.459 [info] Got 0 sessions for read:user,repo,user:email,workflow...
2025-05-30 23:02:51.462 [info] Getting sessions for read:user,repo,user:email,workflow...
2025-05-30 23:02:51.462 [info] Got 0 sessions for read:user,repo,user:email,workflow...
2025-05-30 23:02:51.466 [info] Getting sessions for read:user...
2025-05-30 23:02:51.466 [info] Got 0 sessions for read:user...
2025-05-30 23:02:51.533 [info] Getting sessions for user:email...
2025-05-30 23:02:51.533 [info] Got 1 sessions for user:email...
2025-05-30 23:02:51.534 [info] Getting sessions for read:user,repo,user:email,workflow...
2025-05-30 23:02:51.534 [info] Got 0 sessions for read:user,repo,user:email,workflow...
2025-05-30 23:02:52.629 [info] Getting sessions for user:email...
2025-05-30 23:02:52.629 [info] Got 1 sessions for user:email...
2025-05-30 23:02:52.850 [info] Getting sessions for all scopes...
2025-05-30 23:02:52.850 [info] Got 1 sessions for ...
2025-05-30 23:02:52.850 [info] Getting sessions for all scopes...
2025-05-30 23:02:52.850 [info] Got 1 sessions for ...
2025-05-30 23:02:52.860 [info] Getting sessions for read:user,repo,user:email,workflow...
2025-05-30 23:02:52.860 [info] Got 0 sessions for read:user,repo,user:email,workflow...
2025-05-30 23:02:53.193 [info] Getting sessions for user:email...
2025-05-30 23:02:53.193 [info] Got 1 sessions for user:email...
2025-05-30 23:02:58.344 [info] Reading sessions from keychain...
2025-05-30 23:02:58.344 [info] Getting sessions for all scopes...
2025-05-30 23:02:58.344 [info] Getting sessions for all scopes...
2025-05-30 23:02:58.344 [info] Getting sessions for all scopes...
2025-05-30 23:02:58.344 [info] Got stored sessions!
2025-05-30 23:02:58.344 [info] Got 1 verified sessions.
2025-05-30 23:02:58.344 [info] Got 1 sessions for ...
2025-05-30 23:02:58.344 [info] Got 1 sessions for ...
2025-05-30 23:02:58.344 [info] Got 1 sessions for ...
2025-05-30 23:02:58.344 [info] Getting sessions for all scopes...
2025-05-30 23:02:58.344 [info] Got 1 sessions for ...
2025-05-30 23:03:02.237 [info] Getting sessions for all scopes...
2025-05-30 23:03:02.237 [info] Got 1 sessions for ...
2025-05-30 23:03:02.237 [info] Getting sessions for all scopes...
2025-05-30 23:03:02.237 [info] Got 1 sessions for ...
2025-05-30 23:03:02.636 [info] Getting sessions for read:user,repo,user:email,workflow...
2025-05-30 23:03:02.636 [info] Got 0 sessions for read:user,repo,user:email,workflow...
2025-05-30 23:03:04.240 [info] Getting sessions for read:user,repo,user:email,workflow...
2025-05-30 23:03:04.240 [info] Got 0 sessions for read:user,repo,user:email,workflow...
2025-05-30 23:03:04.290 [info] Getting sessions for read:user...
2025-05-30 23:03:04.290 [info] Got 0 sessions for read:user...
2025-05-30 23:03:04.568 [info] Getting sessions for user:email...
2025-05-30 23:03:04.568 [info] Got 1 sessions for user:email...
2025-05-30 23:03:04.572 [info] Getting sessions for read:user,repo,user:email,workflow...
2025-05-30 23:03:04.572 [info] Got 0 sessions for read:user,repo,user:email,workflow...
2025-05-30 23:03:04.584 [info] Getting sessions for user:email...
2025-05-30 23:03:04.584 [info] Got 1 sessions for user:email...
2025-05-30 23:03:04.763 [info] Getting sessions for all scopes...
2025-05-30 23:03:04.763 [info] Got 1 sessions for ...
2025-05-30 23:03:04.764 [info] Getting sessions for all scopes...
2025-05-30 23:03:04.764 [info] Got 1 sessions for ...
2025-05-30 23:03:04.778 [info] Getting sessions for read:user,repo,user:email,workflow...
2025-05-30 23:03:04.778 [info] Got 0 sessions for read:user,repo,user:email,workflow...
2025-05-30 23:03:04.784 [info] Getting sessions for user:email...
2025-05-30 23:03:04.784 [info] Got 1 sessions for user:email...
2025-05-30 23:03:08.952 [info] Reading sessions from keychain...
2025-05-30 23:03:08.952 [info] Getting sessions for all scopes...
2025-05-30 23:03:08.952 [info] Getting sessions for all scopes...
2025-05-30 23:03:08.952 [info] Getting sessions for all scopes...
2025-05-30 23:03:08.952 [info] Got stored sessions!
2025-05-30 23:03:08.952 [info] Got 1 verified sessions.
2025-05-30 23:03:08.952 [info] Got 1 sessions for ...
2025-05-30 23:03:08.952 [info] Got 1 sessions for ...
2025-05-30 23:03:08.952 [info] Got 1 sessions for ...
2025-05-30 23:03:08.952 [info] Getting sessions for all scopes...
2025-05-30 23:03:08.952 [info] Got 1 sessions for ...
2025-05-30 23:03:12.987 [info] Getting sessions for all scopes...
2025-05-30 23:03:12.987 [info] Got 1 sessions for ...
2025-05-30 23:03:12.987 [info] Getting sessions for all scopes...
2025-05-30 23:03:12.987 [info] Got 1 sessions for ...
2025-05-30 23:03:13.373 [info] Getting sessions for read:user,repo,user:email,workflow...
2025-05-30 23:03:13.373 [info] Got 0 sessions for read:user,repo,user:email,workflow...
2025-05-30 23:03:13.412 [info] Getting sessions for read:user,repo,user:email,workflow...
2025-05-30 23:03:13.412 [info] Got 0 sessions for read:user,repo,user:email,workflow...
2025-05-30 23:03:13.456 [info] Getting sessions for read:user...
2025-05-30 23:03:13.456 [info] Got 0 sessions for read:user...
2025-05-30 23:03:14.487 [info] Getting sessions for user:email...
2025-05-30 23:03:14.488 [info] Got 1 sessions for user:email...
2025-05-30 23:03:14.488 [info] Getting sessions for read:user,repo,user:email,workflow...
2025-05-30 23:03:14.488 [info] Got 0 sessions for read:user,repo,user:email,workflow...
2025-05-30 23:03:14.596 [info] Getting sessions for user:email...
2025-05-30 23:03:14.597 [info] Got 1 sessions for user:email...
2025-05-30 23:03:14.632 [info] Getting sessions for all scopes...
2025-05-30 23:03:14.632 [info] Got 1 sessions for ...
2025-05-30 23:03:14.632 [info] Getting sessions for all scopes...
2025-05-30 23:03:14.632 [info] Got 1 sessions for ...
2025-05-30 23:03:14.752 [info] Getting sessions for read:user,repo,user:email,workflow...
2025-05-30 23:03:14.752 [info] Got 0 sessions for read:user,repo,user:email,workflow...
2025-05-30 23:03:15.208 [info] Getting sessions for user:email...
2025-05-30 23:03:15.208 [info] Got 1 sessions for user:email...
2025-05-30 23:03:15.979 [info] Getting sessions for all scopes...
2025-05-30 23:03:15.979 [info] Got 1 sessions for ...
2025-05-30 23:03:15.980 [info] Getting sessions for all scopes...
2025-05-30 23:03:15.980 [info] Got 1 sessions for ...
2025-05-30 23:03:16.004 [info] Getting sessions for read:user,repo,user:email,workflow...
2025-05-30 23:03:16.004 [info] Got 0 sessions for read:user,repo,user:email,workflow...
2025-05-30 23:03:16.020 [info] Getting sessions for user:email...
2025-05-30 23:03:16.020 [info] Got 1 sessions for user:email...
2025-05-30 23:03:16.021 [info] Getting sessions for read:user,repo,user:email,workflow...
2025-05-30 23:03:16.021 [info] Got 0 sessions for read:user,repo,user:email,workflow...
2025-05-30 23:03:16.028 [info] Getting sessions for all scopes...
2025-05-30 23:03:16.028 [info] Got 1 sessions for ...
2025-05-30 23:03:16.030 [info] Getting sessions for read:user,repo,user:email,workflow...
2025-05-30 23:03:16.030 [info] Got 0 sessions for read:user,repo,user:email,workflow...
2025-05-30 23:03:16.032 [info] Getting sessions for user:email...
2025-05-30 23:03:16.032 [info] Got 1 sessions for user:email...
2025-05-30 23:03:16.279 [info] Getting sessions for all scopes...
2025-05-30 23:03:16.279 [info] Got 1 sessions for ...
2025-05-30 23:03:16.282 [info] Getting sessions for all scopes...
2025-05-30 23:03:16.282 [info] Got 1 sessions for ...
2025-05-30 23:03:16.290 [info] Getting sessions for read:user,repo,user:email,workflow...
2025-05-30 23:03:16.290 [info] Got 0 sessions for read:user,repo,user:email,workflow...
2025-05-30 23:03:16.299 [info] Getting sessions for user:email...
2025-05-30 23:03:16.299 [info] Got 1 sessions for user:email...
2025-05-30 23:03:16.300 [info] Getting sessions for read:user,repo,user:email,workflow...
2025-05-30 23:03:16.300 [info] Got 0 sessions for read:user,repo,user:email,workflow...
2025-05-30 23:03:16.337 [info] Getting sessions for all scopes...
2025-05-30 23:03:16.337 [info] Got 1 sessions for ...
2025-05-30 23:03:16.355 [info] Getting sessions for all scopes...
2025-05-30 23:03:16.355 [info] Got 1 sessions for ...
2025-05-30 23:03:16.359 [info] Getting sessions for all scopes...
2025-05-30 23:03:16.359 [info] Got 1 sessions for ...
2025-05-30 23:03:16.373 [info] Getting sessions for read:user,repo,user:email,workflow...
2025-05-30 23:03:16.373 [info] Got 0 sessions for read:user,repo,user:email,workflow...
2025-05-30 23:03:16.381 [info] Getting sessions for user:email...
2025-05-30 23:03:16.381 [info] Got 1 sessions for user:email...
2025-05-30 23:03:18.422 [info] Getting sessions for all scopes...
2025-05-30 23:03:18.422 [info] Got 1 sessions for ...
2025-05-30 23:03:18.431 [info] Getting sessions for read:user,repo,user:email,workflow...
2025-05-30 23:03:18.431 [info] Got 0 sessions for read:user,repo,user:email,workflow...
2025-05-30 23:03:18.438 [info] Getting sessions for user:email...
2025-05-30 23:03:18.438 [info] Got 1 sessions for user:email...
