2025-05-27 18:10:22.269 [info] Reading sessions from keychain...
2025-05-27 18:10:22.269 [info] Getting sessions for all scopes...
2025-05-27 18:10:22.269 [info] Getting sessions for all scopes...
2025-05-27 18:10:22.423 [info] Got stored sessions!
2025-05-27 18:10:22.423 [info] Got 1 verified sessions.
2025-05-27 18:10:22.423 [info] Got 1 sessions for ...
2025-05-27 18:10:22.423 [info] Got 1 sessions for ...
2025-05-27 18:10:22.725 [info] Getting sessions for all scopes...
2025-05-27 18:10:22.725 [info] Got 1 sessions for ...
2025-05-27 18:10:22.829 [info] Getting sessions for all scopes...
2025-05-27 18:10:22.829 [info] Got 1 sessions for ...
2025-05-27 18:10:22.830 [info] Getting sessions for all scopes...
2025-05-27 18:10:22.830 [info] Got 1 sessions for ...
2025-05-27 18:10:22.831 [info] Getting sessions for all scopes...
2025-05-27 18:10:22.831 [info] Got 1 sessions for ...
2025-05-27 18:10:22.831 [info] Getting sessions for all scopes...
2025-05-27 18:10:22.831 [info] Got 1 sessions for ...
2025-05-27 18:10:22.832 [info] Getting sessions for all scopes...
2025-05-27 18:10:22.832 [info] Got 1 sessions for ...
2025-05-27 18:10:23.152 [info] Getting sessions for all scopes...
2025-05-27 18:10:23.152 [info] Got 1 sessions for ...
2025-05-27 18:10:23.153 [info] Getting sessions for all scopes...
2025-05-27 18:10:23.153 [info] Got 1 sessions for ...
2025-05-27 18:10:23.154 [info] Getting sessions for all scopes...
2025-05-27 18:10:23.154 [info] Got 1 sessions for ...
2025-05-27 18:10:23.154 [info] Getting sessions for all scopes...
2025-05-27 18:10:23.155 [info] Got 1 sessions for ...
2025-05-27 18:10:23.156 [info] Getting sessions for all scopes...
2025-05-27 18:10:23.156 [info] Got 1 sessions for ...
2025-05-27 18:10:23.243 [info] Getting sessions for all scopes...
2025-05-27 18:10:23.243 [info] Got 1 sessions for ...
2025-05-27 18:10:24.370 [info] Getting sessions for all scopes...
2025-05-27 18:10:24.370 [info] Got 1 sessions for ...
2025-05-27 18:10:25.730 [info] Getting sessions for all scopes...
2025-05-27 18:10:25.730 [info] Got 1 sessions for ...
2025-05-27 18:10:25.752 [info] Getting sessions for all scopes...
2025-05-27 18:10:25.752 [info] Got 1 sessions for ...
2025-05-27 18:10:26.042 [info] Getting sessions for all scopes...
2025-05-27 18:10:26.042 [info] Got 1 sessions for ...
2025-05-27 18:10:27.360 [info] Getting sessions for all scopes...
2025-05-27 18:10:27.360 [info] Got 1 sessions for ...
2025-05-27 18:10:27.361 [info] Getting sessions for all scopes...
2025-05-27 18:10:27.361 [info] Got 1 sessions for ...
2025-05-27 18:10:27.566 [info] Getting sessions for all scopes...
2025-05-27 18:10:27.566 [info] Got 1 sessions for ...
2025-05-27 18:10:27.566 [info] Getting sessions for all scopes...
2025-05-27 18:10:27.566 [info] Got 1 sessions for ...
2025-05-27 18:10:27.586 [info] Getting sessions for all scopes...
2025-05-27 18:10:27.586 [info] Got 1 sessions for ...
2025-05-27 18:10:27.852 [info] Getting sessions for all scopes...
2025-05-27 18:10:27.852 [info] Got 1 sessions for ...
2025-05-27 18:10:27.872 [info] Getting sessions for read:user,repo,user:email,workflow...
2025-05-27 18:10:27.873 [info] Got 0 sessions for read:user,repo,user:email,workflow...
2025-05-27 18:10:27.905 [info] Getting sessions for read:user,repo,user:email,workflow...
2025-05-27 18:10:27.906 [info] Got 0 sessions for read:user,repo,user:email,workflow...
2025-05-27 18:10:27.953 [info] Getting sessions for read:user...
2025-05-27 18:10:27.953 [info] Got 0 sessions for read:user...
2025-05-27 18:10:28.744 [info] Getting sessions for user:email...
2025-05-27 18:10:28.744 [info] Got 1 sessions for user:email...
2025-05-27 18:10:28.744 [info] Getting sessions for read:user,repo,user:email,workflow...
2025-05-27 18:10:28.744 [info] Got 0 sessions for read:user,repo,user:email,workflow...
2025-05-27 18:10:28.789 [info] Getting sessions for user:email...
2025-05-27 18:10:28.789 [info] Got 1 sessions for user:email...
2025-05-27 18:10:28.990 [info] Getting sessions for all scopes...
2025-05-27 18:10:28.990 [info] Got 1 sessions for ...
2025-05-27 18:10:29.005 [info] Getting sessions for read:user,repo,user:email,workflow...
2025-05-27 18:10:29.005 [info] Got 0 sessions for read:user,repo,user:email,workflow...
2025-05-27 18:10:29.209 [info] Getting sessions for user:email...
2025-05-27 18:10:29.209 [info] Got 1 sessions for user:email...
2025-05-27 18:10:29.278 [info] Getting sessions for all scopes...
2025-05-27 18:10:29.278 [info] Got 1 sessions for ...
2025-05-27 18:10:29.286 [info] Getting sessions for read:user,repo,user:email,workflow...
2025-05-27 18:10:29.286 [info] Got 0 sessions for read:user,repo,user:email,workflow...
2025-05-27 18:10:29.297 [info] Getting sessions for user:email...
2025-05-27 18:10:29.297 [info] Got 1 sessions for user:email...
2025-05-27 18:10:30.245 [info] Getting sessions for all scopes...
2025-05-27 18:10:30.245 [info] Got 1 sessions for ...
2025-05-27 18:10:30.246 [info] Getting sessions for all scopes...
2025-05-27 18:10:30.246 [info] Got 1 sessions for ...
2025-05-27 18:10:30.317 [info] Getting sessions for read:user,repo,user:email,workflow...
2025-05-27 18:10:30.317 [info] Got 0 sessions for read:user,repo,user:email,workflow...
2025-05-27 18:10:30.322 [info] Getting sessions for user:email...
2025-05-27 18:10:30.322 [info] Got 1 sessions for user:email...
2025-05-27 18:10:30.327 [info] Getting sessions for read:user,repo,user:email,workflow...
2025-05-27 18:10:30.327 [info] Got 0 sessions for read:user,repo,user:email,workflow...
2025-05-27 18:10:30.337 [info] Getting sessions for all scopes...
2025-05-27 18:10:30.337 [info] Got 1 sessions for ...
2025-05-27 18:10:30.353 [info] Getting sessions for read:user,repo,user:email,workflow...
2025-05-27 18:10:30.353 [info] Got 0 sessions for read:user,repo,user:email,workflow...
2025-05-27 18:10:30.358 [info] Getting sessions for user:email...
2025-05-27 18:10:30.358 [info] Got 1 sessions for user:email...
2025-05-27 18:10:30.526 [info] Getting sessions for all scopes...
2025-05-27 18:10:30.526 [info] Got 1 sessions for ...
2025-05-27 18:10:30.530 [info] Getting sessions for all scopes...
2025-05-27 18:10:30.530 [info] Got 1 sessions for ...
2025-05-27 18:10:30.537 [info] Getting sessions for read:user,repo,user:email,workflow...
2025-05-27 18:10:30.537 [info] Got 0 sessions for read:user,repo,user:email,workflow...
2025-05-27 18:10:30.543 [info] Getting sessions for user:email...
2025-05-27 18:10:30.543 [info] Got 1 sessions for user:email...
2025-05-27 18:10:30.544 [info] Getting sessions for read:user,repo,user:email,workflow...
2025-05-27 18:10:30.544 [info] Got 0 sessions for read:user,repo,user:email,workflow...
2025-05-27 18:10:30.562 [info] Getting sessions for all scopes...
2025-05-27 18:10:30.562 [info] Got 1 sessions for ...
2025-05-27 18:10:30.571 [info] Getting sessions for all scopes...
2025-05-27 18:10:30.571 [info] Got 1 sessions for ...
2025-05-27 18:10:30.572 [info] Getting sessions for all scopes...
2025-05-27 18:10:30.572 [info] Got 1 sessions for ...
2025-05-27 18:10:30.588 [info] Getting sessions for read:user,repo,user:email,workflow...
2025-05-27 18:10:30.588 [info] Got 0 sessions for read:user,repo,user:email,workflow...
2025-05-27 18:10:30.591 [info] Getting sessions for user:email...
2025-05-27 18:10:30.591 [info] Got 1 sessions for user:email...
2025-05-27 18:10:32.736 [info] Getting sessions for all scopes...
2025-05-27 18:10:32.736 [info] Got 1 sessions for ...
2025-05-27 18:10:32.867 [info] Getting sessions for read:user,repo,user:email,workflow...
2025-05-27 18:10:32.867 [info] Got 0 sessions for read:user,repo,user:email,workflow...
2025-05-27 18:10:32.885 [info] Getting sessions for user:email...
2025-05-27 18:10:32.885 [info] Got 1 sessions for user:email...
