05/30/2025 23:03:25 Colombia Standard Time : Information : Local timezone is (UTC-05:00) Colombia Standard Time (Bogota)
05/30/2025 23:03:25 Colombia Standard Time : Information : Added local RPC method "getPipe" -> Microsoft.VisualStudio.Utilities.ServiceBroker.GlobalBrokeredServiceContainer+View.GetPipeAsync(ServiceMoniker, ServiceActivationOptions, CancellationToken) (Microsoft.VisualStudio.Utilities.ServiceBroker.GlobalBrokeredServiceContainer+View)
05/30/2025 23:03:25 Colombia Standard Time : Information : Added local RPC method "getProxy" -> Microsoft.VisualStudio.Utilities.ServiceBroker.GlobalBrokeredServiceContainer+View.GetProxyAsync(ServiceRpcDescriptor, ServiceActivationOptions, CancellationToken) (Microsoft.VisualStudio.Utilities.ServiceBroker.GlobalBrokeredServiceContainer+View)
05/30/2025 23:03:25 Colombia Standard Time : Information : Added local RPC method "handshake" -> Microsoft.VisualStudio.Utilities.ServiceBroker.GlobalBrokeredServiceContainer+View.HandshakeAsync(ServiceBrokerClientMetadata, CancellationToken) (Microsoft.VisualStudio.Utilities.ServiceBroker.GlobalBrokeredServiceContainer+View)
05/30/2025 23:03:25 Colombia Standard Time : Information : Added local RPC method "requestServiceChannel" -> Microsoft.VisualStudio.Utilities.ServiceBroker.GlobalBrokeredServiceContainer+View.RequestServiceChannelAsync(ServiceMoniker, ServiceActivationOptions, CancellationToken) (Microsoft.VisualStudio.Utilities.ServiceBroker.GlobalBrokeredServiceContainer+View)
05/30/2025 23:03:25 Colombia Standard Time : Information : Added local RPC method "cancelServiceRequest" -> Microsoft.VisualStudio.Utilities.ServiceBroker.GlobalBrokeredServiceContainer+View.CancelServiceRequestAsync(Guid) (Microsoft.VisualStudio.Utilities.ServiceBroker.GlobalBrokeredServiceContainer+View)
05/30/2025 23:03:25 Colombia Standard Time : Information : Added local RPC method "getPipe" -> Microsoft.VisualStudio.Utilities.ServiceBroker.GlobalBrokeredServiceContainer+View.GetPipeAsync(ServiceMoniker, ServiceActivationOptions, CancellationToken) (Microsoft.VisualStudio.Utilities.ServiceBroker.GlobalBrokeredServiceContainer+View)
05/30/2025 23:03:25 Colombia Standard Time : Information : Added local RPC method "getProxy" -> Microsoft.VisualStudio.Utilities.ServiceBroker.GlobalBrokeredServiceContainer+View.GetProxyAsync(ServiceRpcDescriptor, ServiceActivationOptions, CancellationToken) (Microsoft.VisualStudio.Utilities.ServiceBroker.GlobalBrokeredServiceContainer+View)
05/30/2025 23:03:25 Colombia Standard Time : Information : Added local RPC method "handshake" -> Microsoft.VisualStudio.Utilities.ServiceBroker.GlobalBrokeredServiceContainer+View.HandshakeAsync(ServiceBrokerClientMetadata, CancellationToken) (Microsoft.VisualStudio.Utilities.ServiceBroker.GlobalBrokeredServiceContainer+View)
05/30/2025 23:03:25 Colombia Standard Time : Information : Added local RPC method "requestServiceChannel" -> Microsoft.VisualStudio.Utilities.ServiceBroker.GlobalBrokeredServiceContainer+View.RequestServiceChannelAsync(ServiceMoniker, ServiceActivationOptions, CancellationToken) (Microsoft.VisualStudio.Utilities.ServiceBroker.GlobalBrokeredServiceContainer+View)
05/30/2025 23:03:25 Colombia Standard Time : Information : Added local RPC method "cancelServiceRequest" -> Microsoft.VisualStudio.Utilities.ServiceBroker.GlobalBrokeredServiceContainer+View.CancelServiceRequestAsync(Guid) (Microsoft.VisualStudio.Utilities.ServiceBroker.GlobalBrokeredServiceContainer+View)
05/30/2025 23:03:25 Colombia Standard Time: Information : 2 :Listening for events from Microsoft.VisualStudio.Utilities.ServiceBroker.GlobalBrokeredServiceContainer+View.AvailabilityChanged to raise notification.
05/30/2025 23:03:25 Colombia Standard Time: Information : 3 :Listening started.
05/30/2025 23:03:25 Colombia Standard Time: Information : 7 :{"id":2,"method":"handshake"}
05/30/2025 23:03:25 Colombia Standard Time: Information : 6 :Received request "2" for method "handshake".
05/30/2025 23:03:25 Colombia Standard Time: Information : 9 :Invoking Microsoft.VisualStudio.Utilities.ServiceBroker.GlobalBrokeredServiceContainer+View.HandshakeAsync(ServiceBrokerClientMetadata, CancellationToken)
05/30/2025 23:03:25 Colombia Standard Time : Start : handshake
05/30/2025 23:03:25 Colombia Standard Time : Stop : handshake
05/30/2025 23:03:25 Colombia Standard Time: Information : 8 :{"id":2}
05/30/2025 23:03:25 Colombia Standard Time: Information : 7 :{"id":3,"method":"requestServiceChannel"}
05/30/2025 23:03:25 Colombia Standard Time: Information : 6 :Received request "3" for method "requestServiceChannel".
05/30/2025 23:03:25 Colombia Standard Time: Information : 9 :Invoking Microsoft.VisualStudio.Utilities.ServiceBroker.GlobalBrokeredServiceContainer+View.RequestServiceChannelAsync(ServiceMoniker, ServiceActivationOptions, CancellationToken)
05/30/2025 23:03:25 Colombia Standard Time : Start : requestServiceChannel
05/30/2025 23:03:25 Colombia Standard Time : Stop : requestServiceChannel
05/30/2025 23:03:25 Colombia Standard Time: Information : 8 :{"id":3}
05/30/2025 23:03:25 Colombia Standard Time: Information : 7 :{"id":4,"method":"requestServiceChannel"}
05/30/2025 23:03:25 Colombia Standard Time: Information : 6 :Received request "4" for method "requestServiceChannel".
05/30/2025 23:03:25 Colombia Standard Time: Information : 9 :Invoking Microsoft.VisualStudio.Utilities.ServiceBroker.GlobalBrokeredServiceContainer+View.RequestServiceChannelAsync(ServiceMoniker, ServiceActivationOptions, CancellationToken)
05/30/2025 23:03:25 Colombia Standard Time : Start : requestServiceChannel
05/30/2025 23:03:25 Colombia Standard Time: Information : 7 :{"id":5,"method":"requestServiceChannel"}
05/30/2025 23:03:25 Colombia Standard Time: Information : 6 :Received request "5" for method "requestServiceChannel".
05/30/2025 23:03:25 Colombia Standard Time : Stop : requestServiceChannel
05/30/2025 23:03:25 Colombia Standard Time: Information : 8 :{"id":4}
05/30/2025 23:03:25 Colombia Standard Time: Information : 9 :Invoking Microsoft.VisualStudio.Utilities.ServiceBroker.GlobalBrokeredServiceContainer+View.RequestServiceChannelAsync(ServiceMoniker, ServiceActivationOptions, CancellationToken)
05/30/2025 23:03:25 Colombia Standard Time : Start : requestServiceChannel
05/30/2025 23:03:25 Colombia Standard Time : Stop : requestServiceChannel
05/30/2025 23:03:25 Colombia Standard Time: Information : 8 :{"id":5}
05/30/2025 23:03:28 Colombia Standard Time: Information : 7 :{"id":6,"method":"requestServiceChannel"}
05/30/2025 23:03:28 Colombia Standard Time: Information : 6 :Received request "6" for method "requestServiceChannel".
05/30/2025 23:03:28 Colombia Standard Time: Information : 9 :Invoking Microsoft.VisualStudio.Utilities.ServiceBroker.GlobalBrokeredServiceContainer+View.RequestServiceChannelAsync(ServiceMoniker, ServiceActivationOptions, CancellationToken)
05/30/2025 23:03:28 Colombia Standard Time : Start : requestServiceChannel
05/30/2025 23:03:28 Colombia Standard Time : Stop : requestServiceChannel
05/30/2025 23:03:28 Colombia Standard Time: Information : 8 :{"id":6}
05/30/2025 23:03:28 Colombia Standard Time: Information : 7 :{"id":7,"method":"requestServiceChannel"}
05/30/2025 23:03:28 Colombia Standard Time: Information : 6 :Received request "7" for method "requestServiceChannel".
05/30/2025 23:03:28 Colombia Standard Time: Information : 9 :Invoking Microsoft.VisualStudio.Utilities.ServiceBroker.GlobalBrokeredServiceContainer+View.RequestServiceChannelAsync(ServiceMoniker, ServiceActivationOptions, CancellationToken)
05/30/2025 23:03:28 Colombia Standard Time : Start : requestServiceChannel
05/30/2025 23:03:28 Colombia Standard Time : Stop : requestServiceChannel
05/30/2025 23:03:28 Colombia Standard Time: Information : 8 :{"id":7}
05/30/2025 23:03:28 Colombia Standard Time: Information : 7 :{"id":8,"method":"requestServiceChannel"}
05/30/2025 23:03:28 Colombia Standard Time: Information : 6 :Received request "8" for method "requestServiceChannel".
05/30/2025 23:03:28 Colombia Standard Time: Information : 9 :Invoking Microsoft.VisualStudio.Utilities.ServiceBroker.GlobalBrokeredServiceContainer+View.RequestServiceChannelAsync(ServiceMoniker, ServiceActivationOptions, CancellationToken)
05/30/2025 23:03:28 Colombia Standard Time : Transfer : Transfer, relatedActivityId=b88b9d90-95d3-41aa-8203-4f204daac6b0
05/30/2025 23:03:28 Colombia Standard Time : Start : requestServiceChannel
05/30/2025 23:03:28 Colombia Standard Time : Stop : requestServiceChannel
05/30/2025 23:03:28 Colombia Standard Time : Transfer : Transfer, relatedActivityId=aba19172-2fd5-4fa5-9ef3-5c59c62b57c4
05/30/2025 23:03:28 Colombia Standard Time: Information : 8 :{"id":8}
05/30/2025 23:03:32 Colombia Standard Time: Information : 7 :{"id":9,"method":"requestServiceChannel"}
05/30/2025 23:03:32 Colombia Standard Time: Information : 6 :Received request "9" for method "requestServiceChannel".
05/30/2025 23:03:32 Colombia Standard Time: Information : 9 :Invoking Microsoft.VisualStudio.Utilities.ServiceBroker.GlobalBrokeredServiceContainer+View.RequestServiceChannelAsync(ServiceMoniker, ServiceActivationOptions, CancellationToken)
05/30/2025 23:03:32 Colombia Standard Time : Start : requestServiceChannel
05/30/2025 23:03:32 Colombia Standard Time : Stop : requestServiceChannel
05/30/2025 23:03:32 Colombia Standard Time: Information : 8 :{"id":9}
05/30/2025 23:03:32 Colombia Standard Time: Information : 7 :{"id":10,"method":"requestServiceChannel"}
05/30/2025 23:03:32 Colombia Standard Time: Information : 6 :Received request "10" for method "requestServiceChannel".
05/30/2025 23:03:32 Colombia Standard Time: Information : 9 :Invoking Microsoft.VisualStudio.Utilities.ServiceBroker.GlobalBrokeredServiceContainer+View.RequestServiceChannelAsync(ServiceMoniker, ServiceActivationOptions, CancellationToken)
05/30/2025 23:03:32 Colombia Standard Time : Start : requestServiceChannel
05/30/2025 23:03:32 Colombia Standard Time: Information : 7 :{"id":11,"method":"requestServiceChannel"}
05/30/2025 23:03:32 Colombia Standard Time: Information : 6 :Received request "11" for method "requestServiceChannel".
05/30/2025 23:03:32 Colombia Standard Time: Information : 9 :Invoking Microsoft.VisualStudio.Utilities.ServiceBroker.GlobalBrokeredServiceContainer+View.RequestServiceChannelAsync(ServiceMoniker, ServiceActivationOptions, CancellationToken)
05/30/2025 23:03:32 Colombia Standard Time : Start : requestServiceChannel
05/30/2025 23:03:32 Colombia Standard Time : Stop : requestServiceChannel
05/30/2025 23:03:32 Colombia Standard Time: Information : 8 :{"id":11}
05/30/2025 23:03:32 Colombia Standard Time : Stop : requestServiceChannel
05/30/2025 23:03:32 Colombia Standard Time: Information : 8 :{"id":10}
05/30/2025 23:03:39 Colombia Standard Time: Information : 7 :{"id":12,"method":"requestServiceChannel"}
05/30/2025 23:03:39 Colombia Standard Time: Information : 6 :Received request "12" for method "requestServiceChannel".
05/30/2025 23:03:39 Colombia Standard Time: Information : 9 :Invoking Microsoft.VisualStudio.Utilities.ServiceBroker.GlobalBrokeredServiceContainer+View.RequestServiceChannelAsync(ServiceMoniker, ServiceActivationOptions, CancellationToken)
05/30/2025 23:03:39 Colombia Standard Time : Start : requestServiceChannel
05/30/2025 23:03:39 Colombia Standard Time : Stop : requestServiceChannel
05/30/2025 23:03:39 Colombia Standard Time: Information : 8 :{"id":12}
05/30/2025 23:03:40 Colombia Standard Time: Information : 7 :{"id":13,"method":"requestServiceChannel"}
05/30/2025 23:03:40 Colombia Standard Time: Information : 6 :Received request "13" for method "requestServiceChannel".
05/30/2025 23:03:40 Colombia Standard Time: Information : 9 :Invoking Microsoft.VisualStudio.Utilities.ServiceBroker.GlobalBrokeredServiceContainer+View.RequestServiceChannelAsync(ServiceMoniker, ServiceActivationOptions, CancellationToken)
05/30/2025 23:03:40 Colombia Standard Time : Start : requestServiceChannel
05/30/2025 23:03:40 Colombia Standard Time : Stop : requestServiceChannel
05/30/2025 23:03:40 Colombia Standard Time: Information : 8 :{"id":13}
