2025-05-27 18:07:35.728 [info] Reading sessions from keychain...
2025-05-27 18:07:35.728 [info] Getting sessions for all scopes...
2025-05-27 18:07:35.728 [info] Getting sessions for all scopes...
2025-05-27 18:07:35.728 [info] Got stored sessions!
2025-05-27 18:07:35.728 [info] Got 1 verified sessions.
2025-05-27 18:07:35.728 [info] Got 1 sessions for ...
2025-05-27 18:07:35.728 [info] Got 1 sessions for ...
2025-05-27 18:07:35.728 [info] Getting sessions for all scopes...
2025-05-27 18:07:35.728 [info] Got 1 sessions for ...
2025-05-27 18:07:35.784 [info] Getting sessions for all scopes...
2025-05-27 18:07:35.784 [info] Got 1 sessions for ...
2025-05-27 18:07:35.785 [info] Getting sessions for all scopes...
2025-05-27 18:07:35.785 [info] Got 1 sessions for ...
2025-05-27 18:07:35.785 [info] Getting sessions for all scopes...
2025-05-27 18:07:35.785 [info] Got 1 sessions for ...
2025-05-27 18:07:35.786 [info] Getting sessions for all scopes...
2025-05-27 18:07:35.786 [info] Got 1 sessions for ...
2025-05-27 18:07:35.786 [info] Getting sessions for all scopes...
2025-05-27 18:07:35.786 [info] Got 1 sessions for ...
2025-05-27 18:07:35.876 [info] Getting sessions for all scopes...
2025-05-27 18:07:35.876 [info] Got 1 sessions for ...
2025-05-27 18:07:35.876 [info] Getting sessions for all scopes...
2025-05-27 18:07:35.876 [info] Got 1 sessions for ...
2025-05-27 18:07:35.877 [info] Getting sessions for all scopes...
2025-05-27 18:07:35.877 [info] Got 1 sessions for ...
2025-05-27 18:07:35.877 [info] Getting sessions for all scopes...
2025-05-27 18:07:35.877 [info] Got 1 sessions for ...
2025-05-27 18:07:35.878 [info] Getting sessions for all scopes...
2025-05-27 18:07:35.878 [info] Got 1 sessions for ...
2025-05-27 18:07:37.709 [info] Getting sessions for all scopes...
2025-05-27 18:07:37.709 [info] Got 1 sessions for ...
2025-05-27 18:07:37.862 [info] Getting sessions for all scopes...
2025-05-27 18:07:37.862 [info] Got 1 sessions for ...
2025-05-27 18:07:40.411 [info] Getting sessions for all scopes...
2025-05-27 18:07:40.411 [info] Got 1 sessions for ...
2025-05-27 18:07:40.415 [info] Getting sessions for all scopes...
2025-05-27 18:07:40.415 [info] Got 1 sessions for ...
2025-05-27 18:07:40.559 [info] Getting sessions for all scopes...
2025-05-27 18:07:40.559 [info] Got 1 sessions for ...
2025-05-27 18:07:40.604 [info] Getting sessions for all scopes...
2025-05-27 18:07:40.604 [info] Got 1 sessions for ...
2025-05-27 18:07:40.608 [info] Getting sessions for all scopes...
2025-05-27 18:07:40.608 [info] Got 1 sessions for ...
2025-05-27 18:07:40.909 [info] Getting sessions for all scopes...
2025-05-27 18:07:40.910 [info] Got 1 sessions for ...
2025-05-27 18:07:40.910 [info] Getting sessions for all scopes...
2025-05-27 18:07:40.910 [info] Got 1 sessions for ...
2025-05-27 18:07:40.918 [info] Getting sessions for all scopes...
2025-05-27 18:07:40.918 [info] Got 1 sessions for ...
2025-05-27 18:07:41.205 [info] Getting sessions for all scopes...
2025-05-27 18:07:41.205 [info] Got 1 sessions for ...
2025-05-27 18:07:41.217 [info] Getting sessions for read:user,repo,user:email,workflow...
2025-05-27 18:07:41.218 [info] Got 0 sessions for read:user,repo,user:email,workflow...
2025-05-27 18:07:41.262 [info] Getting sessions for read:user,repo,user:email,workflow...
2025-05-27 18:07:41.262 [info] Got 0 sessions for read:user,repo,user:email,workflow...
2025-05-27 18:07:41.313 [info] Getting sessions for read:user...
2025-05-27 18:07:41.313 [info] Got 0 sessions for read:user...
2025-05-27 18:07:42.075 [info] Getting sessions for user:email...
2025-05-27 18:07:42.075 [info] Got 1 sessions for user:email...
2025-05-27 18:07:42.075 [info] Getting sessions for read:user,repo,user:email,workflow...
2025-05-27 18:07:42.075 [info] Got 0 sessions for read:user,repo,user:email,workflow...
2025-05-27 18:07:42.112 [info] Getting sessions for user:email...
2025-05-27 18:07:42.112 [info] Got 1 sessions for user:email...
2025-05-27 18:07:42.181 [info] Getting sessions for all scopes...
2025-05-27 18:07:42.181 [info] Got 1 sessions for ...
2025-05-27 18:07:42.182 [info] Getting sessions for all scopes...
2025-05-27 18:07:42.182 [info] Got 1 sessions for ...
2025-05-27 18:07:42.261 [info] Getting sessions for read:user,repo,user:email,workflow...
2025-05-27 18:07:42.261 [info] Got 0 sessions for read:user,repo,user:email,workflow...
2025-05-27 18:07:42.522 [info] Getting sessions for user:email...
2025-05-27 18:07:42.522 [info] Got 1 sessions for user:email...
2025-05-27 18:07:43.588 [info] Getting sessions for all scopes...
2025-05-27 18:07:43.588 [info] Got 1 sessions for ...
2025-05-27 18:07:43.589 [info] Getting sessions for all scopes...
2025-05-27 18:07:43.589 [info] Got 1 sessions for ...
2025-05-27 18:07:43.617 [info] Getting sessions for read:user,repo,user:email,workflow...
2025-05-27 18:07:43.617 [info] Got 0 sessions for read:user,repo,user:email,workflow...
2025-05-27 18:07:43.625 [info] Getting sessions for user:email...
2025-05-27 18:07:43.625 [info] Got 1 sessions for user:email...
2025-05-27 18:07:43.626 [info] Getting sessions for read:user,repo,user:email,workflow...
2025-05-27 18:07:43.626 [info] Got 0 sessions for read:user,repo,user:email,workflow...
2025-05-27 18:07:43.644 [info] Getting sessions for all scopes...
2025-05-27 18:07:43.644 [info] Got 1 sessions for ...
2025-05-27 18:07:43.664 [info] Getting sessions for read:user,repo,user:email,workflow...
2025-05-27 18:07:43.664 [info] Got 0 sessions for read:user,repo,user:email,workflow...
2025-05-27 18:07:43.697 [info] Getting sessions for user:email...
2025-05-27 18:07:43.697 [info] Got 1 sessions for user:email...
2025-05-27 18:07:43.875 [info] Getting sessions for all scopes...
2025-05-27 18:07:43.875 [info] Got 1 sessions for ...
2025-05-27 18:07:43.875 [info] Getting sessions for all scopes...
2025-05-27 18:07:43.875 [info] Got 1 sessions for ...
2025-05-27 18:07:43.891 [info] Getting sessions for read:user,repo,user:email,workflow...
2025-05-27 18:07:43.891 [info] Got 0 sessions for read:user,repo,user:email,workflow...
2025-05-27 18:07:43.901 [info] Getting sessions for user:email...
2025-05-27 18:07:43.901 [info] Got 1 sessions for user:email...
2025-05-27 18:07:43.902 [info] Getting sessions for read:user,repo,user:email,workflow...
2025-05-27 18:07:43.902 [info] Got 0 sessions for read:user,repo,user:email,workflow...
2025-05-27 18:07:43.918 [info] Getting sessions for all scopes...
2025-05-27 18:07:43.918 [info] Got 1 sessions for ...
2025-05-27 18:07:43.935 [info] Getting sessions for all scopes...
2025-05-27 18:07:43.935 [info] Got 1 sessions for ...
2025-05-27 18:07:43.943 [info] Getting sessions for all scopes...
2025-05-27 18:07:43.943 [info] Got 1 sessions for ...
2025-05-27 18:07:43.952 [info] Getting sessions for read:user,repo,user:email,workflow...
2025-05-27 18:07:43.952 [info] Got 0 sessions for read:user,repo,user:email,workflow...
2025-05-27 18:07:43.956 [info] Getting sessions for user:email...
2025-05-27 18:07:43.956 [info] Got 1 sessions for user:email...
2025-05-27 18:07:46.939 [info] Getting sessions for all scopes...
2025-05-27 18:07:46.940 [info] Got 1 sessions for ...
2025-05-27 18:07:47.014 [info] Getting sessions for read:user,repo,user:email,workflow...
2025-05-27 18:07:47.014 [info] Got 0 sessions for read:user,repo,user:email,workflow...
2025-05-27 18:07:50.312 [info] Getting sessions for user:email...
2025-05-27 18:07:50.312 [info] Got 1 sessions for user:email...
