2025-05-27 18:05:24.046 [info] Reading sessions from keychain...
2025-05-27 18:05:24.046 [info] Getting sessions for all scopes...
2025-05-27 18:05:24.046 [info] Getting sessions for all scopes...
2025-05-27 18:05:24.791 [info] Got stored sessions!
2025-05-27 18:05:24.791 [info] Got 1 verified sessions.
2025-05-27 18:05:24.791 [info] Got 1 sessions for ...
2025-05-27 18:05:24.791 [info] Got 1 sessions for ...
2025-05-27 18:05:24.793 [info] Getting sessions for all scopes...
2025-05-27 18:05:24.793 [info] Got 1 sessions for ...
2025-05-27 18:05:24.794 [info] Getting sessions for all scopes...
2025-05-27 18:05:24.794 [info] Got 1 sessions for ...
2025-05-27 18:05:24.794 [info] Getting sessions for all scopes...
2025-05-27 18:05:24.794 [info] Got 1 sessions for ...
2025-05-27 18:05:24.795 [info] Getting sessions for all scopes...
2025-05-27 18:05:24.795 [info] Got 1 sessions for ...
2025-05-27 18:05:24.795 [info] Getting sessions for all scopes...
2025-05-27 18:05:24.795 [info] Got 1 sessions for ...
2025-05-27 18:05:24.799 [info] Getting sessions for all scopes...
2025-05-27 18:05:24.799 [info] Got 1 sessions for ...
2025-05-27 18:05:24.940 [info] Getting sessions for all scopes...
2025-05-27 18:05:24.940 [info] Got 1 sessions for ...
2025-05-27 18:05:24.941 [info] Getting sessions for all scopes...
2025-05-27 18:05:24.941 [info] Got 1 sessions for ...
2025-05-27 18:05:24.941 [info] Getting sessions for all scopes...
2025-05-27 18:05:24.941 [info] Got 1 sessions for ...
2025-05-27 18:05:24.942 [info] Getting sessions for all scopes...
2025-05-27 18:05:24.942 [info] Got 1 sessions for ...
2025-05-27 18:05:24.942 [info] Getting sessions for all scopes...
2025-05-27 18:05:24.942 [info] Got 1 sessions for ...
2025-05-27 18:05:24.942 [info] Getting sessions for all scopes...
2025-05-27 18:05:24.942 [info] Got 1 sessions for ...
2025-05-27 18:05:25.744 [info] Getting sessions for all scopes...
2025-05-27 18:05:25.744 [info] Got 1 sessions for ...
2025-05-27 18:05:26.523 [info] Getting sessions for all scopes...
2025-05-27 18:05:26.523 [info] Got 1 sessions for ...
2025-05-27 18:05:26.543 [info] Getting sessions for all scopes...
2025-05-27 18:05:26.543 [info] Got 1 sessions for ...
2025-05-27 18:05:26.768 [info] Getting sessions for all scopes...
2025-05-27 18:05:26.768 [info] Got 1 sessions for ...
2025-05-27 18:05:26.949 [info] Getting sessions for all scopes...
2025-05-27 18:05:26.949 [info] Got 1 sessions for ...
2025-05-27 18:05:28.324 [info] Getting sessions for all scopes...
2025-05-27 18:05:28.324 [info] Got 1 sessions for ...
2025-05-27 18:05:28.677 [info] Getting sessions for all scopes...
2025-05-27 18:05:28.677 [info] Got 1 sessions for ...
2025-05-27 18:05:28.677 [info] Getting sessions for all scopes...
2025-05-27 18:05:28.677 [info] Got 1 sessions for ...
2025-05-27 18:05:28.691 [info] Getting sessions for all scopes...
2025-05-27 18:05:28.691 [info] Got 1 sessions for ...
2025-05-27 18:05:29.009 [info] Getting sessions for all scopes...
2025-05-27 18:05:29.009 [info] Got 1 sessions for ...
2025-05-27 18:05:29.009 [info] Getting sessions for read:user,repo,user:email,workflow...
2025-05-27 18:05:29.010 [info] Got 0 sessions for read:user,repo,user:email,workflow...
2025-05-27 18:05:29.072 [info] Getting sessions for read:user,repo,user:email,workflow...
2025-05-27 18:05:29.073 [info] Got 0 sessions for read:user,repo,user:email,workflow...
2025-05-27 18:05:29.106 [info] Getting sessions for read:user...
2025-05-27 18:05:29.106 [info] Got 0 sessions for read:user...
2025-05-27 18:05:29.926 [info] Getting sessions for user:email...
2025-05-27 18:05:29.926 [info] Got 1 sessions for user:email...
2025-05-27 18:05:29.926 [info] Getting sessions for read:user,repo,user:email,workflow...
2025-05-27 18:05:29.926 [info] Got 0 sessions for read:user,repo,user:email,workflow...
2025-05-27 18:05:30.009 [info] Getting sessions for user:email...
2025-05-27 18:05:30.009 [info] Got 1 sessions for user:email...
2025-05-27 18:05:30.100 [info] Getting sessions for all scopes...
2025-05-27 18:05:30.100 [info] Got 1 sessions for ...
2025-05-27 18:05:30.189 [info] Getting sessions for read:user,repo,user:email,workflow...
2025-05-27 18:05:30.189 [info] Got 0 sessions for read:user,repo,user:email,workflow...
2025-05-27 18:05:30.481 [info] Getting sessions for user:email...
2025-05-27 18:05:30.481 [info] Got 1 sessions for user:email...
2025-05-27 18:05:30.504 [info] Getting sessions for all scopes...
2025-05-27 18:05:30.504 [info] Got 1 sessions for ...
2025-05-27 18:05:30.517 [info] Getting sessions for read:user,repo,user:email,workflow...
2025-05-27 18:05:30.517 [info] Got 0 sessions for read:user,repo,user:email,workflow...
2025-05-27 18:05:30.533 [info] Getting sessions for user:email...
2025-05-27 18:05:30.533 [info] Got 1 sessions for user:email...
2025-05-27 18:05:31.554 [info] Getting sessions for all scopes...
2025-05-27 18:05:31.554 [info] Got 1 sessions for ...
2025-05-27 18:05:31.555 [info] Getting sessions for all scopes...
2025-05-27 18:05:31.555 [info] Got 1 sessions for ...
2025-05-27 18:05:31.618 [info] Getting sessions for read:user,repo,user:email,workflow...
2025-05-27 18:05:31.618 [info] Got 0 sessions for read:user,repo,user:email,workflow...
2025-05-27 18:05:31.648 [info] Getting sessions for user:email...
2025-05-27 18:05:31.648 [info] Got 1 sessions for user:email...
2025-05-27 18:05:31.649 [info] Getting sessions for read:user,repo,user:email,workflow...
2025-05-27 18:05:31.649 [info] Got 0 sessions for read:user,repo,user:email,workflow...
2025-05-27 18:05:31.672 [info] Getting sessions for all scopes...
2025-05-27 18:05:31.672 [info] Got 1 sessions for ...
2025-05-27 18:05:31.680 [info] Getting sessions for read:user,repo,user:email,workflow...
2025-05-27 18:05:31.680 [info] Got 0 sessions for read:user,repo,user:email,workflow...
2025-05-27 18:05:31.683 [info] Getting sessions for user:email...
2025-05-27 18:05:31.683 [info] Got 1 sessions for user:email...
2025-05-27 18:05:31.926 [info] Getting sessions for all scopes...
2025-05-27 18:05:31.926 [info] Got 1 sessions for ...
2025-05-27 18:05:31.940 [info] Getting sessions for all scopes...
2025-05-27 18:05:31.940 [info] Got 1 sessions for ...
2025-05-27 18:05:31.957 [info] Getting sessions for read:user,repo,user:email,workflow...
2025-05-27 18:05:31.957 [info] Got 0 sessions for read:user,repo,user:email,workflow...
2025-05-27 18:05:31.971 [info] Getting sessions for user:email...
2025-05-27 18:05:31.971 [info] Got 1 sessions for user:email...
2025-05-27 18:05:32.029 [info] Getting sessions for read:user,repo,user:email,workflow...
2025-05-27 18:05:32.029 [info] Got 0 sessions for read:user,repo,user:email,workflow...
2025-05-27 18:05:32.400 [info] Getting sessions for all scopes...
2025-05-27 18:05:32.400 [info] Got 1 sessions for ...
2025-05-27 18:05:32.406 [info] Getting sessions for all scopes...
2025-05-27 18:05:32.407 [info] Got 1 sessions for ...
2025-05-27 18:05:32.413 [info] Getting sessions for all scopes...
2025-05-27 18:05:32.413 [info] Got 1 sessions for ...
2025-05-27 18:05:32.452 [info] Getting sessions for read:user,repo,user:email,workflow...
2025-05-27 18:05:32.452 [info] Got 0 sessions for read:user,repo,user:email,workflow...
2025-05-27 18:05:32.464 [info] Getting sessions for user:email...
2025-05-27 18:05:32.464 [info] Got 1 sessions for user:email...
2025-05-27 18:05:34.916 [info] Getting sessions for all scopes...
2025-05-27 18:05:34.916 [info] Got 1 sessions for ...
2025-05-27 18:05:40.424 [info] Getting sessions for read:user,repo,user:email,workflow...
2025-05-27 18:05:40.424 [info] Got 0 sessions for read:user,repo,user:email,workflow...
2025-05-27 18:05:41.285 [info] Getting sessions for user:email...
2025-05-27 18:05:41.285 [info] Got 1 sessions for user:email...
2025-05-27 18:05:59.212 [info] Reading sessions from keychain...
2025-05-27 18:05:59.212 [info] Getting sessions for all scopes...
2025-05-27 18:05:59.212 [info] Getting sessions for all scopes...
2025-05-27 18:05:59.212 [info] Getting sessions for all scopes...
2025-05-27 18:05:59.212 [info] Got stored sessions!
2025-05-27 18:05:59.212 [info] Got 1 verified sessions.
2025-05-27 18:05:59.212 [info] Got 1 sessions for ...
2025-05-27 18:05:59.212 [info] Got 1 sessions for ...
2025-05-27 18:05:59.212 [info] Got 1 sessions for ...
2025-05-27 18:05:59.212 [info] Getting sessions for all scopes...
2025-05-27 18:05:59.212 [info] Got 1 sessions for ...
2025-05-27 18:06:02.517 [info] Getting sessions for all scopes...
2025-05-27 18:06:02.518 [info] Got 1 sessions for ...
2025-05-27 18:06:02.518 [info] Getting sessions for all scopes...
2025-05-27 18:06:02.518 [info] Got 1 sessions for ...
2025-05-27 18:06:02.526 [info] Getting sessions for read:user,repo,user:email,workflow...
2025-05-27 18:06:02.526 [info] Got 0 sessions for read:user,repo,user:email,workflow...
2025-05-27 18:06:02.588 [info] Getting sessions for read:user,repo,user:email,workflow...
2025-05-27 18:06:02.588 [info] Got 0 sessions for read:user,repo,user:email,workflow...
2025-05-27 18:06:03.527 [info] Getting sessions for read:user...
2025-05-27 18:06:03.527 [info] Got 0 sessions for read:user...
2025-05-27 18:06:03.610 [info] Getting sessions for user:email...
2025-05-27 18:06:03.610 [info] Got 1 sessions for user:email...
2025-05-27 18:06:03.611 [info] Getting sessions for read:user,repo,user:email,workflow...
2025-05-27 18:06:03.611 [info] Got 0 sessions for read:user,repo,user:email,workflow...
2025-05-27 18:06:03.659 [info] Getting sessions for user:email...
2025-05-27 18:06:03.660 [info] Got 1 sessions for user:email...
2025-05-27 18:06:03.725 [info] Getting sessions for all scopes...
2025-05-27 18:06:03.725 [info] Got 1 sessions for ...
2025-05-27 18:06:03.822 [info] Getting sessions for read:user,repo,user:email,workflow...
2025-05-27 18:06:03.822 [info] Got 0 sessions for read:user,repo,user:email,workflow...
2025-05-27 18:06:04.175 [info] Getting sessions for user:email...
2025-05-27 18:06:04.175 [info] Got 1 sessions for user:email...
2025-05-27 18:06:04.200 [info] Getting sessions for all scopes...
2025-05-27 18:06:04.200 [info] Got 1 sessions for ...
2025-05-27 18:06:04.203 [info] Getting sessions for read:user,repo,user:email,workflow...
2025-05-27 18:06:04.203 [info] Got 0 sessions for read:user,repo,user:email,workflow...
2025-05-27 18:06:04.204 [info] Getting sessions for user:email...
2025-05-27 18:06:04.204 [info] Got 1 sessions for user:email...
2025-05-27 18:06:05.227 [info] Getting sessions for all scopes...
2025-05-27 18:06:05.227 [info] Got 1 sessions for ...
2025-05-27 18:06:05.227 [info] Getting sessions for all scopes...
2025-05-27 18:06:05.227 [info] Got 1 sessions for ...
2025-05-27 18:06:05.253 [info] Getting sessions for read:user,repo,user:email,workflow...
2025-05-27 18:06:05.253 [info] Got 0 sessions for read:user,repo,user:email,workflow...
2025-05-27 18:06:05.257 [info] Getting sessions for user:email...
2025-05-27 18:06:05.257 [info] Got 1 sessions for user:email...
2025-05-27 18:06:05.258 [info] Getting sessions for read:user,repo,user:email,workflow...
2025-05-27 18:06:05.258 [info] Got 0 sessions for read:user,repo,user:email,workflow...
2025-05-27 18:06:05.267 [info] Getting sessions for all scopes...
2025-05-27 18:06:05.267 [info] Got 1 sessions for ...
2025-05-27 18:06:05.276 [info] Getting sessions for read:user,repo,user:email,workflow...
2025-05-27 18:06:05.276 [info] Got 0 sessions for read:user,repo,user:email,workflow...
2025-05-27 18:06:05.283 [info] Getting sessions for user:email...
2025-05-27 18:06:05.283 [info] Got 1 sessions for user:email...
2025-05-27 18:06:05.690 [info] Getting sessions for all scopes...
2025-05-27 18:06:05.690 [info] Got 1 sessions for ...
2025-05-27 18:06:05.704 [info] Getting sessions for all scopes...
2025-05-27 18:06:05.704 [info] Got 1 sessions for ...
2025-05-27 18:06:05.747 [info] Getting sessions for read:user,repo,user:email,workflow...
2025-05-27 18:06:05.747 [info] Got 0 sessions for read:user,repo,user:email,workflow...
2025-05-27 18:06:05.787 [info] Getting sessions for user:email...
2025-05-27 18:06:05.787 [info] Got 1 sessions for user:email...
2025-05-27 18:06:05.788 [info] Getting sessions for read:user,repo,user:email,workflow...
2025-05-27 18:06:05.788 [info] Got 0 sessions for read:user,repo,user:email,workflow...
2025-05-27 18:06:05.839 [info] Getting sessions for all scopes...
2025-05-27 18:06:05.839 [info] Got 1 sessions for ...
2025-05-27 18:06:05.845 [info] Getting sessions for read:user,repo,user:email,workflow...
2025-05-27 18:06:05.846 [info] Got 0 sessions for read:user,repo,user:email,workflow...
2025-05-27 18:06:05.855 [info] Getting sessions for user:email...
2025-05-27 18:06:05.855 [info] Got 1 sessions for user:email...
2025-05-27 18:06:08.321 [info] Getting sessions for all scopes...
2025-05-27 18:06:08.321 [info] Got 1 sessions for ...
2025-05-27 18:06:08.373 [info] Getting sessions for read:user,repo,user:email,workflow...
2025-05-27 18:06:08.373 [info] Got 0 sessions for read:user,repo,user:email,workflow...
2025-05-27 18:06:08.390 [info] Getting sessions for user:email...
2025-05-27 18:06:08.390 [info] Got 1 sessions for user:email...
