2025-05-27 17:52:24.843 [info] Reading sessions from keychain...
2025-05-27 17:52:24.843 [info] Getting sessions for all scopes...
2025-05-27 17:52:24.843 [info] Getting sessions for all scopes...
2025-05-27 17:52:24.843 [info] Getting sessions for all scopes...
2025-05-27 17:52:24.843 [info] Got stored sessions!
2025-05-27 17:52:24.843 [info] Got 1 verified sessions.
2025-05-27 17:52:24.843 [info] Got 1 sessions for ...
2025-05-27 17:52:24.843 [info] Got 1 sessions for ...
2025-05-27 17:52:24.843 [info] Got 1 sessions for ...
2025-05-27 17:52:24.843 [info] Getting sessions for all scopes...
2025-05-27 17:52:24.843 [info] Got 1 sessions for ...
2025-05-27 17:52:25.414 [info] Getting sessions for all scopes...
2025-05-27 17:52:25.414 [info] Got 1 sessions for ...
2025-05-27 17:52:25.415 [info] Getting sessions for all scopes...
2025-05-27 17:52:25.415 [info] Got 1 sessions for ...
2025-05-27 17:52:25.417 [info] Getting sessions for all scopes...
2025-05-27 17:52:25.417 [info] Got 1 sessions for ...
2025-05-27 17:52:25.417 [info] Getting sessions for all scopes...
2025-05-27 17:52:25.417 [info] Got 1 sessions for ...
2025-05-27 17:52:25.418 [info] Getting sessions for all scopes...
2025-05-27 17:52:25.418 [info] Got 1 sessions for ...
2025-05-27 17:52:25.615 [info] Getting sessions for all scopes...
2025-05-27 17:52:25.615 [info] Got 1 sessions for ...
2025-05-27 17:52:25.615 [info] Getting sessions for all scopes...
2025-05-27 17:52:25.615 [info] Got 1 sessions for ...
2025-05-27 17:52:25.616 [info] Getting sessions for all scopes...
2025-05-27 17:52:25.616 [info] Got 1 sessions for ...
2025-05-27 17:52:25.617 [info] Getting sessions for all scopes...
2025-05-27 17:52:25.617 [info] Got 1 sessions for ...
2025-05-27 17:52:25.617 [info] Getting sessions for all scopes...
2025-05-27 17:52:25.617 [info] Got 1 sessions for ...
2025-05-27 17:52:26.779 [info] Getting sessions for all scopes...
2025-05-27 17:52:26.779 [info] Got 1 sessions for ...
2025-05-27 17:52:27.867 [info] Getting sessions for all scopes...
2025-05-27 17:52:27.867 [info] Got 1 sessions for ...
2025-05-27 17:52:27.870 [info] Getting sessions for all scopes...
2025-05-27 17:52:27.870 [info] Got 1 sessions for ...
2025-05-27 17:52:28.106 [info] Getting sessions for all scopes...
2025-05-27 17:52:28.106 [info] Got 1 sessions for ...
2025-05-27 17:52:29.519 [info] Getting sessions for all scopes...
2025-05-27 17:52:29.520 [info] Got 1 sessions for ...
2025-05-27 17:52:29.578 [info] Getting sessions for all scopes...
2025-05-27 17:52:29.578 [info] Got 1 sessions for ...
2025-05-27 17:52:29.817 [info] Getting sessions for all scopes...
2025-05-27 17:52:29.817 [info] Got 1 sessions for ...
2025-05-27 17:52:29.818 [info] Getting sessions for all scopes...
2025-05-27 17:52:29.818 [info] Got 1 sessions for ...
2025-05-27 17:52:29.829 [info] Getting sessions for all scopes...
2025-05-27 17:52:29.829 [info] Got 1 sessions for ...
2025-05-27 17:52:30.122 [info] Getting sessions for all scopes...
2025-05-27 17:52:30.122 [info] Got 1 sessions for ...
2025-05-27 17:52:30.147 [info] Getting sessions for read:user,repo,user:email,workflow...
2025-05-27 17:52:30.148 [info] Got 0 sessions for read:user,repo,user:email,workflow...
2025-05-27 17:52:30.183 [info] Getting sessions for read:user,repo,user:email,workflow...
2025-05-27 17:52:30.183 [info] Got 0 sessions for read:user,repo,user:email,workflow...
2025-05-27 17:52:30.230 [info] Getting sessions for read:user...
2025-05-27 17:52:30.230 [info] Got 0 sessions for read:user...
2025-05-27 17:52:31.095 [info] Getting sessions for user:email...
2025-05-27 17:52:31.095 [info] Got 1 sessions for user:email...
2025-05-27 17:52:31.096 [info] Getting sessions for read:user,repo,user:email,workflow...
2025-05-27 17:52:31.096 [info] Got 0 sessions for read:user,repo,user:email,workflow...
2025-05-27 17:52:31.178 [info] Getting sessions for user:email...
2025-05-27 17:52:31.178 [info] Got 1 sessions for user:email...
2025-05-27 17:52:31.374 [info] Getting sessions for all scopes...
2025-05-27 17:52:31.374 [info] Got 1 sessions for ...
2025-05-27 17:52:31.375 [info] Getting sessions for all scopes...
2025-05-27 17:52:31.375 [info] Got 1 sessions for ...
2025-05-27 17:52:31.407 [info] Getting sessions for read:user,repo,user:email,workflow...
2025-05-27 17:52:31.407 [info] Got 0 sessions for read:user,repo,user:email,workflow...
2025-05-27 17:52:31.614 [info] Getting sessions for user:email...
2025-05-27 17:52:31.614 [info] Got 1 sessions for user:email...
2025-05-27 17:52:32.734 [info] Getting sessions for all scopes...
2025-05-27 17:52:32.734 [info] Got 1 sessions for ...
2025-05-27 17:52:32.738 [info] Getting sessions for all scopes...
2025-05-27 17:52:32.738 [info] Got 1 sessions for ...
2025-05-27 17:52:32.775 [info] Getting sessions for read:user,repo,user:email,workflow...
2025-05-27 17:52:32.775 [info] Got 0 sessions for read:user,repo,user:email,workflow...
2025-05-27 17:52:32.786 [info] Getting sessions for user:email...
2025-05-27 17:52:32.786 [info] Got 1 sessions for user:email...
2025-05-27 17:52:32.789 [info] Getting sessions for read:user,repo,user:email,workflow...
2025-05-27 17:52:32.789 [info] Got 0 sessions for read:user,repo,user:email,workflow...
2025-05-27 17:52:32.824 [info] Getting sessions for all scopes...
2025-05-27 17:52:32.824 [info] Got 1 sessions for ...
2025-05-27 17:52:32.835 [info] Getting sessions for read:user,repo,user:email,workflow...
2025-05-27 17:52:32.835 [info] Got 0 sessions for read:user,repo,user:email,workflow...
2025-05-27 17:52:32.852 [info] Getting sessions for user:email...
2025-05-27 17:52:32.852 [info] Got 1 sessions for user:email...
2025-05-27 17:52:33.006 [info] Getting sessions for all scopes...
2025-05-27 17:52:33.006 [info] Got 1 sessions for ...
2025-05-27 17:52:33.006 [info] Getting sessions for all scopes...
2025-05-27 17:52:33.006 [info] Got 1 sessions for ...
2025-05-27 17:52:33.013 [info] Getting sessions for read:user,repo,user:email,workflow...
2025-05-27 17:52:33.013 [info] Got 0 sessions for read:user,repo,user:email,workflow...
2025-05-27 17:52:33.017 [info] Getting sessions for user:email...
2025-05-27 17:52:33.017 [info] Got 1 sessions for user:email...
2025-05-27 17:52:33.018 [info] Getting sessions for read:user,repo,user:email,workflow...
2025-05-27 17:52:33.019 [info] Got 0 sessions for read:user,repo,user:email,workflow...
2025-05-27 17:52:33.036 [info] Getting sessions for all scopes...
2025-05-27 17:52:33.036 [info] Got 1 sessions for ...
2025-05-27 17:52:33.042 [info] Getting sessions for all scopes...
2025-05-27 17:52:33.042 [info] Got 1 sessions for ...
2025-05-27 17:52:33.043 [info] Getting sessions for all scopes...
2025-05-27 17:52:33.043 [info] Got 1 sessions for ...
2025-05-27 17:52:33.049 [info] Getting sessions for read:user,repo,user:email,workflow...
2025-05-27 17:52:33.049 [info] Got 0 sessions for read:user,repo,user:email,workflow...
2025-05-27 17:52:33.056 [info] Getting sessions for user:email...
2025-05-27 17:52:33.056 [info] Got 1 sessions for user:email...
2025-05-27 17:52:35.190 [info] Getting sessions for all scopes...
2025-05-27 17:52:35.190 [info] Got 1 sessions for ...
2025-05-27 17:52:35.210 [info] Getting sessions for read:user,repo,user:email,workflow...
2025-05-27 17:52:35.210 [info] Got 0 sessions for read:user,repo,user:email,workflow...
2025-05-27 17:52:35.726 [info] Getting sessions for user:email...
2025-05-27 17:52:35.726 [info] Got 1 sessions for user:email...
