2025-05-27 18:00:58.213 [info] Reading sessions from keychain...
2025-05-27 18:00:58.213 [info] Getting sessions for all scopes...
2025-05-27 18:00:58.213 [info] Getting sessions for all scopes...
2025-05-27 18:00:58.213 [info] Getting sessions for all scopes...
2025-05-27 18:00:59.010 [info] Got stored sessions!
2025-05-27 18:00:59.010 [info] Got 1 verified sessions.
2025-05-27 18:00:59.011 [info] Got 1 sessions for ...
2025-05-27 18:00:59.011 [info] Got 1 sessions for ...
2025-05-27 18:00:59.011 [info] Got 1 sessions for ...
2025-05-27 18:00:59.011 [info] Getting sessions for all scopes...
2025-05-27 18:00:59.011 [info] Got 1 sessions for ...
2025-05-27 18:00:59.012 [info] Getting sessions for all scopes...
2025-05-27 18:00:59.012 [info] Got 1 sessions for ...
2025-05-27 18:00:59.012 [info] Getting sessions for all scopes...
2025-05-27 18:00:59.012 [info] Got 1 sessions for ...
2025-05-27 18:00:59.012 [info] Getting sessions for all scopes...
2025-05-27 18:00:59.012 [info] Got 1 sessions for ...
2025-05-27 18:00:59.013 [info] Getting sessions for all scopes...
2025-05-27 18:00:59.013 [info] Got 1 sessions for ...
2025-05-27 18:00:59.013 [info] Getting sessions for all scopes...
2025-05-27 18:00:59.013 [info] Got 1 sessions for ...
2025-05-27 18:00:59.295 [info] Getting sessions for all scopes...
2025-05-27 18:00:59.295 [info] Got 1 sessions for ...
2025-05-27 18:00:59.296 [info] Getting sessions for all scopes...
2025-05-27 18:00:59.296 [info] Got 1 sessions for ...
2025-05-27 18:00:59.297 [info] Getting sessions for all scopes...
2025-05-27 18:00:59.297 [info] Got 1 sessions for ...
2025-05-27 18:00:59.298 [info] Getting sessions for all scopes...
2025-05-27 18:00:59.298 [info] Got 1 sessions for ...
2025-05-27 18:00:59.299 [info] Getting sessions for all scopes...
2025-05-27 18:00:59.299 [info] Got 1 sessions for ...
2025-05-27 18:00:59.300 [info] Getting sessions for all scopes...
2025-05-27 18:00:59.300 [info] Got 1 sessions for ...
2025-05-27 18:01:00.295 [info] Getting sessions for all scopes...
2025-05-27 18:01:00.295 [info] Got 1 sessions for ...
2025-05-27 18:01:00.523 [info] Getting sessions for all scopes...
2025-05-27 18:01:00.523 [info] Got 1 sessions for ...
2025-05-27 18:01:00.530 [info] Getting sessions for all scopes...
2025-05-27 18:01:00.530 [info] Got 1 sessions for ...
2025-05-27 18:01:00.732 [info] Getting sessions for all scopes...
2025-05-27 18:01:00.732 [info] Got 1 sessions for ...
2025-05-27 18:01:01.051 [info] Getting sessions for all scopes...
2025-05-27 18:01:01.051 [info] Got 1 sessions for ...
2025-05-27 18:01:01.076 [info] Getting sessions for all scopes...
2025-05-27 18:01:01.076 [info] Got 1 sessions for ...
2025-05-27 18:01:03.030 [info] Getting sessions for all scopes...
2025-05-27 18:01:03.030 [info] Got 1 sessions for ...
2025-05-27 18:01:03.030 [info] Getting sessions for all scopes...
2025-05-27 18:01:03.030 [info] Got 1 sessions for ...
2025-05-27 18:01:03.045 [info] Getting sessions for all scopes...
2025-05-27 18:01:03.045 [info] Got 1 sessions for ...
2025-05-27 18:01:03.361 [info] Getting sessions for all scopes...
2025-05-27 18:01:03.361 [info] Got 1 sessions for ...
2025-05-27 18:01:03.388 [info] Getting sessions for read:user,repo,user:email,workflow...
2025-05-27 18:01:03.388 [info] Got 0 sessions for read:user,repo,user:email,workflow...
2025-05-27 18:01:03.414 [info] Getting sessions for read:user,repo,user:email,workflow...
2025-05-27 18:01:03.414 [info] Got 0 sessions for read:user,repo,user:email,workflow...
2025-05-27 18:01:03.464 [info] Getting sessions for read:user...
2025-05-27 18:01:03.464 [info] Got 0 sessions for read:user...
2025-05-27 18:01:04.403 [info] Getting sessions for user:email...
2025-05-27 18:01:04.403 [info] Got 1 sessions for user:email...
2025-05-27 18:01:04.403 [info] Getting sessions for read:user,repo,user:email,workflow...
2025-05-27 18:01:04.404 [info] Got 0 sessions for read:user,repo,user:email,workflow...
2025-05-27 18:01:04.450 [info] Getting sessions for user:email...
2025-05-27 18:01:04.450 [info] Got 1 sessions for user:email...
2025-05-27 18:01:04.538 [info] Getting sessions for all scopes...
2025-05-27 18:01:04.538 [info] Got 1 sessions for ...
2025-05-27 18:01:04.579 [info] Getting sessions for read:user,repo,user:email,workflow...
2025-05-27 18:01:04.579 [info] Got 0 sessions for read:user,repo,user:email,workflow...
2025-05-27 18:01:04.797 [info] Getting sessions for user:email...
2025-05-27 18:01:04.797 [info] Got 1 sessions for user:email...
2025-05-27 18:01:04.819 [info] Getting sessions for all scopes...
2025-05-27 18:01:04.819 [info] Got 1 sessions for ...
2025-05-27 18:01:04.830 [info] Getting sessions for read:user,repo,user:email,workflow...
2025-05-27 18:01:04.830 [info] Got 0 sessions for read:user,repo,user:email,workflow...
2025-05-27 18:01:04.841 [info] Getting sessions for user:email...
2025-05-27 18:01:04.841 [info] Got 1 sessions for user:email...
2025-05-27 18:01:05.844 [info] Getting sessions for all scopes...
2025-05-27 18:01:05.844 [info] Got 1 sessions for ...
2025-05-27 18:01:05.845 [info] Getting sessions for all scopes...
2025-05-27 18:01:05.845 [info] Got 1 sessions for ...
2025-05-27 18:01:05.878 [info] Getting sessions for read:user,repo,user:email,workflow...
2025-05-27 18:01:05.878 [info] Got 0 sessions for read:user,repo,user:email,workflow...
2025-05-27 18:01:05.883 [info] Getting sessions for user:email...
2025-05-27 18:01:05.883 [info] Got 1 sessions for user:email...
2025-05-27 18:01:05.883 [info] Getting sessions for read:user,repo,user:email,workflow...
2025-05-27 18:01:05.883 [info] Got 0 sessions for read:user,repo,user:email,workflow...
2025-05-27 18:01:05.888 [info] Getting sessions for all scopes...
2025-05-27 18:01:05.889 [info] Got 1 sessions for ...
2025-05-27 18:01:05.891 [info] Getting sessions for read:user,repo,user:email,workflow...
2025-05-27 18:01:05.891 [info] Got 0 sessions for read:user,repo,user:email,workflow...
2025-05-27 18:01:05.894 [info] Getting sessions for user:email...
2025-05-27 18:01:05.894 [info] Got 1 sessions for user:email...
2025-05-27 18:01:06.074 [info] Getting sessions for all scopes...
2025-05-27 18:01:06.075 [info] Got 1 sessions for ...
2025-05-27 18:01:06.075 [info] Getting sessions for all scopes...
2025-05-27 18:01:06.075 [info] Got 1 sessions for ...
2025-05-27 18:01:06.085 [info] Getting sessions for read:user,repo,user:email,workflow...
2025-05-27 18:01:06.085 [info] Got 0 sessions for read:user,repo,user:email,workflow...
2025-05-27 18:01:06.093 [info] Getting sessions for user:email...
2025-05-27 18:01:06.093 [info] Got 1 sessions for user:email...
2025-05-27 18:01:06.093 [info] Getting sessions for read:user,repo,user:email,workflow...
2025-05-27 18:01:06.093 [info] Got 0 sessions for read:user,repo,user:email,workflow...
2025-05-27 18:01:06.109 [info] Getting sessions for all scopes...
2025-05-27 18:01:06.109 [info] Got 1 sessions for ...
2025-05-27 18:01:06.125 [info] Getting sessions for all scopes...
2025-05-27 18:01:06.125 [info] Got 1 sessions for ...
2025-05-27 18:01:06.126 [info] Getting sessions for all scopes...
2025-05-27 18:01:06.126 [info] Got 1 sessions for ...
2025-05-27 18:01:06.134 [info] Getting sessions for read:user,repo,user:email,workflow...
2025-05-27 18:01:06.134 [info] Got 0 sessions for read:user,repo,user:email,workflow...
2025-05-27 18:01:06.138 [info] Getting sessions for user:email...
2025-05-27 18:01:06.138 [info] Got 1 sessions for user:email...
2025-05-27 18:01:08.418 [info] Getting sessions for all scopes...
2025-05-27 18:01:08.418 [info] Got 1 sessions for ...
2025-05-27 18:01:08.427 [info] Getting sessions for read:user,repo,user:email,workflow...
2025-05-27 18:01:08.427 [info] Got 0 sessions for read:user,repo,user:email,workflow...
2025-05-27 18:01:08.436 [info] Getting sessions for user:email...
2025-05-27 18:01:08.436 [info] Got 1 sessions for user:email...
