2025-05-27 18:15:16.194 [info] Reading sessions from keychain...
2025-05-27 18:15:16.194 [info] Getting sessions for all scopes...
2025-05-27 18:15:16.194 [info] Getting sessions for all scopes...
2025-05-27 18:15:16.934 [info] Got stored sessions!
2025-05-27 18:15:16.934 [info] Got 1 verified sessions.
2025-05-27 18:15:16.934 [info] Got 1 sessions for ...
2025-05-27 18:15:16.934 [info] Got 1 sessions for ...
2025-05-27 18:15:17.085 [info] Getting sessions for all scopes...
2025-05-27 18:15:17.085 [info] Got 1 sessions for ...
2025-05-27 18:15:17.085 [info] Getting sessions for all scopes...
2025-05-27 18:15:17.085 [info] Got 1 sessions for ...
2025-05-27 18:15:17.086 [info] Getting sessions for all scopes...
2025-05-27 18:15:17.086 [info] Got 1 sessions for ...
2025-05-27 18:15:17.091 [info] Getting sessions for all scopes...
2025-05-27 18:15:17.091 [info] Got 1 sessions for ...
2025-05-27 18:15:17.093 [info] Getting sessions for all scopes...
2025-05-27 18:15:17.093 [info] Got 1 sessions for ...
2025-05-27 18:15:17.094 [info] Getting sessions for all scopes...
2025-05-27 18:15:17.094 [info] Got 1 sessions for ...
2025-05-27 18:15:17.188 [info] Getting sessions for all scopes...
2025-05-27 18:15:17.188 [info] Got 1 sessions for ...
2025-05-27 18:15:17.271 [info] Getting sessions for all scopes...
2025-05-27 18:15:17.271 [info] Got 1 sessions for ...
2025-05-27 18:15:17.274 [info] Getting sessions for all scopes...
2025-05-27 18:15:17.274 [info] Got 1 sessions for ...
2025-05-27 18:15:17.276 [info] Getting sessions for all scopes...
2025-05-27 18:15:17.276 [info] Got 1 sessions for ...
2025-05-27 18:15:17.277 [info] Getting sessions for all scopes...
2025-05-27 18:15:17.277 [info] Got 1 sessions for ...
2025-05-27 18:15:17.278 [info] Getting sessions for all scopes...
2025-05-27 18:15:17.278 [info] Got 1 sessions for ...
2025-05-27 18:15:17.935 [info] Getting sessions for all scopes...
2025-05-27 18:15:17.935 [info] Got 1 sessions for ...
2025-05-27 18:15:18.337 [info] Getting sessions for all scopes...
2025-05-27 18:15:18.337 [info] Got 1 sessions for ...
2025-05-27 18:15:18.344 [info] Getting sessions for all scopes...
2025-05-27 18:15:18.344 [info] Got 1 sessions for ...
2025-05-27 18:15:18.615 [info] Getting sessions for all scopes...
2025-05-27 18:15:18.615 [info] Got 1 sessions for ...
2025-05-27 18:15:18.736 [info] Getting sessions for all scopes...
2025-05-27 18:15:18.736 [info] Got 1 sessions for ...
2025-05-27 18:15:18.816 [info] Getting sessions for all scopes...
2025-05-27 18:15:18.816 [info] Got 1 sessions for ...
2025-05-27 18:15:21.349 [info] Getting sessions for all scopes...
2025-05-27 18:15:21.349 [info] Got 1 sessions for ...
2025-05-27 18:15:21.350 [info] Getting sessions for all scopes...
2025-05-27 18:15:21.350 [info] Got 1 sessions for ...
2025-05-27 18:15:21.688 [info] Getting sessions for all scopes...
2025-05-27 18:15:21.688 [info] Got 1 sessions for ...
2025-05-27 18:15:21.704 [info] Getting sessions for all scopes...
2025-05-27 18:15:21.704 [info] Got 1 sessions for ...
2025-05-27 18:15:21.705 [info] Getting sessions for read:user,repo,user:email,workflow...
2025-05-27 18:15:21.705 [info] Got 0 sessions for read:user,repo,user:email,workflow...
2025-05-27 18:15:21.737 [info] Getting sessions for read:user,repo,user:email,workflow...
2025-05-27 18:15:21.737 [info] Got 0 sessions for read:user,repo,user:email,workflow...
2025-05-27 18:15:21.816 [info] Getting sessions for read:user...
2025-05-27 18:15:21.816 [info] Got 0 sessions for read:user...
2025-05-27 18:15:21.820 [info] Getting sessions for user:email...
2025-05-27 18:15:21.820 [info] Got 1 sessions for user:email...
2025-05-27 18:15:22.573 [info] Getting sessions for read:user,repo,user:email,workflow...
2025-05-27 18:15:22.573 [info] Got 0 sessions for read:user,repo,user:email,workflow...
2025-05-27 18:15:22.689 [info] Getting sessions for user:email...
2025-05-27 18:15:22.690 [info] Got 1 sessions for user:email...
2025-05-27 18:15:22.724 [info] Getting sessions for all scopes...
2025-05-27 18:15:22.724 [info] Got 1 sessions for ...
2025-05-27 18:15:22.724 [info] Getting sessions for all scopes...
2025-05-27 18:15:22.725 [info] Got 1 sessions for ...
2025-05-27 18:15:22.831 [info] Getting sessions for read:user,repo,user:email,workflow...
2025-05-27 18:15:22.831 [info] Got 0 sessions for read:user,repo,user:email,workflow...
2025-05-27 18:15:23.147 [info] Getting sessions for user:email...
2025-05-27 18:15:23.147 [info] Got 1 sessions for user:email...
2025-05-27 18:15:24.066 [info] Getting sessions for all scopes...
2025-05-27 18:15:24.176 [info] Got 1 sessions for ...
2025-05-27 18:15:24.177 [info] Getting sessions for all scopes...
2025-05-27 18:15:24.178 [info] Got 1 sessions for ...
2025-05-27 18:15:24.285 [info] Getting sessions for read:user,repo,user:email,workflow...
2025-05-27 18:15:24.285 [info] Got 0 sessions for read:user,repo,user:email,workflow...
2025-05-27 18:15:24.292 [info] Getting sessions for user:email...
2025-05-27 18:15:24.292 [info] Got 1 sessions for user:email...
2025-05-27 18:15:24.293 [info] Getting sessions for read:user,repo,user:email,workflow...
2025-05-27 18:15:24.293 [info] Got 0 sessions for read:user,repo,user:email,workflow...
2025-05-27 18:15:24.300 [info] Getting sessions for all scopes...
2025-05-27 18:15:24.300 [info] Got 1 sessions for ...
2025-05-27 18:15:24.304 [info] Getting sessions for read:user,repo,user:email,workflow...
2025-05-27 18:15:24.304 [info] Got 0 sessions for read:user,repo,user:email,workflow...
2025-05-27 18:15:24.308 [info] Getting sessions for user:email...
2025-05-27 18:15:24.308 [info] Got 1 sessions for user:email...
2025-05-27 18:15:24.572 [info] Getting sessions for all scopes...
2025-05-27 18:15:24.572 [info] Got 1 sessions for ...
2025-05-27 18:15:24.576 [info] Getting sessions for all scopes...
2025-05-27 18:15:24.576 [info] Got 1 sessions for ...
2025-05-27 18:15:24.584 [info] Getting sessions for read:user,repo,user:email,workflow...
2025-05-27 18:15:24.584 [info] Got 0 sessions for read:user,repo,user:email,workflow...
2025-05-27 18:15:24.618 [info] Getting sessions for user:email...
2025-05-27 18:15:24.618 [info] Got 1 sessions for user:email...
2025-05-27 18:15:24.619 [info] Getting sessions for read:user,repo,user:email,workflow...
2025-05-27 18:15:24.619 [info] Got 0 sessions for read:user,repo,user:email,workflow...
2025-05-27 18:15:24.680 [info] Getting sessions for all scopes...
2025-05-27 18:15:24.680 [info] Got 1 sessions for ...
2025-05-27 18:15:24.734 [info] Getting sessions for all scopes...
2025-05-27 18:15:24.734 [info] Got 1 sessions for ...
2025-05-27 18:15:24.734 [info] Getting sessions for all scopes...
2025-05-27 18:15:24.734 [info] Got 1 sessions for ...
2025-05-27 18:15:24.743 [info] Getting sessions for read:user,repo,user:email,workflow...
2025-05-27 18:15:24.743 [info] Got 0 sessions for read:user,repo,user:email,workflow...
2025-05-27 18:15:24.745 [info] Getting sessions for user:email...
2025-05-27 18:15:24.745 [info] Got 1 sessions for user:email...
2025-05-27 18:15:27.019 [info] Getting sessions for all scopes...
2025-05-27 18:15:27.019 [info] Got 1 sessions for ...
2025-05-27 18:15:27.029 [info] Getting sessions for read:user,repo,user:email,workflow...
2025-05-27 18:15:27.029 [info] Got 0 sessions for read:user,repo,user:email,workflow...
2025-05-27 18:15:27.036 [info] Getting sessions for user:email...
2025-05-27 18:15:27.036 [info] Got 1 sessions for user:email...
2025-05-27 18:19:17.552 [info] Getting sessions for all scopes...
2025-05-27 18:19:17.553 [info] Got 1 sessions for ...
2025-05-27 18:20:41.881 [info] Reading sessions from keychain...
2025-05-27 18:20:41.881 [info] Getting sessions for all scopes...
2025-05-27 18:20:41.881 [info] Getting sessions for all scopes...
2025-05-27 18:20:41.881 [info] Getting sessions for all scopes...
2025-05-27 18:20:41.881 [info] Got stored sessions!
2025-05-27 18:20:41.881 [info] Got 1 verified sessions.
2025-05-27 18:20:41.881 [info] Got 1 sessions for ...
2025-05-27 18:20:41.881 [info] Got 1 sessions for ...
2025-05-27 18:20:41.881 [info] Got 1 sessions for ...
2025-05-27 18:20:41.881 [info] Getting sessions for all scopes...
2025-05-27 18:20:41.881 [info] Got 1 sessions for ...
2025-05-27 18:20:44.433 [info] Getting sessions for all scopes...
2025-05-27 18:20:44.433 [info] Got 1 sessions for ...
2025-05-27 18:20:44.434 [info] Getting sessions for all scopes...
2025-05-27 18:20:44.434 [info] Got 1 sessions for ...
2025-05-27 18:20:44.738 [info] Getting sessions for read:user,repo,user:email,workflow...
2025-05-27 18:20:44.738 [info] Got 0 sessions for read:user,repo,user:email,workflow...
2025-05-27 18:20:44.762 [info] Getting sessions for read:user,repo,user:email,workflow...
2025-05-27 18:20:44.762 [info] Got 0 sessions for read:user,repo,user:email,workflow...
2025-05-27 18:20:44.770 [info] Getting sessions for read:user...
2025-05-27 18:20:44.770 [info] Got 0 sessions for read:user...
2025-05-27 18:20:44.775 [info] Getting sessions for user:email...
2025-05-27 18:20:44.775 [info] Got 1 sessions for user:email...
2025-05-27 18:20:44.776 [info] Getting sessions for read:user,repo,user:email,workflow...
2025-05-27 18:20:44.776 [info] Got 0 sessions for read:user,repo,user:email,workflow...
2025-05-27 18:20:45.546 [info] Getting sessions for user:email...
2025-05-27 18:20:45.546 [info] Got 1 sessions for user:email...
2025-05-27 18:20:45.588 [info] Getting sessions for all scopes...
2025-05-27 18:20:45.588 [info] Got 1 sessions for ...
2025-05-27 18:20:45.760 [info] Getting sessions for read:user,repo,user:email,workflow...
2025-05-27 18:20:45.760 [info] Got 0 sessions for read:user,repo,user:email,workflow...
2025-05-27 18:20:45.967 [info] Getting sessions for user:email...
2025-05-27 18:20:45.967 [info] Got 1 sessions for user:email...
2025-05-27 18:20:46.003 [info] Getting sessions for all scopes...
2025-05-27 18:20:46.003 [info] Got 1 sessions for ...
2025-05-27 18:20:46.006 [info] Getting sessions for read:user,repo,user:email,workflow...
2025-05-27 18:20:46.006 [info] Got 0 sessions for read:user,repo,user:email,workflow...
2025-05-27 18:20:46.065 [info] Getting sessions for user:email...
2025-05-27 18:20:46.065 [info] Got 1 sessions for user:email...
2025-05-27 18:20:47.004 [info] Getting sessions for all scopes...
2025-05-27 18:20:47.004 [info] Got 1 sessions for ...
2025-05-27 18:20:47.004 [info] Getting sessions for all scopes...
2025-05-27 18:20:47.004 [info] Got 1 sessions for ...
2025-05-27 18:20:47.038 [info] Getting sessions for read:user,repo,user:email,workflow...
2025-05-27 18:20:47.038 [info] Got 0 sessions for read:user,repo,user:email,workflow...
2025-05-27 18:20:47.074 [info] Getting sessions for user:email...
2025-05-27 18:20:47.074 [info] Got 1 sessions for user:email...
2025-05-27 18:20:47.076 [info] Getting sessions for read:user,repo,user:email,workflow...
2025-05-27 18:20:47.076 [info] Got 0 sessions for read:user,repo,user:email,workflow...
2025-05-27 18:20:47.083 [info] Getting sessions for all scopes...
2025-05-27 18:20:47.083 [info] Got 1 sessions for ...
2025-05-27 18:20:47.086 [info] Getting sessions for read:user,repo,user:email,workflow...
2025-05-27 18:20:47.086 [info] Got 0 sessions for read:user,repo,user:email,workflow...
2025-05-27 18:20:47.131 [info] Getting sessions for user:email...
2025-05-27 18:20:47.132 [info] Got 1 sessions for user:email...
2025-05-27 18:20:47.388 [info] Getting sessions for all scopes...
2025-05-27 18:20:47.388 [info] Got 1 sessions for ...
2025-05-27 18:20:47.391 [info] Getting sessions for all scopes...
2025-05-27 18:20:47.391 [info] Got 1 sessions for ...
2025-05-27 18:20:47.398 [info] Getting sessions for read:user,repo,user:email,workflow...
2025-05-27 18:20:47.398 [info] Got 0 sessions for read:user,repo,user:email,workflow...
2025-05-27 18:20:47.404 [info] Getting sessions for user:email...
2025-05-27 18:20:47.404 [info] Got 1 sessions for user:email...
2025-05-27 18:20:47.404 [info] Getting sessions for read:user,repo,user:email,workflow...
2025-05-27 18:20:47.404 [info] Got 0 sessions for read:user,repo,user:email,workflow...
2025-05-27 18:20:47.432 [info] Getting sessions for all scopes...
2025-05-27 18:20:47.432 [info] Got 1 sessions for ...
2025-05-27 18:20:47.442 [info] Getting sessions for read:user,repo,user:email,workflow...
2025-05-27 18:20:47.442 [info] Got 0 sessions for read:user,repo,user:email,workflow...
2025-05-27 18:20:47.472 [info] Getting sessions for user:email...
2025-05-27 18:20:47.472 [info] Got 1 sessions for user:email...
2025-05-27 18:20:49.181 [info] Getting sessions for all scopes...
2025-05-27 18:20:49.181 [info] Got 1 sessions for ...
2025-05-27 18:20:49.189 [info] Getting sessions for read:user,repo,user:email,workflow...
2025-05-27 18:20:49.189 [info] Got 0 sessions for read:user,repo,user:email,workflow...
2025-05-27 18:20:49.203 [info] Getting sessions for user:email...
2025-05-27 18:20:49.203 [info] Got 1 sessions for user:email...
