2025-05-27 18:14:10.997 [info] [main] Log level: Info
2025-05-27 18:14:10.997 [info] [main] Validating found git in: "git"
2025-05-27 18:14:10.997 [info] [main] Using git "2.49.0" from "git"
2025-05-27 18:14:10.997 [info] [Model][doInitialScan] Initial repository scan started
2025-05-27 18:14:10.997 [info] > git rev-parse --show-toplevel [14ms]
2025-05-27 18:14:10.997 [info] fatal: not a git repository (or any of the parent directories): .git
2025-05-27 18:14:11.038 [info] > git rev-parse --show-toplevel [44ms]
2025-05-27 18:14:11.038 [info] fatal: not a git repository (or any of the parent directories): .git
2025-05-27 18:14:11.049 [info] > git rev-parse --show-toplevel [4ms]
2025-05-27 18:14:11.050 [info] fatal: not a git repository (or any of the parent directories): .git
2025-05-27 18:14:11.123 [info] > git rev-parse --show-toplevel [35ms]
2025-05-27 18:14:11.123 [info] fatal: not a git repository (or any of the parent directories): .git
2025-05-27 18:14:11.144 [info] > git rev-parse --show-toplevel [7ms]
2025-05-27 18:14:11.144 [info] fatal: not a git repository (or any of the parent directories): .git
2025-05-27 18:14:11.145 [info] [Model][doInitialScan] Initial repository scan completed - repositories (0), closed repositories (0), parent repositories (0), unsafe repositories (0)
2025-05-27 18:14:11.766 [info] > git rev-parse --show-toplevel [115ms]
2025-05-27 18:14:11.766 [info] fatal: not a git repository (or any of the parent directories): .git
2025-05-27 18:14:11.894 [info] > git rev-parse --show-toplevel [84ms]
2025-05-27 18:14:11.894 [info] fatal: not a git repository (or any of the parent directories): .git
2025-05-27 18:14:11.941 [info] > git rev-parse --show-toplevel [3ms]
2025-05-27 18:14:11.941 [info] fatal: not a git repository (or any of the parent directories): .git
