05/27/2025 18:14:20 hora estándar de Colombia : Information : Local timezone is (UTC-05:00) hora estándar de Colombia (Bogotá)
05/27/2025 18:14:21 hora estándar de Colombia : Information : Service Hub .NET service module host started. Host id: dotnet.projectSystem$C94B8CFE-E3FD-4BAF-A941-2866DBB566FE. Controller pipe: net.pipe://1751634B1B. PID: 175258
05/27/2025 18:14:21 hora estándar de Colombia : Information : hubHostClr read: Content-Length: 116

{"jsonrpc":"2.0","id":2,"method":"InitializeHostAsync","params":[{"HostsRootDirectory":".","AppConfigFallback":""}]}
05/27/2025 18:14:21 hora estándar de Colombia : Information : hubHostClr write: Content-Length: 93

{"jsonrpc":"2.0","id":2,"result":"dotnet.projectSystem$C94B8CFE-E3FD-4BAF-A941-2866DBB566FE"}
05/27/2025 18:14:21 hora estándar de Colombia : Information : hubHostClr read: Content-Length: 975

{"jsonrpc":"2.0","id":3,"method":"StartServiceAsync","params":[{"name":"Microsoft.VisualStudio.LaunchConfigurationService","host":"dotnet.projectSystem","hostId":"C94B8CFE-E3FD-4BAF-A941-2866DBB566FE","serviceBaseDirectory":"/home/rugery/.vscode/extensions/ms-dotnettools.csdevkit-1.19.63-linux-x64/components/CPS/platforms/linux-x64/node_modules/@microsoft/visualstudio-projectsystem-server.linux-x64","entryPoint":{"assemblyPath":"/home/rugery/.vscode/extensions/ms-dotnettools.csdevkit-1.19.63-linux-x64/components/CPS/platforms/linux-x64/node_modules/@microsoft/visualstudio-projectsystem-server.linux-x64/Microsoft.VisualStudio.ProjectSystem.Server.Implementation.dll","fullClassName":"Microsoft.VisualStudio.ProjectSystem.Server.LaunchConfigurationServiceFactory"}},{"ActivationArguments":{"__servicehub__ServiceHubRemoteServiceBrokerPipeName":"/home/rugery/.ServiceHub/a4c2b48a4c/34aaf818f1"},"ClientCredentials":{},"ClientCulture":"en-US","ClientUICulture":"en-US"}]}
05/27/2025 18:14:21 hora estándar de Colombia : Information : CLR host received start request for service 'Microsoft.VisualStudio.LaunchConfigurationService'
05/27/2025 18:14:21 hora estándar de Colombia : Information : hubHostClr read: Content-Length: 1021

{"jsonrpc":"2.0","id":4,"method":"StartServiceAsync","params":[{"name":"Microsoft.VisualStudio.ProjectSystem.ProjectTreeProvider","host":"dotnet.projectSystem","hostId":"C94B8CFE-E3FD-4BAF-A941-2866DBB566FE","serviceBaseDirectory":"/home/rugery/.vscode/extensions/ms-dotnettools.csdevkit-1.19.63-linux-x64/components/CPS/platforms/linux-x64/node_modules/@microsoft/visualstudio-projectsystem-server.linux-x64","entryPoint":{"assemblyPath":"/home/rugery/.vscode/extensions/ms-dotnettools.csdevkit-1.19.63-linux-x64/components/CPS/platforms/linux-x64/node_modules/@microsoft/visualstudio-projectsystem-server.linux-x64/Microsoft.VisualStudio.ProjectSystem.Server.Implementation.dll","fullClassName":"Microsoft.VisualStudio.ProjectSystem.Server.ProjectTreeProviderFactory"}},{"ActivationArguments":{"__servicehub__ServiceHubRemoteServiceBrokerPipeName":"/home/rugery/.ServiceHub/a4c2b48a4c/5d3e6901f0","__servicehub__RequestedServiceVersion":"0.1"},"ClientCredentials":{},"ClientCulture":"en-US","ClientUICulture":"en-US"}]}Content-Length: 1051

{"jsonrpc":"2.0","id":5,"method":"StartServiceAsync","params":[{"name":"Microsoft.VisualStudio.ProjectSystem.ProjectInitializationStatusService","host":"dotnet.projectSystem","hostId":"C94B8CFE-E3FD-4BAF-A941-2866DBB566FE","serviceBaseDirectory":"/home/rugery/.vscode/extensions/ms-dotnettools.csdevkit-1.19.63-linux-x64/components/CPS/platforms/linux-x64/node_modules/@microsoft/visualstudio-projectsystem-server.linux-x64","entryPoint":{"assemblyPath":"/home/rugery/.vscode/extensions/ms-dotnettools.csdevkit-1.19.63-linux-x64/components/CPS/platforms/linux-x64/node_modules/@microsoft/visualstudio-projectsystem-server.linux-x64/Microsoft.VisualStudio.ProjectSystem.Server.Implementation.dll","fullClassName":"Microsoft.VisualStudio.ProjectSystem.Server.ProjectInitializationStatusServiceFactory"}},{"ActivationArguments":{"__servicehub__ServiceHubRemoteServiceBrokerPipeName":"/home/rugery/.ServiceHub/a4c2b48a4c/78150bba28","__servicehub__RequestedServiceVersion":"0.1"},"ClientCredentials":{},"ClientCulture":"en-US","ClientUICulture":"en-US"}]}Content-Length: 1051

{"jsonrpc":"2.0","id":6,"method":"StartServiceAsync","params":[{"name":"Microsoft.VisualStudio.ProjectSystem.ProjectInitializationStatusService","host":"dotnet.projectSystem","hostId":"C94B8CFE-E3FD-4BAF-A941-2866DBB566FE","serviceBaseDirectory":"/home/rugery/.vscode/extensions/ms-dotnettools.csdevkit-1.19.63-linux-x64/components/CPS/platforms/linux-x64/node_modules/@microsoft/visualstudio-projectsystem-server.linux-x64","entryPoint":{"assemblyPath":"/home/rugery/.vscode/extensions/ms-dotnettools.csdevkit-1.19.63-linux-x64/components/CPS/platforms/linux-x64/node_modules/@microsoft/visualstudio-projectsystem-server.linux-x64/Microsoft.VisualStudio.ProjectSystem.Server.Implementation.dll","fullClassName":"Microsoft.VisualStudio.ProjectSystem.Server.ProjectInitializationStatusServiceFactory"}},{"ActivationArguments":{"__servicehub__ServiceHubRemoteServiceBrokerPipeName":"/home/rugery/.ServiceHub/a4c2b48a4c/16def6ab53","__servicehub__RequestedServiceVersion":"0.1"},"ClientCredentials":{},"ClientCulture":"en-US","ClientUICulture":"en-US"}]}
05/27/2025 18:14:21 hora estándar de Colombia : Information : Loading service module assembly '/home/rugery/.vscode/extensions/ms-dotnettools.csdevkit-1.19.63-linux-x64/components/CPS/platforms/linux-x64/node_modules/@microsoft/visualstudio-projectsystem-server.linux-x64/Microsoft.VisualStudio.ProjectSystem.Server.Implementation.dll' from '/home/rugery/.vscode/extensions/ms-dotnettools.csdevkit-1.19.63-linux-x64/components/CPS/platforms/linux-x64/node_modules/@microsoft/visualstudio-projectsystem-server.linux-x64'
05/27/2025 18:14:21 hora estándar de Colombia : Information : Starting service module 'Microsoft.VisualStudio.LaunchConfigurationService'. Class: Microsoft.VisualStudio.ProjectSystem.Server.LaunchConfigurationServiceFactory, Supported Version: 
05/27/2025 18:14:21 hora estándar de Colombia : Information : Started service 'Microsoft.VisualStudio.LaunchConfigurationService'. Pipe name: /home/rugery/.ServiceHub/a4c2b48a4c/a805304ae2, Supported Version: 
05/27/2025 18:14:21 hora estándar de Colombia : Information : hubHostClr write: Content-Length: 82

{"jsonrpc":"2.0","id":3,"result":"/home/rugery/.ServiceHub/a4c2b48a4c/a805304ae2"}
05/27/2025 18:14:21 hora estándar de Colombia : Information : CLR host received start request for service 'Microsoft.VisualStudio.ProjectSystem.ProjectTreeProvider'
05/27/2025 18:14:21 hora estándar de Colombia : Information : Loading service module assembly '/home/rugery/.vscode/extensions/ms-dotnettools.csdevkit-1.19.63-linux-x64/components/CPS/platforms/linux-x64/node_modules/@microsoft/visualstudio-projectsystem-server.linux-x64/Microsoft.VisualStudio.ProjectSystem.Server.Implementation.dll' from '/home/rugery/.vscode/extensions/ms-dotnettools.csdevkit-1.19.63-linux-x64/components/CPS/platforms/linux-x64/node_modules/@microsoft/visualstudio-projectsystem-server.linux-x64'
05/27/2025 18:14:21 hora estándar de Colombia : Information : Starting service module 'Microsoft.VisualStudio.ProjectSystem.ProjectTreeProvider'. Class: Microsoft.VisualStudio.ProjectSystem.Server.ProjectTreeProviderFactory, Supported Version: 
05/27/2025 18:14:21 hora estándar de Colombia : Information : Started service 'Microsoft.VisualStudio.ProjectSystem.ProjectTreeProvider'. Pipe name: /home/rugery/.ServiceHub/a4c2b48a4c/e24bde121e, Supported Version: 
05/27/2025 18:14:21 hora estándar de Colombia : Information : hubHostClr write: Content-Length: 82

{"jsonrpc":"2.0","id":4,"result":"/home/rugery/.ServiceHub/a4c2b48a4c/e24bde121e"}
05/27/2025 18:14:21 hora estándar de Colombia : Information : CLR host received start request for service 'Microsoft.VisualStudio.ProjectSystem.ProjectInitializationStatusService'
05/27/2025 18:14:21 hora estándar de Colombia : Information : Loading service module assembly '/home/rugery/.vscode/extensions/ms-dotnettools.csdevkit-1.19.63-linux-x64/components/CPS/platforms/linux-x64/node_modules/@microsoft/visualstudio-projectsystem-server.linux-x64/Microsoft.VisualStudio.ProjectSystem.Server.Implementation.dll' from '/home/rugery/.vscode/extensions/ms-dotnettools.csdevkit-1.19.63-linux-x64/components/CPS/platforms/linux-x64/node_modules/@microsoft/visualstudio-projectsystem-server.linux-x64'
05/27/2025 18:14:21 hora estándar de Colombia : Information : Starting service module 'Microsoft.VisualStudio.ProjectSystem.ProjectInitializationStatusService'. Class: Microsoft.VisualStudio.ProjectSystem.Server.ProjectInitializationStatusServiceFactory, Supported Version: 
05/27/2025 18:14:21 hora estándar de Colombia : Information : Started service 'Microsoft.VisualStudio.ProjectSystem.ProjectInitializationStatusService'. Pipe name: /home/rugery/.ServiceHub/a4c2b48a4c/094170a90b, Supported Version: 
05/27/2025 18:14:21 hora estándar de Colombia : Information : CLR host received start request for service 'Microsoft.VisualStudio.ProjectSystem.ProjectInitializationStatusService'
05/27/2025 18:14:21 hora estándar de Colombia : Information : Loading service module assembly '/home/rugery/.vscode/extensions/ms-dotnettools.csdevkit-1.19.63-linux-x64/components/CPS/platforms/linux-x64/node_modules/@microsoft/visualstudio-projectsystem-server.linux-x64/Microsoft.VisualStudio.ProjectSystem.Server.Implementation.dll' from '/home/rugery/.vscode/extensions/ms-dotnettools.csdevkit-1.19.63-linux-x64/components/CPS/platforms/linux-x64/node_modules/@microsoft/visualstudio-projectsystem-server.linux-x64'
05/27/2025 18:14:21 hora estándar de Colombia : Information : Starting service module 'Microsoft.VisualStudio.ProjectSystem.ProjectInitializationStatusService'. Class: Microsoft.VisualStudio.ProjectSystem.Server.ProjectInitializationStatusServiceFactory, Supported Version: 
05/27/2025 18:14:21 hora estándar de Colombia : Information : Started service 'Microsoft.VisualStudio.ProjectSystem.ProjectInitializationStatusService'. Pipe name: /home/rugery/.ServiceHub/a4c2b48a4c/130cf76d56, Supported Version: 
05/27/2025 18:14:21 hora estándar de Colombia : Information : hubHostClr write: Content-Length: 82

{"jsonrpc":"2.0","id":5,"result":"/home/rugery/.ServiceHub/a4c2b48a4c/094170a90b"}
05/27/2025 18:14:21 hora estándar de Colombia : Information : hubHostClr write: Content-Length: 82

{"jsonrpc":"2.0","id":6,"result":"/home/rugery/.ServiceHub/a4c2b48a4c/130cf76d56"}
05/27/2025 18:14:21 hora estándar de Colombia : Information : A new client connected to CLR service module 'Microsoft.VisualStudio.LaunchConfigurationService'
05/27/2025 18:14:21 hora estándar de Colombia : Information : A new client connected to CLR service module 'Microsoft.VisualStudio.ProjectSystem.ProjectTreeProvider'
05/27/2025 18:14:21 hora estándar de Colombia : Information : A new client connected to CLR service module 'Microsoft.VisualStudio.ProjectSystem.ProjectInitializationStatusService'
05/27/2025 18:14:21 hora estándar de Colombia : Information : A new client connected to CLR service module 'Microsoft.VisualStudio.ProjectSystem.ProjectInitializationStatusService'
05/27/2025 18:14:21 hora estándar de Colombia : Information : Found FactoryVersion=Version2 for service : Microsoft.VisualStudio.LaunchConfigurationService.
05/27/2025 18:14:21 hora estándar de Colombia : Information : Service 'Microsoft.VisualStudio.ProjectSystem.Server.LaunchConfigurationServiceFactory' implements IServiceHubServiceFactory. Creating factory instance and caching it.
05/27/2025 18:14:21 hora estándar de Colombia : Information : hubHostClr write: Content-Length: 124

{"jsonrpc":"2.0","method":"HostServicesStartedAsync","params":["dotnet.projectSystem$C94B8CFE-E3FD-4BAF-A941-2866DBB566FE"]}
05/27/2025 18:14:21 hora estándar de Colombia : Information : Found FactoryVersion=Version2 for service : Microsoft.VisualStudio.ProjectSystem.ProjectInitializationStatusService.
05/27/2025 18:14:21 hora estándar de Colombia : Information : Service 'Microsoft.VisualStudio.ProjectSystem.Server.ProjectInitializationStatusServiceFactory' implements IServiceHubServiceFactory. Creating factory instance and caching it.
05/27/2025 18:14:21 hora estándar de Colombia : Information : Found FactoryVersion=Version2 for service : Microsoft.VisualStudio.ProjectSystem.ProjectTreeProvider.
05/27/2025 18:14:21 hora estándar de Colombia : Information : Service 'Microsoft.VisualStudio.ProjectSystem.Server.ProjectTreeProviderFactory' implements IServiceHubServiceFactory. Creating factory instance and caching it.
05/27/2025 18:14:21 hora estándar de Colombia : Information : Found IServiceHubServiceFactory in cache. Creating instance from the factory.
05/27/2025 18:14:22 hora estándar de Colombia : Information : Creating service Microsoft.VisualStudio.ProjectSystem.Server.ProjectInitializationStatusServiceFactory from factory with FactoryVersion=Version2 and ClientRequestedVersion=0.1.
05/27/2025 18:14:22 hora estándar de Colombia : Information : Creating service Microsoft.VisualStudio.ProjectSystem.Server.ProjectInitializationStatusServiceFactory from factory with FactoryVersion=Version2 and ClientRequestedVersion=0.1.
05/27/2025 18:14:22 hora estándar de Colombia : Information : Creating service Microsoft.VisualStudio.ProjectSystem.Server.LaunchConfigurationServiceFactory from factory with FactoryVersion=Version2 and ClientRequestedVersion=.
05/27/2025 18:14:22 hora estándar de Colombia : Information : Setting up RPC connection for service 'Microsoft.VisualStudio.ProjectSystem.Server.ProjectInitializationStatusServiceFactory' from factory
05/27/2025 18:14:22 hora estándar de Colombia : Information : Setting up RPC connection for service 'Microsoft.VisualStudio.ProjectSystem.Server.LaunchConfigurationServiceFactory' from factory
05/27/2025 18:14:22 hora estándar de Colombia : Information : Setting up RPC connection for service 'Microsoft.VisualStudio.ProjectSystem.Server.ProjectInitializationStatusServiceFactory' from factory
05/27/2025 18:14:22 hora estándar de Colombia : Information : Creating service Microsoft.VisualStudio.ProjectSystem.Server.ProjectTreeProviderFactory from factory with FactoryVersion=Version2 and ClientRequestedVersion=0.1.
05/27/2025 18:14:22 hora estándar de Colombia : Information : Setting up RPC connection for service 'Microsoft.VisualStudio.ProjectSystem.Server.ProjectTreeProviderFactory' from factory
05/27/2025 18:14:22 hora estándar de Colombia : Information : hubHostClr read: Content-Length: 1019

{"jsonrpc":"2.0","id":7,"method":"StartServiceAsync","params":[{"name":"Microsoft.VisualStudio.ProjectSystem.CompositionService","host":"dotnet.projectSystem","hostId":"C94B8CFE-E3FD-4BAF-A941-2866DBB566FE","serviceBaseDirectory":"/home/rugery/.vscode/extensions/ms-dotnettools.csdevkit-1.19.63-linux-x64/components/CPS/platforms/linux-x64/node_modules/@microsoft/visualstudio-projectsystem-server.linux-x64","entryPoint":{"assemblyPath":"/home/rugery/.vscode/extensions/ms-dotnettools.csdevkit-1.19.63-linux-x64/components/CPS/platforms/linux-x64/node_modules/@microsoft/visualstudio-projectsystem-server.linux-x64/Microsoft.VisualStudio.ProjectSystem.Server.Implementation.dll","fullClassName":"Microsoft.VisualStudio.ProjectSystem.Server.CompositionServiceFactory"}},{"ActivationArguments":{"__servicehub__ServiceHubRemoteServiceBrokerPipeName":"/home/rugery/.ServiceHub/a4c2b48a4c/ba8cf91f1a","__servicehub__RequestedServiceVersion":"0.1"},"ClientCredentials":{},"ClientCulture":"en-US","ClientUICulture":"en-US"}]}
05/27/2025 18:14:22 hora estándar de Colombia : Information : CLR host received start request for service 'Microsoft.VisualStudio.ProjectSystem.CompositionService'
05/27/2025 18:14:22 hora estándar de Colombia : Information : Loading service module assembly '/home/rugery/.vscode/extensions/ms-dotnettools.csdevkit-1.19.63-linux-x64/components/CPS/platforms/linux-x64/node_modules/@microsoft/visualstudio-projectsystem-server.linux-x64/Microsoft.VisualStudio.ProjectSystem.Server.Implementation.dll' from '/home/rugery/.vscode/extensions/ms-dotnettools.csdevkit-1.19.63-linux-x64/components/CPS/platforms/linux-x64/node_modules/@microsoft/visualstudio-projectsystem-server.linux-x64'
05/27/2025 18:14:22 hora estándar de Colombia : Information : Starting service module 'Microsoft.VisualStudio.ProjectSystem.CompositionService'. Class: Microsoft.VisualStudio.ProjectSystem.Server.CompositionServiceFactory, Supported Version: 
05/27/2025 18:14:22 hora estándar de Colombia : Information : Started service 'Microsoft.VisualStudio.ProjectSystem.CompositionService'. Pipe name: /home/rugery/.ServiceHub/a4c2b48a4c/8bd262a600, Supported Version: 
05/27/2025 18:14:22 hora estándar de Colombia : Information : hubHostClr write: Content-Length: 82

{"jsonrpc":"2.0","id":7,"result":"/home/rugery/.ServiceHub/a4c2b48a4c/8bd262a600"}
05/27/2025 18:14:22 hora estándar de Colombia : Information : A new client connected to CLR service module 'Microsoft.VisualStudio.ProjectSystem.CompositionService'
05/27/2025 18:14:22 hora estándar de Colombia : Information : Found FactoryVersion=Version2 for service : Microsoft.VisualStudio.ProjectSystem.CompositionService.
05/27/2025 18:14:22 hora estándar de Colombia : Information : Service 'Microsoft.VisualStudio.ProjectSystem.Server.CompositionServiceFactory' implements IServiceHubServiceFactory. Creating factory instance and caching it.
05/27/2025 18:14:22 hora estándar de Colombia : Information : Creating service Microsoft.VisualStudio.ProjectSystem.Server.CompositionServiceFactory from factory with FactoryVersion=Version2 and ClientRequestedVersion=0.1.
05/27/2025 18:14:22 hora estándar de Colombia : Information : Setting up RPC connection for service 'Microsoft.VisualStudio.ProjectSystem.Server.CompositionServiceFactory' from factory
05/27/2025 18:14:24 hora estándar de Colombia : Information : Completed RPC connection setup for service 'Microsoft.VisualStudio.ProjectSystem.Server.CompositionServiceFactory' from factory
05/27/2025 18:14:24 hora estándar de Colombia : Information : Completed RPC connection setup for service 'Microsoft.VisualStudio.ProjectSystem.Server.LaunchConfigurationServiceFactory' from factory
05/27/2025 18:14:24 hora estándar de Colombia : Information : Completed RPC connection setup for service 'Microsoft.VisualStudio.ProjectSystem.Server.ProjectInitializationStatusServiceFactory' from factory
05/27/2025 18:14:24 hora estándar de Colombia : Information : Completed RPC connection setup for service 'Microsoft.VisualStudio.ProjectSystem.Server.ProjectInitializationStatusServiceFactory' from factory
05/27/2025 18:14:24 hora estándar de Colombia : Information : Completed RPC connection setup for service 'Microsoft.VisualStudio.ProjectSystem.Server.ProjectTreeProviderFactory' from factory
05/27/2025 18:14:25 hora estándar de Colombia : Information : hubHostClr read: Content-Length: 1020

{"jsonrpc":"2.0","id":8,"method":"StartServiceAsync","params":[{"name":"Microsoft.VisualStudio.CpsProjectIconSourceService","host":"dotnet.projectSystem","hostId":"C94B8CFE-E3FD-4BAF-A941-2866DBB566FE","serviceBaseDirectory":"/home/rugery/.vscode/extensions/ms-dotnettools.csdevkit-1.19.63-linux-x64/components/CPS/platforms/linux-x64/node_modules/@microsoft/visualstudio-projectsystem-server.linux-x64","entryPoint":{"assemblyPath":"/home/rugery/.vscode/extensions/ms-dotnettools.csdevkit-1.19.63-linux-x64/components/CPS/platforms/linux-x64/node_modules/@microsoft/visualstudio-projectsystem-server.linux-x64/Microsoft.VisualStudio.ProjectSystem.Server.Implementation.dll","fullClassName":"Microsoft.VisualStudio.ProjectSystem.Server.ProjectIconSourceServiceFactory"}},{"ActivationArguments":{"__servicehub__ServiceHubRemoteServiceBrokerPipeName":"/home/rugery/.ServiceHub/a4c2b48a4c/9509c4a26c","__servicehub__RequestedServiceVersion":"0.1"},"ClientCredentials":{},"ClientCulture":"en-US","ClientUICulture":"en-US"}]}
05/27/2025 18:14:25 hora estándar de Colombia : Information : CLR host received start request for service 'Microsoft.VisualStudio.CpsProjectIconSourceService'
05/27/2025 18:14:25 hora estándar de Colombia : Information : Loading service module assembly '/home/rugery/.vscode/extensions/ms-dotnettools.csdevkit-1.19.63-linux-x64/components/CPS/platforms/linux-x64/node_modules/@microsoft/visualstudio-projectsystem-server.linux-x64/Microsoft.VisualStudio.ProjectSystem.Server.Implementation.dll' from '/home/rugery/.vscode/extensions/ms-dotnettools.csdevkit-1.19.63-linux-x64/components/CPS/platforms/linux-x64/node_modules/@microsoft/visualstudio-projectsystem-server.linux-x64'
05/27/2025 18:14:25 hora estándar de Colombia : Information : Starting service module 'Microsoft.VisualStudio.CpsProjectIconSourceService'. Class: Microsoft.VisualStudio.ProjectSystem.Server.ProjectIconSourceServiceFactory, Supported Version: 
05/27/2025 18:14:25 hora estándar de Colombia : Information : Started service 'Microsoft.VisualStudio.CpsProjectIconSourceService'. Pipe name: /home/rugery/.ServiceHub/a4c2b48a4c/18293c1171, Supported Version: 
05/27/2025 18:14:25 hora estándar de Colombia : Information : hubHostClr write: Content-Length: 82

{"jsonrpc":"2.0","id":8,"result":"/home/rugery/.ServiceHub/a4c2b48a4c/18293c1171"}
05/27/2025 18:14:25 hora estándar de Colombia : Information : A new client connected to CLR service module 'Microsoft.VisualStudio.CpsProjectIconSourceService'
05/27/2025 18:14:25 hora estándar de Colombia : Information : Found FactoryVersion=Version2 for service : Microsoft.VisualStudio.CpsProjectIconSourceService.
05/27/2025 18:14:25 hora estándar de Colombia : Information : Service 'Microsoft.VisualStudio.ProjectSystem.Server.ProjectIconSourceServiceFactory' implements IServiceHubServiceFactory. Creating factory instance and caching it.
05/27/2025 18:14:25 hora estándar de Colombia : Information : Creating service Microsoft.VisualStudio.ProjectSystem.Server.ProjectIconSourceServiceFactory from factory with FactoryVersion=Version2 and ClientRequestedVersion=0.1.
05/27/2025 18:14:25 hora estándar de Colombia : Information : Setting up RPC connection for service 'Microsoft.VisualStudio.ProjectSystem.Server.ProjectIconSourceServiceFactory' from factory
05/27/2025 18:14:25 hora estándar de Colombia : Information : Completed RPC connection setup for service 'Microsoft.VisualStudio.ProjectSystem.Server.ProjectIconSourceServiceFactory' from factory
05/27/2025 18:14:26 hora estándar de Colombia : Information : hubHostClr read: Content-Length: 1040

{"jsonrpc":"2.0","id":9,"method":"StartServiceAsync","params":[{"name":"Microsoft.VisualStudio.ProjectSystem.Query.Remoting.QueryExecutionService","host":"dotnet.projectSystem","hostId":"C94B8CFE-E3FD-4BAF-A941-2866DBB566FE","serviceBaseDirectory":"/home/rugery/.vscode/extensions/ms-dotnettools.csdevkit-1.19.63-linux-x64/components/CPS/platforms/linux-x64/node_modules/@microsoft/visualstudio-projectsystem-server.linux-x64","entryPoint":{"assemblyPath":"/home/rugery/.vscode/extensions/ms-dotnettools.csdevkit-1.19.63-linux-x64/components/CPS/platforms/linux-x64/node_modules/@microsoft/visualstudio-projectsystem-server.linux-x64/Microsoft.VisualStudio.ProjectSystem.Server.Implementation.dll","fullClassName":"Microsoft.VisualStudio.ProjectSystem.Server.QueryExecutionServiceFactory"}},{"ActivationArguments":{"__servicehub__ServiceHubRemoteServiceBrokerPipeName":"/home/rugery/.ServiceHub/a4c2b48a4c/023e578b50","__servicehub__RequestedServiceVersion":"0.3"},"ClientCredentials":{},"ClientCulture":"en-US","ClientUICulture":"en-US"}]}
05/27/2025 18:14:26 hora estándar de Colombia : Information : CLR host received start request for service 'Microsoft.VisualStudio.ProjectSystem.Query.Remoting.QueryExecutionService'
05/27/2025 18:14:26 hora estándar de Colombia : Information : Loading service module assembly '/home/rugery/.vscode/extensions/ms-dotnettools.csdevkit-1.19.63-linux-x64/components/CPS/platforms/linux-x64/node_modules/@microsoft/visualstudio-projectsystem-server.linux-x64/Microsoft.VisualStudio.ProjectSystem.Server.Implementation.dll' from '/home/rugery/.vscode/extensions/ms-dotnettools.csdevkit-1.19.63-linux-x64/components/CPS/platforms/linux-x64/node_modules/@microsoft/visualstudio-projectsystem-server.linux-x64'
05/27/2025 18:14:26 hora estándar de Colombia : Information : Starting service module 'Microsoft.VisualStudio.ProjectSystem.Query.Remoting.QueryExecutionService'. Class: Microsoft.VisualStudio.ProjectSystem.Server.QueryExecutionServiceFactory, Supported Version: 
05/27/2025 18:14:26 hora estándar de Colombia : Information : Started service 'Microsoft.VisualStudio.ProjectSystem.Query.Remoting.QueryExecutionService'. Pipe name: /home/rugery/.ServiceHub/a4c2b48a4c/407780e01a, Supported Version: 
05/27/2025 18:14:26 hora estándar de Colombia : Information : hubHostClr write: Content-Length: 82

{"jsonrpc":"2.0","id":9,"result":"/home/rugery/.ServiceHub/a4c2b48a4c/407780e01a"}
05/27/2025 18:14:26 hora estándar de Colombia : Information : A new client connected to CLR service module 'Microsoft.VisualStudio.ProjectSystem.Query.Remoting.QueryExecutionService'
05/27/2025 18:14:26 hora estándar de Colombia : Information : Found FactoryVersion=Version2 for service : Microsoft.VisualStudio.ProjectSystem.Query.Remoting.QueryExecutionService.
05/27/2025 18:14:26 hora estándar de Colombia : Information : Service 'Microsoft.VisualStudio.ProjectSystem.Server.QueryExecutionServiceFactory' implements IServiceHubServiceFactory. Creating factory instance and caching it.
05/27/2025 18:14:26 hora estándar de Colombia : Information : Creating service Microsoft.VisualStudio.ProjectSystem.Server.QueryExecutionServiceFactory from factory with FactoryVersion=Version2 and ClientRequestedVersion=0.3.
05/27/2025 18:14:26 hora estándar de Colombia : Information : Setting up RPC connection for service 'Microsoft.VisualStudio.ProjectSystem.Server.QueryExecutionServiceFactory' from factory
05/27/2025 18:14:26 hora estándar de Colombia : Information : Completed RPC connection setup for service 'Microsoft.VisualStudio.ProjectSystem.Server.QueryExecutionServiceFactory' from factory
05/27/2025 18:14:29 hora estándar de Colombia : Information : hubHostClr read: Content-Length: 1052

{"jsonrpc":"2.0","id":10,"method":"StartServiceAsync","params":[{"name":"Microsoft.VisualStudio.ProjectSystem.ProjectInitializationStatusService","host":"dotnet.projectSystem","hostId":"C94B8CFE-E3FD-4BAF-A941-2866DBB566FE","serviceBaseDirectory":"/home/rugery/.vscode/extensions/ms-dotnettools.csdevkit-1.19.63-linux-x64/components/CPS/platforms/linux-x64/node_modules/@microsoft/visualstudio-projectsystem-server.linux-x64","entryPoint":{"assemblyPath":"/home/rugery/.vscode/extensions/ms-dotnettools.csdevkit-1.19.63-linux-x64/components/CPS/platforms/linux-x64/node_modules/@microsoft/visualstudio-projectsystem-server.linux-x64/Microsoft.VisualStudio.ProjectSystem.Server.Implementation.dll","fullClassName":"Microsoft.VisualStudio.ProjectSystem.Server.ProjectInitializationStatusServiceFactory"}},{"ActivationArguments":{"__servicehub__ServiceHubRemoteServiceBrokerPipeName":"/home/rugery/.ServiceHub/a4c2b48a4c/a576f5b716","__servicehub__RequestedServiceVersion":"0.1"},"ClientCredentials":{},"ClientCulture":"en-US","ClientUICulture":"en-US"}]}
05/27/2025 18:14:29 hora estándar de Colombia : Information : CLR host received start request for service 'Microsoft.VisualStudio.ProjectSystem.ProjectInitializationStatusService'
05/27/2025 18:14:29 hora estándar de Colombia : Information : Loading service module assembly '/home/rugery/.vscode/extensions/ms-dotnettools.csdevkit-1.19.63-linux-x64/components/CPS/platforms/linux-x64/node_modules/@microsoft/visualstudio-projectsystem-server.linux-x64/Microsoft.VisualStudio.ProjectSystem.Server.Implementation.dll' from '/home/rugery/.vscode/extensions/ms-dotnettools.csdevkit-1.19.63-linux-x64/components/CPS/platforms/linux-x64/node_modules/@microsoft/visualstudio-projectsystem-server.linux-x64'
05/27/2025 18:14:29 hora estándar de Colombia : Information : Starting service module 'Microsoft.VisualStudio.ProjectSystem.ProjectInitializationStatusService'. Class: Microsoft.VisualStudio.ProjectSystem.Server.ProjectInitializationStatusServiceFactory, Supported Version: 
05/27/2025 18:14:29 hora estándar de Colombia : Information : Started service 'Microsoft.VisualStudio.ProjectSystem.ProjectInitializationStatusService'. Pipe name: /home/rugery/.ServiceHub/a4c2b48a4c/1af21d4a89, Supported Version: 
05/27/2025 18:14:29 hora estándar de Colombia : Information : hubHostClr write: Content-Length: 83

{"jsonrpc":"2.0","id":10,"result":"/home/rugery/.ServiceHub/a4c2b48a4c/1af21d4a89"}
05/27/2025 18:14:29 hora estándar de Colombia : Information : A new client connected to CLR service module 'Microsoft.VisualStudio.ProjectSystem.ProjectInitializationStatusService'
05/27/2025 18:14:29 hora estándar de Colombia : Information : Found IServiceHubServiceFactory in cache. Creating instance from the factory.
05/27/2025 18:14:29 hora estándar de Colombia : Information : Creating service Microsoft.VisualStudio.ProjectSystem.Server.ProjectInitializationStatusServiceFactory from factory with FactoryVersion=Version2 and ClientRequestedVersion=0.1.
05/27/2025 18:14:29 hora estándar de Colombia : Information : Setting up RPC connection for service 'Microsoft.VisualStudio.ProjectSystem.Server.ProjectInitializationStatusServiceFactory' from factory
05/27/2025 18:14:30 hora estándar de Colombia : Information : Completed RPC connection setup for service 'Microsoft.VisualStudio.ProjectSystem.Server.ProjectInitializationStatusServiceFactory' from factory
05/27/2025 18:14:33 hora estándar de Colombia : Information : hubHostClr read: Content-Length: 2271

{"jsonrpc":"2.0","id":11,"method":"StartServiceAsync","params":[{"name":"Microsoft.VisualStudio.ProjectSystem.DebugTargetFrameworkService","host":"dotnet.projectSystem","hostId":"C94B8CFE-E3FD-4BAF-A941-2866DBB566FE","serviceBaseDirectory":"/home/rugery/.vscode/extensions/ms-dotnettools.csdevkit-1.19.63-linux-x64/components/dotnet-project-system-vscode/node_modules/@microsoft/vscode.projectsystem.managed/Services","entryPoint":{"assemblyPath":"/home/rugery/.vscode/extensions/ms-dotnettools.csdevkit-1.19.63-linux-x64/components/dotnet-project-system-vscode/node_modules/@microsoft/vscode.projectsystem.managed/Services/Microsoft.ProjectSystem.Managed.VSCode.Services.dll","fullClassName":"Microsoft.VisualStudio.ProjectSystem.Services.DebugTargetFrameworkServiceFactory"},"friendServices":["Microsoft.VisualStudio.ProjectSystem.CompositionService"]},{"ActivationArguments":{"__servicehub__ServiceHubRemoteServiceBrokerPipeName":"/home/rugery/.ServiceHub/a4c2b48a4c/0a65613471","__servicehub__FriendServiceModuleInfo__Microsoft.VisualStudio.ProjectSystem.CompositionService":"{\"name\":\"Microsoft.VisualStudio.ProjectSystem.CompositionService\",\"host\":\"dotnet.projectSystem\",\"hostId\":\"C94B8CFE-E3FD-4BAF-A941-2866DBB566FE\",\"hostConfiguration\":null,\"serviceBaseDirectory\":\"/home/rugery/.vscode/extensions/ms-dotnettools.csdevkit-1.19.63-linux-x64/components/CPS/platforms/linux-x64/node_modules/@microsoft/visualstudio-projectsystem-server.linux-x64\",\"entryPoint\":{\"assemblyPath\":\"/home/rugery/.vscode/extensions/ms-dotnettools.csdevkit-1.19.63-linux-x64/components/CPS/platforms/linux-x64/node_modules/@microsoft/visualstudio-projectsystem-server.linux-x64/Microsoft.VisualStudio.ProjectSystem.Server.Implementation.dll\",\"fullClassName\":\"Microsoft.VisualStudio.ProjectSystem.Server.CompositionServiceFactory\",\"scriptPath\":null,\"constructorFunction\":null,\"configPath\":null,\"appBasePath\":null,\"assemblySearchPathsConfig\":null},\"hostGroupAllowed\":null,\"hostGroupId\":null,\"serviceOverride\":null,\"singleDomainLoaderOptimization\":null,\"versionRange\":null,\"enableHotReload\":null,\"friendServices\":null}","__servicehub__RequestedServiceVersion":"0.1"},"ClientCredentials":{},"ClientCulture":"en-US","ClientUICulture":"en-US"}]}Content-Length: 1041

{"jsonrpc":"2.0","id":12,"method":"StartServiceAsync","params":[{"name":"Microsoft.VisualStudio.ProjectSystem.Query.Remoting.QueryExecutionService","host":"dotnet.projectSystem","hostId":"C94B8CFE-E3FD-4BAF-A941-2866DBB566FE","serviceBaseDirectory":"/home/rugery/.vscode/extensions/ms-dotnettools.csdevkit-1.19.63-linux-x64/components/CPS/platforms/linux-x64/node_modules/@microsoft/visualstudio-projectsystem-server.linux-x64","entryPoint":{"assemblyPath":"/home/rugery/.vscode/extensions/ms-dotnettools.csdevkit-1.19.63-linux-x64/components/CPS/platforms/linux-x64/node_modules/@microsoft/visualstudio-projectsystem-server.linux-x64/Microsoft.VisualStudio.ProjectSystem.Server.Implementation.dll","fullClassName":"Microsoft.VisualStudio.ProjectSystem.Server.QueryExecutionServiceFactory"}},{"ActivationArguments":{"__servicehub__ServiceHubRemoteServiceBrokerPipeName":"/home/rugery/.ServiceHub/a4c2b48a4c/fd2866bd51","__servicehub__RequestedServiceVersion":"0.3"},"ClientCredentials":{},"ClientCulture":"en-US","ClientUICulture":"en-US"}]}
05/27/2025 18:14:33 hora estándar de Colombia : Information : CLR host received start request for service 'Microsoft.VisualStudio.ProjectSystem.DebugTargetFrameworkService'
05/27/2025 18:14:33 hora estándar de Colombia : Information : Loading service module assembly '/home/rugery/.vscode/extensions/ms-dotnettools.csdevkit-1.19.63-linux-x64/components/dotnet-project-system-vscode/node_modules/@microsoft/vscode.projectsystem.managed/Services/Microsoft.ProjectSystem.Managed.VSCode.Services.dll' from '/home/rugery/.vscode/extensions/ms-dotnettools.csdevkit-1.19.63-linux-x64/components/dotnet-project-system-vscode/node_modules/@microsoft/vscode.projectsystem.managed/Services'
05/27/2025 18:14:33 hora estándar de Colombia : Information : Starting service module 'Microsoft.VisualStudio.ProjectSystem.DebugTargetFrameworkService'. Class: Microsoft.VisualStudio.ProjectSystem.Services.DebugTargetFrameworkServiceFactory, Supported Version: 
05/27/2025 18:14:33 hora estándar de Colombia : Information : Started service 'Microsoft.VisualStudio.ProjectSystem.DebugTargetFrameworkService'. Pipe name: /home/rugery/.ServiceHub/a4c2b48a4c/a2f7734c50, Supported Version: 
05/27/2025 18:14:33 hora estándar de Colombia : Information : hubHostClr write: Content-Length: 83

{"jsonrpc":"2.0","id":11,"result":"/home/rugery/.ServiceHub/a4c2b48a4c/a2f7734c50"}
05/27/2025 18:14:33 hora estándar de Colombia : Information : CLR host received start request for service 'Microsoft.VisualStudio.ProjectSystem.Query.Remoting.QueryExecutionService'
05/27/2025 18:14:33 hora estándar de Colombia : Information : Loading service module assembly '/home/rugery/.vscode/extensions/ms-dotnettools.csdevkit-1.19.63-linux-x64/components/CPS/platforms/linux-x64/node_modules/@microsoft/visualstudio-projectsystem-server.linux-x64/Microsoft.VisualStudio.ProjectSystem.Server.Implementation.dll' from '/home/rugery/.vscode/extensions/ms-dotnettools.csdevkit-1.19.63-linux-x64/components/CPS/platforms/linux-x64/node_modules/@microsoft/visualstudio-projectsystem-server.linux-x64'
05/27/2025 18:14:33 hora estándar de Colombia : Information : Starting service module 'Microsoft.VisualStudio.ProjectSystem.Query.Remoting.QueryExecutionService'. Class: Microsoft.VisualStudio.ProjectSystem.Server.QueryExecutionServiceFactory, Supported Version: 
05/27/2025 18:14:33 hora estándar de Colombia : Information : Started service 'Microsoft.VisualStudio.ProjectSystem.Query.Remoting.QueryExecutionService'. Pipe name: /home/rugery/.ServiceHub/a4c2b48a4c/d7e4bfb2fe, Supported Version: 
05/27/2025 18:14:33 hora estándar de Colombia : Information : A new client connected to CLR service module 'Microsoft.VisualStudio.ProjectSystem.DebugTargetFrameworkService'
05/27/2025 18:14:33 hora estándar de Colombia : Information : Found FactoryVersion=Version2 for service : Microsoft.VisualStudio.ProjectSystem.DebugTargetFrameworkService.
05/27/2025 18:14:33 hora estándar de Colombia : Information : Service 'Microsoft.VisualStudio.ProjectSystem.Services.DebugTargetFrameworkServiceFactory' implements IServiceHubServiceFactory. Creating factory instance and caching it.
05/27/2025 18:14:33 hora estándar de Colombia : Information : hubHostClr write: Content-Length: 83

{"jsonrpc":"2.0","id":12,"result":"/home/rugery/.ServiceHub/a4c2b48a4c/d7e4bfb2fe"}
05/27/2025 18:14:33 hora estándar de Colombia : Information : A new client connected to CLR service module 'Microsoft.VisualStudio.ProjectSystem.Query.Remoting.QueryExecutionService'
05/27/2025 18:14:33 hora estándar de Colombia : Information : Found IServiceHubServiceFactory in cache. Creating instance from the factory.
05/27/2025 18:14:33 hora estándar de Colombia : Information : Creating service Microsoft.VisualStudio.ProjectSystem.Services.DebugTargetFrameworkServiceFactory from factory with FactoryVersion=Version2 and ClientRequestedVersion=0.1.
05/27/2025 18:14:33 hora estándar de Colombia : Information : Setting up RPC connection for service 'Microsoft.VisualStudio.ProjectSystem.Services.DebugTargetFrameworkServiceFactory' from factory
05/27/2025 18:14:33 hora estándar de Colombia : Information : Creating service Microsoft.VisualStudio.ProjectSystem.Server.QueryExecutionServiceFactory from factory with FactoryVersion=Version2 and ClientRequestedVersion=0.3.
05/27/2025 18:14:33 hora estándar de Colombia : Information : Setting up RPC connection for service 'Microsoft.VisualStudio.ProjectSystem.Server.QueryExecutionServiceFactory' from factory
05/27/2025 18:14:33 hora estándar de Colombia : Information : Completed RPC connection setup for service 'Microsoft.VisualStudio.ProjectSystem.Server.QueryExecutionServiceFactory' from factory
05/27/2025 18:14:33 hora estándar de Colombia : Information : Completed RPC connection setup for service 'Microsoft.VisualStudio.ProjectSystem.Services.DebugTargetFrameworkServiceFactory' from factory
05/27/2025 18:15:10 hora estándar de Colombia : Information : hubHostClr read: Content-Length: 976

{"jsonrpc":"2.0","id":13,"method":"StartServiceAsync","params":[{"name":"Microsoft.VisualStudio.LaunchConfigurationService","host":"dotnet.projectSystem","hostId":"C94B8CFE-E3FD-4BAF-A941-2866DBB566FE","serviceBaseDirectory":"/home/rugery/.vscode/extensions/ms-dotnettools.csdevkit-1.19.63-linux-x64/components/CPS/platforms/linux-x64/node_modules/@microsoft/visualstudio-projectsystem-server.linux-x64","entryPoint":{"assemblyPath":"/home/rugery/.vscode/extensions/ms-dotnettools.csdevkit-1.19.63-linux-x64/components/CPS/platforms/linux-x64/node_modules/@microsoft/visualstudio-projectsystem-server.linux-x64/Microsoft.VisualStudio.ProjectSystem.Server.Implementation.dll","fullClassName":"Microsoft.VisualStudio.ProjectSystem.Server.LaunchConfigurationServiceFactory"}},{"ActivationArguments":{"__servicehub__ServiceHubRemoteServiceBrokerPipeName":"/home/rugery/.ServiceHub/a4c2b48a4c/13dc41cd1f"},"ClientCredentials":{},"ClientCulture":"en-US","ClientUICulture":"en-US"}]}
05/27/2025 18:15:10 hora estándar de Colombia : Information : CLR host received start request for service 'Microsoft.VisualStudio.LaunchConfigurationService'
05/27/2025 18:15:10 hora estándar de Colombia : Information : Loading service module assembly '/home/rugery/.vscode/extensions/ms-dotnettools.csdevkit-1.19.63-linux-x64/components/CPS/platforms/linux-x64/node_modules/@microsoft/visualstudio-projectsystem-server.linux-x64/Microsoft.VisualStudio.ProjectSystem.Server.Implementation.dll' from '/home/rugery/.vscode/extensions/ms-dotnettools.csdevkit-1.19.63-linux-x64/components/CPS/platforms/linux-x64/node_modules/@microsoft/visualstudio-projectsystem-server.linux-x64'
05/27/2025 18:15:10 hora estándar de Colombia : Information : Starting service module 'Microsoft.VisualStudio.LaunchConfigurationService'. Class: Microsoft.VisualStudio.ProjectSystem.Server.LaunchConfigurationServiceFactory, Supported Version: 
05/27/2025 18:15:10 hora estándar de Colombia : Information : Started service 'Microsoft.VisualStudio.LaunchConfigurationService'. Pipe name: /home/rugery/.ServiceHub/a4c2b48a4c/8a64832ab7, Supported Version: 
05/27/2025 18:15:10 hora estándar de Colombia : Information : hubHostClr write: Content-Length: 83

{"jsonrpc":"2.0","id":13,"result":"/home/rugery/.ServiceHub/a4c2b48a4c/8a64832ab7"}
05/27/2025 18:15:10 hora estándar de Colombia : Information : A new client connected to CLR service module 'Microsoft.VisualStudio.LaunchConfigurationService'
05/27/2025 18:15:10 hora estándar de Colombia : Information : Found IServiceHubServiceFactory in cache. Creating instance from the factory.
05/27/2025 18:15:10 hora estándar de Colombia : Information : Checking if 'Microsoft.VisualStudio.ProjectSystem.Server.ProjectTreeProviderFactory' implements Microsoft.VisualStudio.Threading.IAsyncDisposable.
05/27/2025 18:15:10 hora estándar de Colombia : Information : Checking if 'Microsoft.VisualStudio.ProjectSystem.Server.ProjectTreeProviderFactory' implements System.IAsyncDisposable.
05/27/2025 18:15:10 hora estándar de Colombia : Information : Checking if 'Microsoft.VisualStudio.ProjectSystem.Server.ProjectTreeProviderFactory' implements System.IDisposable.
05/27/2025 18:15:10 hora estándar de Colombia : Information : Checking if 'Microsoft.VisualStudio.ProjectSystem.Services.DebugTargetFrameworkServiceFactory' implements Microsoft.VisualStudio.Threading.IAsyncDisposable.
05/27/2025 18:15:10 hora estándar de Colombia : Information : Checking if 'Microsoft.VisualStudio.ProjectSystem.Services.DebugTargetFrameworkServiceFactory' implements System.IAsyncDisposable.
05/27/2025 18:15:10 hora estándar de Colombia : Information : Checking if 'Microsoft.VisualStudio.ProjectSystem.Services.DebugTargetFrameworkServiceFactory' implements System.IDisposable.
05/27/2025 18:15:10 hora estándar de Colombia : Information : Creating service Microsoft.VisualStudio.ProjectSystem.Server.LaunchConfigurationServiceFactory from factory with FactoryVersion=Version2 and ClientRequestedVersion=.
05/27/2025 18:15:10 hora estándar de Colombia : Information : Setting up RPC connection for service 'Microsoft.VisualStudio.ProjectSystem.Server.LaunchConfigurationServiceFactory' from factory
05/27/2025 18:15:10 hora estándar de Colombia : Information : Checking if 'Microsoft.VisualStudio.ProjectSystem.Server.LaunchConfigurationServiceFactory' implements Microsoft.VisualStudio.Threading.IAsyncDisposable.
05/27/2025 18:15:10 hora estándar de Colombia : Information : Checking if 'Microsoft.VisualStudio.ProjectSystem.Server.LaunchConfigurationServiceFactory' implements System.IAsyncDisposable.
05/27/2025 18:15:10 hora estándar de Colombia : Information : Checking if 'Microsoft.VisualStudio.ProjectSystem.Server.LaunchConfigurationServiceFactory' implements System.IDisposable.
05/27/2025 18:15:10 hora estándar de Colombia : Information : Completed RPC connection setup for service 'Microsoft.VisualStudio.ProjectSystem.Server.LaunchConfigurationServiceFactory' from factory
05/27/2025 18:15:10 hora estándar de Colombia : Information : Checking if 'Microsoft.VisualStudio.ProjectSystem.Server.QueryExecutionServiceFactory' implements Microsoft.VisualStudio.Threading.IAsyncDisposable.
05/27/2025 18:15:10 hora estándar de Colombia : Information : Checking if 'Microsoft.VisualStudio.ProjectSystem.Server.QueryExecutionServiceFactory' implements System.IAsyncDisposable.
05/27/2025 18:15:10 hora estándar de Colombia : Information : Checking if 'Microsoft.VisualStudio.ProjectSystem.Server.QueryExecutionServiceFactory' implements System.IDisposable.
05/27/2025 18:15:10 hora estándar de Colombia : Information : Checking if 'Microsoft.VisualStudio.ProjectSystem.Server.LaunchConfigurationServiceFactory' implements Microsoft.VisualStudio.Threading.IAsyncDisposable.
05/27/2025 18:15:10 hora estándar de Colombia : Information : Checking if 'Microsoft.VisualStudio.ProjectSystem.Server.LaunchConfigurationServiceFactory' implements System.IAsyncDisposable.
05/27/2025 18:15:10 hora estándar de Colombia : Information : Checking if 'Microsoft.VisualStudio.ProjectSystem.Server.LaunchConfigurationServiceFactory' implements System.IDisposable.
05/27/2025 18:15:10 hora estándar de Colombia : Information : hubHostClr read: Content-Length: 58

{"jsonrpc":"2.0","id":14,"method":"ExitAsync","params":[]}
05/27/2025 18:15:10 hora estándar de Colombia : Information : Exit command received. Exiting CLR host
05/27/2025 18:15:10 hora estándar de Colombia : Information : Checking if 'Microsoft.VisualStudio.ProjectSystem.Server.ProjectInitializationStatusServiceFactory' implements Microsoft.VisualStudio.Threading.IAsyncDisposable.
05/27/2025 18:15:10 hora estándar de Colombia : Information : Checking if 'Microsoft.VisualStudio.ProjectSystem.Server.ProjectInitializationStatusServiceFactory' implements System.IAsyncDisposable.
05/27/2025 18:15:10 hora estándar de Colombia : Information : Checking if 'Microsoft.VisualStudio.ProjectSystem.Server.ProjectInitializationStatusServiceFactory' implements System.IDisposable.
05/27/2025 18:15:10 hora estándar de Colombia : Information : hubHostClr write: Content-Length: 39

{"jsonrpc":"2.0","id":14,"result":null}
05/27/2025 18:15:10 hora estándar de Colombia : Information : hubHostClr JSON RPC has been disposed
05/27/2025 18:15:10 hora estándar de Colombia : Information : hubHostClr read: end of stream
05/27/2025 18:15:10 hora estándar de Colombia : Information : Checking if 'Microsoft.VisualStudio.ProjectSystem.Server.CompositionServiceFactory' implements Microsoft.VisualStudio.Threading.IAsyncDisposable.
05/27/2025 18:15:10 hora estándar de Colombia : Information : Checking if 'Microsoft.VisualStudio.ProjectSystem.Server.CompositionServiceFactory' implements System.IAsyncDisposable.
05/27/2025 18:15:10 hora estándar de Colombia : Information : Checking if 'Microsoft.VisualStudio.ProjectSystem.Server.CompositionServiceFactory' implements System.IDisposable.
05/27/2025 18:15:10 hora estándar de Colombia : Information : Checking if 'Microsoft.VisualStudio.ProjectSystem.Server.ProjectIconSourceServiceFactory' implements Microsoft.VisualStudio.Threading.IAsyncDisposable.
05/27/2025 18:15:10 hora estándar de Colombia : Information : Checking if 'Microsoft.VisualStudio.ProjectSystem.Server.ProjectIconSourceServiceFactory' implements System.IAsyncDisposable.
05/27/2025 18:15:10 hora estándar de Colombia : Information : Checking if 'Microsoft.VisualStudio.ProjectSystem.Server.ProjectIconSourceServiceFactory' implements System.IDisposable.
