05/27/2025 18:14:16 Colombia Standard Time : Information : Local timezone is (UTC-05:00) Colombia Standard Time (Bogota)
05/27/2025 18:14:18 Colombia Standard Time : Information : VsHubClient-hubController write: Content-Length: 110

{"jsonrpc":"2.0","id":2,"method":"UpdateClientInfoAsync","params":[{"clientName":"VsHubClient","pid":175125}]}
05/27/2025 18:14:18 Colombia Standard Time : Information : VsHubClient-hubController read: Content-Length: 443

{"jsonrpc":"2.0","id":2,"result":{"ClientWatchServerName":"net.pipe://175163905B","ControllerConfig":{"Executable":"/home/rugery/.vscode/extensions/ms-dotnettools.csdevkit-1.19.63-linux-x64/components/vs-green-server/platforms/linux-x64/node_modules/@microsoft/visualstudio-controller.linux-x64/Microsoft.VisualStudio.Code.ServiceController","Args":["a4c2b48a4c"],"PipeName":"a4c2b48a4c"},"HostsConfig":{"RootDir":".","AppConfigFallback":""}}}
05/27/2025 18:14:18 Colombia Standard Time : Information : Connected to Hub Controller's client watch 'net.pipe://175163905B
05/27/2025 18:14:19 Colombia Standard Time : Information : VsHubClient-hubController write: Content-Length: 110

{"jsonrpc":"2.0","id":2,"method":"UpdateClientInfoAsync","params":[{"clientName":"VsHubClient","pid":175125}]}
05/27/2025 18:14:19 Colombia Standard Time : Information : VsHubClient-hubController read: Content-Length: 443

{"jsonrpc":"2.0","id":2,"result":{"ClientWatchServerName":"net.pipe://175163905B","ControllerConfig":{"Executable":"/home/rugery/.vscode/extensions/ms-dotnettools.csdevkit-1.19.63-linux-x64/components/vs-green-server/platforms/linux-x64/node_modules/@microsoft/visualstudio-controller.linux-x64/Microsoft.VisualStudio.Code.ServiceController","Args":["a4c2b48a4c"],"PipeName":"a4c2b48a4c"},"HostsConfig":{"RootDir":".","AppConfigFallback":""}}}
05/27/2025 18:14:19 Colombia Standard Time : Information : VsHubClient-hubController write: Content-Length: 11221


05/27/2025 18:14:19 Colombia Standard Time : Information : VsHubClient-hubController write: {"jsonrpc":"2.0","id":3,"method":"RegisterServicesAsync","params":[{"Microsoft.VisualStudio.CpsProjectIconSourceService":{"host":"dotnet.projectSystem","hostId":"C94B8CFE-E3FD-4BAF-A941-2866DBB566FE","serviceBaseDirectory":"/home/rugery/.vscode/extensions/ms-dotnettools.csdevkit-1.19.63-linux-x64/components/CPS/platforms/linux-x64/node_modules/@microsoft/visualstudio-projectsystem-server.linux-x64","entryPoint":{"assemblyPath":"/home/rugery/.vscode/extensions/ms-dotnettools.csdevkit-1.19.63-linux-x64/components/CPS/platforms/linux-x64/node_modules/@microsoft/visualstudio-projectsystem-server.linux-x64/Microsoft.VisualStudio.ProjectSystem.Server.Implementation.dll","fullClassName":"Microsoft.VisualStudio.ProjectSystem.Server.ProjectIconSourceServiceFactory"}},"Microsoft.VisualStudio.LaunchConfigurationService":{"host":"dotnet.projectSystem","hostId":"C94B8CFE-E3FD-4BAF-A941-2866DBB566FE","serviceBaseDirectory":"/home/rugery/.vscode/extensions/ms-dotnettools.csdevkit-1.19.63-linux-x64/components/CPS/platforms/linux-x64/node_modules/@microsoft/visualstudio-projectsystem-server.linux-x64","entryPoint":{"assemblyPath":"/home/rugery/.vscode/extensions/ms-dotnettools.csdevkit-1.19.63-linux-x64/components/CPS/platforms/linux-x64/node_modules/@microsoft/visualstudio-projectsystem-server.linux-x64/Microsoft.VisualStudio.ProjectSystem.Server.Implementation.dll","fullClassName":"Microsoft.VisualStudio.ProjectSystem.Server.LaunchConfigurationServiceFactory"}},"Microsoft.VisualStudio.ProjectSystem.CompositionService":{"host":"dotnet.projectSystem","hostId":"C94B8CFE-E3FD-4BAF-A941-2866DBB566FE","serviceBaseDirectory":"/home/rugery/.vscode/extensions/ms-dotnettools.csdevkit-1.19.63-linux-x64/components/CPS/platforms/linux-x64/node_modules/@microsoft/visualstudio-projectsystem-server.linux-x64","entryPoint":{"assemblyPath":"/home/rugery/.vscode/extensions/ms-dotnettools.csdevkit-1.19.63-linux-x64/components/CPS/platforms/linux-x64/node_modules/@microsoft/visualstudio-projectsystem-server.linux-x64/Microsoft.VisualStudio.ProjectSystem.Server.Implementation.dll","fullClassName":"Microsoft.VisualStudio.ProjectSystem.Server.CompositionServiceFactory"}},"Microsoft.VisualStudio.ProjectSystem.ProjectInitializationStatusService":{"host":"dotnet.projectSystem","hostId":"C94B8CFE-E3FD-4BAF-A941-2866DBB566FE","serviceBaseDirectory":"/home/rugery/.vscode/extensions/ms-dotnettools.csdevkit-1.19.63-linux-x64/components/CPS/platforms/linux-x64/node_modules/@microsoft/visualstudio-projectsystem-server.linux-x64","entryPoint":{"assemblyPath":"/home/rugery/.vscode/extensions/ms-dotnettools.csdevkit-1.19.63-linux-x64/components/CPS/platforms/linux-x64/node_modules/@microsoft/visualstudio-projectsystem-server.linux-x64/Microsoft.VisualStudio.ProjectSystem.Server.Implementation.dll","fullClassName":"Microsoft.VisualStudio.ProjectSystem.Server.ProjectInitializationStatusServiceFactory"}},"Microsoft.VisualStudio.ProjectSystem.ProjectTreeProvider":{"host":"dotnet.projectSystem","hostId":"C94B8CFE-E3FD-4BAF-A941-2866DBB566FE","serviceBaseDirectory":"/home/rugery/.vscode/extensions/ms-dotnettools.csdevkit-1.19.63-linux-x64/components/CPS/platforms/linux-x64/node_modules/@microsoft/visualstudio-projectsystem-server.linux-x64","entryPoint":{"assemblyPath":"/home/rugery/.vscode/extensions/ms-dotnettools.csdevkit-1.19.63-linux-x64/components/CPS/platforms/linux-x64/node_modules/@microsoft/visualstudio-projectsystem-server.linux-x64/Microsoft.VisualStudio.ProjectSystem.Server.Implementation.dll","fullClassName":"Microsoft.VisualStudio.ProjectSystem.Server.ProjectTreeProviderFactory"}},"Microsoft.VisualStudio.ProjectSystem.Query.Remoting.QueryExecutionService":{"host":"dotnet.projectSystem","hostId":"C94B8CFE-E3FD-4BAF-A941-2866DBB566FE","serviceBaseDirectory":"/home/rugery/.vscode/extensions/ms-dotnettools.csdevkit-1.19.63-linux-x64/components/CPS/platforms/linux-x64/node_modules/@microsoft/visualstudio-projectsystem-server.linux-x64","entryPoint":{"assemblyPath":"/home/rugery/.vscode/extensions/ms-dotnettools.csdevkit-1.19.63-linux-x64/components/CPS/platforms/linux-x64/node_modules/@microsoft/visualstudio-projectsystem-server.linux-x64/Microsoft.VisualStudio.ProjectSystem.Server.Implementation.dll","fullClassName":"Microsoft.VisualStudio.ProjectSystem.Server.QueryExecutionServiceFactory"}},"Microsoft.VisualStudio.TestWindow.VSCode.ProjectSystemProvider.Service":{"host":"dotnet","hostId":"C94B8CFE-E3FD-4BAF-A941-2866DBB566FE","serviceBaseDirectory":"/home/rugery/.vscode/extensions/ms-dotnettools.csdevkit-1.19.63-linux-x64/components/VSUnitTesting/platforms/linux-x64/node_modules/@microsoft/visualstudio-testwindow-vscode-service.linux-x64","entryPoint":{"assemblyPath":"/home/rugery/.vscode/extensions/ms-dotnettools.csdevkit-1.19.63-linux-x64/components/VSUnitTesting/platforms/linux-x64/node_modules/@microsoft/visualstudio-testwindow-vscode-service.linux-x64/Microsoft.VisualStudio.TestWindow.VSCode.Service.dll","fullClassName":"Microsoft.VisualStudio.TestWindow.VSCode.ProjectSystemProvider.Service.ProjectSystemProviderServiceFactory"}},"Microsoft.VisualStudio.TestWindow.VSCode.Service":{"host":"dotnet","hostId":"C94B8CFE-E3FD-4BAF-A941-2866DBB566FE","serviceBaseDirectory":"/home/rugery/.vscode/extensions/ms-dotnettools.csdevkit-1.19.63-linux-x64/components/VSUnitTesting/platforms/linux-x64/node_modules/@microsoft/visualstudio-testwindow-vscode-service.linux-x64","entryPoint":{"assemblyPath":"/home/rugery/.vscode/extensions/ms-dotnettools.csdevkit-1.19.63-linux-x64/components/VSUnitTesting/platforms/linux-x64/node_modules/@microsoft/visualstudio-testwindow-vscode-service.linux-x64/Microsoft.VisualStudio.TestWindow.VSCode.Service.dll","fullClassName":"Microsoft.VisualStudio.TestWindow.VSCode.Service.TestWindowVSCodeServiceFactory"}},"Microsoft.VisualStudio.AspireRunSettingService":{"host":"dotnet.projectSystem","hostId":"C94B8CFE-E3FD-4BAF-A941-2866DBB566FE","serviceBaseDirectory":"/home/rugery/.vscode/extensions/ms-dotnettools.csdevkit-1.19.63-linux-x64/components/WebTools/node_modules/@microsoft/vscode.webtools/Services","entryPoint":{"assemblyPath":"/home/rugery/.vscode/extensions/ms-dotnettools.csdevkit-1.19.63-linux-x64/components/WebTools/node_modules/@microsoft/vscode.webtools/Services/Microsoft.WebTools.Aspire.VSCode.Services.dll","fullClassName":"Microsoft.WebTools.Aspire.VSCode.Services.AspireRunSettingServiceFactory"},"friendServices":["Microsoft.VisualStudio.ProjectSystem.CompositionService"]},"Microsoft.VisualStudio.AspireServer":{"host":"dotnet.aspireServer","hostId":"C94B8CFE-E3FD-4BAF-A941-2866DBB566FE","serviceBaseDirectory":"/home/rugery/.vscode/extensions/ms-dotnettools.csdevkit-1.19.63-linux-x64/components/WebTools/node_modules/@microsoft/vscode.webtools/Services","entryPoint":{"assemblyPath":"/home/rugery/.vscode/extensions/ms-dotnettools.csdevkit-1.19.63-linux-x64/components/WebTools/node_modules/@microsoft/vscode.webtools/Services/Microsoft.WebTools.AspireServer.dll","fullClassName":"Microsoft.WebTools.AspireServer.ServiceFactory"}},"Microsoft.VisualStudio.Debugger.AspireService":{"host":"dotnet.projectSystem","hostId":"C94B8CFE-E3FD-4BAF-A941-2866DBB566FE","serviceBaseDirectory":"/home/rugery/.vscode/extensions/ms-dotnettools.csdevkit-1.19.63-linux-x64/components/WebTools/node_modules/@microsoft/vscode.webtools/Services","entryPoint":{"assemblyPath":"/home/rugery/.vscode/extensions/ms-dotnettools.csdevkit-1.19.63-linux-x64/components/WebTools/node_modules/@microsoft/vscode.webtools/Services/Microsoft.WebTools.Aspire.VSCode.Services.dll","fullClassName":"Microsoft.WebTools.Aspire.VSCode.Services.AspireDebugServiceFactory"},"friendServices":["Microsoft.VisualStudio.ProjectSystem.CompositionService"]},"Microsoft.VisualStudio.WebTools.CssVisualDiagnosticsService":{"host":"dotnet.projectSystem","hostId":"C94B8CFE-E3FD-4BAF-A941-2866DBB566FE","serviceBaseDirectory":"/home/rugery/.vscode/extensions/ms-dotnettools.csdevkit-1.19.63-linux-x64/components/WebTools/node_modules/@microsoft/vscode.webtools","entryPoint":{"assemblyPath":"/home/rugery/.vscode/extensions/ms-dotnettools.csdevkit-1.19.63-linux-x64/components/WebTools/node_modules/@microsoft/vscode.webtools/Microsoft.WebTools.ProjectSystem.VSCode.dll","fullClassName":"Microsoft.WebTools.ProjectSystem.VSCode.VisualDiagnostics.CssVisualDiagnosticsFactory"},"friendServices":["Microsoft.VisualStudio.ProjectSystem.CompositionService"]},"Microsoft.VisualStudio.ProjectSystem.DebugTargetFrameworkService":{"host":"dotnet.projectSystem","hostId":"C94B8CFE-E3FD-4BAF-A941-2866DBB566FE","serviceBaseDirectory":"/home/rugery/.vscode/extensions/ms-dotnettools.csdevkit-1.19.63-linux-x64/components/dotnet-project-system-vscode/node_modules/@microsoft/vscode.projectsystem.managed/Services","entryPoint":{"assemblyPath":"/home/rugery/.vscode/extensions/ms-dotnettools.csdevkit-1.19.63-linux-x64/components/dotnet-project-system-vscode/node_modules/@microsoft/vscode.projectsystem.managed/Services/Microsoft.ProjectSystem.Managed.VSCode.Services.dll","fullClassName":"Microsoft.VisualStudio.ProjectSystem.Services.DebugTargetFrameworkServiceFactory"},"friendServices":["Microsoft.VisualStudio.ProjectSystem.CompositionService"]},"Microsoft.VisualStudio.ProjectQueryTestService":{"host":"dotnet","hostId":"C94B8CFE-E3FD-4BAF-A941-2866DBB566FE","serviceBaseDirectory":"/home/rugery/.vscode/extensions/ms-dotnettools.csdevkit-1.19.63-linux-x64/components/vs-green-server/platforms/linux-x64/node_modules/@microsoft/visualstudio-server-samples-sayhello.linux-x64","entryPoint":{"assemblyPath":"/home/rugery/.vscode/extensions/ms-dotnettools.csdevkit-1.19.63-linux-x64/components/vs-green-server/platforms/linux-x64/node_modules/@microsoft/visualstudio-server-samples-sayhello.linux-x64/Microsoft.VisualStudio.Samples.SayHello.dll","fullClassName":"Microsoft.VisualStudio.Samples.SayHello.ProjectQueryTestServiceFactory"}},"helloServiceHubDotNetHost":{"host":"dotnet","hostId":"C94B8CFE-E3FD-4BAF-A941-2866DBB566FE","serviceBaseDirectory":"/home/rugery/.vscode/extensions/ms-dotnettools.csdevkit-1.19.63-linux-x64/components/vs-green-server/platforms/linux-x64/node_modules/@microsoft/visualstudio-server-samples-sayhello.linux-x64","entryPoint":{"assemblyPath":"/home/rugery/.vscode/extensions/ms-dotnettools.csdevkit-1.19.63-linux-x64/components/vs-green-server/platforms/linux-x64/node_modules/@microsoft/visualstudio-server-samples-sayhello.linux-x64/Microsoft.VisualStudio.Samples.SayHello.dll","fullClassName":"Microsoft.VisualStudio.Samples.SayHello.HelloWorldFactory"}},"vs-intellicode-base-models":{"host":"dotnet","hostId":"C94B8CFE-E3FD-4BAF-A941-2866DBB566FE","serviceBaseDirectory":"/home/rugery/.vscode/extensions/ms-dotnettools.vscodeintellicode-csharp-2.2.3-linux-x64/components/model-service/platforms/linux-x64/node_modules/@vsintellicode/model-service.linux-x64","entryPoint":{"assemblyPath":"/home/rugery/.vscode/extensions/ms-dotnettools.vscodeintellicode-csharp-2.2.3-linux-x64/components/model-service/platforms/linux-x64/node_modules/@vsintellicode/model-service.linux-x64/Microsoft.VisualStudio.IntelliCode.CSharp.BaseModelService.dll","fullClassName":"Microsoft.VisualStudio.IntelliCode.BaseModelService.BaseModelServiceFactory"}}}]}
05/27/2025 18:14:19 Colombia Standard Time : Information : VsHubClient-hubController read: Content-Length: 38

{"jsonrpc":"2.0","id":3,"result":null}
05/27/2025 18:14:19 Colombia Standard Time : Information : VsHubClient-hubController write: Content-Length: 346

{"jsonrpc":"2.0","id":5,"method":"requestServiceChannel","params":[{"Name":"Microsoft.VisualStudio.TestWindow.VSCode.Service","Version":"0.1"},{"ActivationArguments":{"__servicehub__ServiceHubRemoteServiceBrokerPipeName":"/home/rugery/.ServiceHub/a4c2b48a4c/f149b6c4e7"},"ClientCredentials":{},"ClientCulture":"en-US","ClientUICulture":"en-US"}]}
05/27/2025 18:14:19 Colombia Standard Time : Information : VsHubClient-hubController write: Content-Length: 331

{"jsonrpc":"2.0","id":4,"method":"requestServiceChannel","params":[{"Name":"Microsoft.VisualStudio.LaunchConfigurationService"},{"ActivationArguments":{"__servicehub__ServiceHubRemoteServiceBrokerPipeName":"/home/rugery/.ServiceHub/a4c2b48a4c/34aaf818f1"},"ClientCredentials":{},"ClientCulture":"en-US","ClientUICulture":"en-US"}]}Content-Length: 354

{"jsonrpc":"2.0","id":3,"method":"requestServiceChannel","params":[{"Name":"Microsoft.VisualStudio.ProjectSystem.ProjectTreeProvider","Version":"0.1"},{"ActivationArguments":{"__servicehub__ServiceHubRemoteServiceBrokerPipeName":"/home/rugery/.ServiceHub/a4c2b48a4c/5d3e6901f0"},"ClientCredentials":{},"ClientCulture":"en-US","ClientUICulture":"en-US"}]}Content-Length: 324

{"jsonrpc":"2.0","id":7,"method":"requestServiceChannel","params":[{"Name":"vs-intellicode-base-models","Version":"0.1"},{"ActivationArguments":{"__servicehub__ServiceHubRemoteServiceBrokerPipeName":"/home/rugery/.ServiceHub/a4c2b48a4c/59e0f0d713"},"ClientCredentials":{},"ClientCulture":"en-US","ClientUICulture":"en-US"}]}Content-Length: 369

{"jsonrpc":"2.0","id":6,"method":"requestServiceChannel","params":[{"Name":"Microsoft.VisualStudio.ProjectSystem.ProjectInitializationStatusService","Version":"0.1"},{"ActivationArguments":{"__servicehub__ServiceHubRemoteServiceBrokerPipeName":"/home/rugery/.ServiceHub/a4c2b48a4c/78150bba28"},"ClientCredentials":{},"ClientCulture":"en-US","ClientUICulture":"en-US"}]}
05/27/2025 18:14:19 Colombia Standard Time : Information : VsHubClient-hubController write: Content-Length: 369

{"jsonrpc":"2.0","id":8,"method":"requestServiceChannel","params":[{"Name":"Microsoft.VisualStudio.ProjectSystem.ProjectInitializationStatusService","Version":"0.1"},{"ActivationArguments":{"__servicehub__ServiceHubRemoteServiceBrokerPipeName":"/home/rugery/.ServiceHub/a4c2b48a4c/16def6ab53"},"ClientCredentials":{},"ClientCulture":"en-US","ClientUICulture":"en-US"}]}
05/27/2025 18:14:21 Colombia Standard Time : Information : VsHubClient-hubController read: Content-Length: 162

{"jsonrpc":"2.0","id":4,"result":{"RequestId":"ee5fa083-abc9-4d70-a41b-cc27ab02f13b","PipeName":"/home/rugery/.ServiceHub/a4c2b48a4c/a805304ae2","IsEmpty":false}}Content-Length: 162

{"jsonrpc":"2.0","id":6,"result":{"RequestId":"79f63af1-1a8f-4c66-b16a-ac0fe362de0d","PipeName":"/home/rugery/.ServiceHub/a4c2b48a4c/094170a90b","IsEmpty":false}}Content-Length: 162

{"jsonrpc":"2.0","id":3,"result":{"RequestId":"0f5305a6-8815-43ed-bfc6-20aa75d782b9","PipeName":"/home/rugery/.ServiceHub/a4c2b48a4c/e24bde121e","IsEmpty":false}}Content-Length: 162

{"jsonrpc":"2.0","id":8,"result":{"RequestId":"efcedb88-2919-48ca-b30e-0ad39d9c301a","PipeName":"/home/rugery/.ServiceHub/a4c2b48a4c/130cf76d56","IsEmpty":false}}
05/27/2025 18:14:21 Colombia Standard Time : Information : VsHubClient-hubController read: Content-Length: 162

{"jsonrpc":"2.0","id":7,"result":{"RequestId":"22aafff6-1b0a-4dc7-8f94-e381afdf7d4b","PipeName":"/home/rugery/.ServiceHub/a4c2b48a4c/911c8b32d0","IsEmpty":false}}
05/27/2025 18:14:22 Colombia Standard Time : Information : VsHubClient-hubController read: Content-Length: 162

{"jsonrpc":"2.0","id":5,"result":{"RequestId":"22cc5f20-6ccc-4c7b-ad98-8c6ee73db7c6","PipeName":"/home/rugery/.ServiceHub/a4c2b48a4c/48e738ac6a","IsEmpty":false}}
05/27/2025 18:14:22 Colombia Standard Time : Information : Disposing ServiceBroker server '/home/rugery/.ServiceHub/a4c2b48a4c/78150bba28'.
05/27/2025 18:14:22 Colombia Standard Time : Information : Disposing ServiceBroker server '/home/rugery/.ServiceHub/a4c2b48a4c/5d3e6901f0'.
05/27/2025 18:14:22 Colombia Standard Time : Information : Disposing ServiceBroker server '/home/rugery/.ServiceHub/a4c2b48a4c/16def6ab53'.
05/27/2025 18:14:22 Colombia Standard Time : Information : Disposing ServiceBroker server '/home/rugery/.ServiceHub/a4c2b48a4c/34aaf818f1'.
05/27/2025 18:14:22 Colombia Standard Time : Information : Disposing ServiceBroker server '/home/rugery/.ServiceHub/a4c2b48a4c/f149b6c4e7'.
05/27/2025 18:14:22 Colombia Standard Time : Information : Disposing ServiceBroker server '/home/rugery/.ServiceHub/a4c2b48a4c/59e0f0d713'.
05/27/2025 18:14:22 Colombia Standard Time : Information : Microsoft.VisualStudio.ProjectSystem.ProjectInitializationStatusService-RemoteServiceBrokerServer read: Content-Length: 193

{"jsonrpc":"2.0","id":2,"method":"handshake","params":[{"supportedConnections":"IpcPipe","localServiceHost":{"operatingSystem":1,"processArchitecture":1,"runtime":2,"runtimeVersion":"9.0.5"}}]}
05/27/2025 18:14:22 Colombia Standard Time : Information : Microsoft.VisualStudio.ProjectSystem.ProjectInitializationStatusService-RemoteServiceBrokerServer write: Content-Length: 38

{"jsonrpc":"2.0","id":2,"result":null}
05/27/2025 18:14:22 Colombia Standard Time : Information : Microsoft.VisualStudio.TestWindow.VSCode.Service-RemoteServiceBrokerServer read: Content-Length: 193

{"jsonrpc":"2.0","id":2,"method":"handshake","params":[{"supportedConnections":"IpcPipe","localServiceHost":{"operatingSystem":1,"processArchitecture":1,"runtime":2,"runtimeVersion":"9.0.5"}}]}
05/27/2025 18:14:22 Colombia Standard Time : Information : Microsoft.VisualStudio.ProjectSystem.ProjectTreeProvider-RemoteServiceBrokerServer read: Content-Length: 193

{"jsonrpc":"2.0","id":2,"method":"handshake","params":[{"supportedConnections":"IpcPipe","localServiceHost":{"operatingSystem":1,"processArchitecture":1,"runtime":2,"runtimeVersion":"9.0.5"}}]}
05/27/2025 18:14:22 Colombia Standard Time : Information : Microsoft.VisualStudio.LaunchConfigurationService-RemoteServiceBrokerServer read: Content-Length: 193

{"jsonrpc":"2.0","id":2,"method":"handshake","params":[{"supportedConnections":"IpcPipe","localServiceHost":{"operatingSystem":1,"processArchitecture":1,"runtime":2,"runtimeVersion":"9.0.5"}}]}
05/27/2025 18:14:22 Colombia Standard Time : Information : Microsoft.VisualStudio.TestWindow.VSCode.Service-RemoteServiceBrokerServer write: Content-Length: 38

{"jsonrpc":"2.0","id":2,"result":null}
05/27/2025 18:14:22 Colombia Standard Time : Information : Microsoft.VisualStudio.ProjectSystem.ProjectTreeProvider-RemoteServiceBrokerServer write: Content-Length: 38

{"jsonrpc":"2.0","id":2,"result":null}
05/27/2025 18:14:22 Colombia Standard Time : Information : Microsoft.VisualStudio.LaunchConfigurationService-RemoteServiceBrokerServer write: Content-Length: 38

{"jsonrpc":"2.0","id":2,"result":null}
05/27/2025 18:14:22 Colombia Standard Time : Information : Microsoft.VisualStudio.ProjectSystem.ProjectInitializationStatusService-RemoteServiceBrokerServer read: Content-Length: 193

{"jsonrpc":"2.0","id":2,"method":"handshake","params":[{"supportedConnections":"IpcPipe","localServiceHost":{"operatingSystem":1,"processArchitecture":1,"runtime":2,"runtimeVersion":"9.0.5"}}]}
05/27/2025 18:14:22 Colombia Standard Time : Information : Microsoft.VisualStudio.ProjectSystem.ProjectInitializationStatusService-RemoteServiceBrokerServer write: Content-Length: 38

{"jsonrpc":"2.0","id":2,"result":null}
05/27/2025 18:14:22 Colombia Standard Time : Information : vs-intellicode-base-models-RemoteServiceBrokerServer read: Content-Length: 193

{"jsonrpc":"2.0","id":2,"method":"handshake","params":[{"supportedConnections":"IpcPipe","localServiceHost":{"operatingSystem":1,"processArchitecture":1,"runtime":2,"runtimeVersion":"9.0.5"}}]}
05/27/2025 18:14:22 Colombia Standard Time : Information : vs-intellicode-base-models-RemoteServiceBrokerServer write: Content-Length: 38

{"jsonrpc":"2.0","id":2,"result":null}
05/27/2025 18:14:22 Colombia Standard Time : Information : Microsoft.VisualStudio.ProjectSystem.ProjectInitializationStatusService-RemoteServiceBrokerServer read: Content-Length: 183

{"jsonrpc":"2.0","id":3,"method":"requestServiceChannel","params":[{"name":"Microsoft.ServiceHub.Framework.AuthorizationService"},{"clientCulture":"en-US","clientUICulture":"en-US"}]}
05/27/2025 18:14:22 Colombia Standard Time : Information : Microsoft.VisualStudio.ProjectSystem.ProjectTreeProvider-RemoteServiceBrokerServer read: Content-Length: 183

{"jsonrpc":"2.0","id":3,"method":"requestServiceChannel","params":[{"name":"Microsoft.ServiceHub.Framework.AuthorizationService"},{"clientCulture":"en-US","clientUICulture":"en-US"}]}
05/27/2025 18:14:22 Colombia Standard Time : Information : Microsoft.VisualStudio.LaunchConfigurationService-RemoteServiceBrokerServer read: Content-Length: 183

{"jsonrpc":"2.0","id":3,"method":"requestServiceChannel","params":[{"name":"Microsoft.ServiceHub.Framework.AuthorizationService"},{"clientCulture":"en-US","clientUICulture":"en-US"}]}
05/27/2025 18:14:22 Colombia Standard Time : Information : Microsoft.VisualStudio.ProjectSystem.ProjectInitializationStatusService-RemoteServiceBrokerServer read: Content-Length: 183

{"jsonrpc":"2.0","id":3,"method":"requestServiceChannel","params":[{"name":"Microsoft.ServiceHub.Framework.AuthorizationService"},{"clientCulture":"en-US","clientUICulture":"en-US"}]}
05/27/2025 18:14:22 Colombia Standard Time : Information : Microsoft.VisualStudio.ProjectSystem.ProjectTreeProvider-RemoteServiceBrokerServer write: Content-Length: 137

{"jsonrpc":"2.0","id":3,"result":{"requestId":"def3b67e-130b-4b23-b808-583169ed8933","pipeName":"/tmp/c5cb10e5888b414f88911696aecc8bf9"}}
05/27/2025 18:14:22 Colombia Standard Time : Information : Microsoft.VisualStudio.TestWindow.VSCode.Service-RemoteServiceBrokerServer read: Content-Length: 183

{"jsonrpc":"2.0","id":3,"method":"requestServiceChannel","params":[{"name":"Microsoft.ServiceHub.Framework.AuthorizationService"},{"clientCulture":"en-US","clientUICulture":"en-US"}]}
05/27/2025 18:14:22 Colombia Standard Time : Information : vs-intellicode-base-models-RemoteServiceBrokerServer read: Content-Length: 183

{"jsonrpc":"2.0","id":3,"method":"requestServiceChannel","params":[{"name":"Microsoft.ServiceHub.Framework.AuthorizationService"},{"clientCulture":"en-US","clientUICulture":"en-US"}]}
05/27/2025 18:14:22 Colombia Standard Time : Information : Microsoft.VisualStudio.ProjectSystem.ProjectInitializationStatusService-RemoteServiceBrokerServer write: Content-Length: 137

{"jsonrpc":"2.0","id":3,"result":{"requestId":"98792fd7-f2bb-4c0a-ae65-b62ee73f8c1b","pipeName":"/tmp/169bbe5690a64b6d8530f1fa359d8d67"}}
05/27/2025 18:14:22 Colombia Standard Time : Information : Microsoft.VisualStudio.ProjectSystem.ProjectInitializationStatusService-RemoteServiceBrokerServer write: Content-Length: 137

{"jsonrpc":"2.0","id":3,"result":{"requestId":"f68a465d-f241-4007-ac60-0cffc65d978b","pipeName":"/tmp/05274ed55fd0445ba14a2728acac9fbc"}}
05/27/2025 18:14:22 Colombia Standard Time : Information : Microsoft.VisualStudio.LaunchConfigurationService-RemoteServiceBrokerServer write: Content-Length: 137

{"jsonrpc":"2.0","id":3,"result":{"requestId":"744a2946-80bd-4dc6-9bf4-e42926fad676","pipeName":"/tmp/80bc8f53ee0e4f418d701d87e5a3160f"}}
05/27/2025 18:14:22 Colombia Standard Time : Information : Microsoft.VisualStudio.TestWindow.VSCode.Service-RemoteServiceBrokerServer write: Content-Length: 137

{"jsonrpc":"2.0","id":3,"result":{"requestId":"29d08c84-edca-42ed-b682-66c7353e2f6a","pipeName":"/tmp/a8d0340484f24469b42550760c7c70f0"}}
05/27/2025 18:14:22 Colombia Standard Time : Information : vs-intellicode-base-models-RemoteServiceBrokerServer write: Content-Length: 137

{"jsonrpc":"2.0","id":3,"result":{"requestId":"03d4cb8d-a158-49b3-94dd-463714043093","pipeName":"/tmp/181dec63cac24ab9afe21f1042e07a5f"}}
05/27/2025 18:14:22 Colombia Standard Time : Information : Microsoft.VisualStudio.LaunchConfigurationService-RemoteServiceBrokerServer read: Content-Length: 203

{"jsonrpc":"2.0","id":4,"method":"requestServiceChannel","params":[{"name":"Microsoft.VisualStudio.ProjectSystem.CompositionService","version":"0.1"},{"clientCulture":"en-US","clientUICulture":"en-US"}]}
05/27/2025 18:14:22 Colombia Standard Time : Information : VsHubClient-hubController write: Content-Length: 353

{"jsonrpc":"2.0","id":9,"method":"requestServiceChannel","params":[{"Name":"Microsoft.VisualStudio.ProjectSystem.CompositionService","Version":"0.1"},{"ActivationArguments":{"__servicehub__ServiceHubRemoteServiceBrokerPipeName":"/home/rugery/.ServiceHub/a4c2b48a4c/ba8cf91f1a"},"ClientCredentials":{},"ClientCulture":"en-US","ClientUICulture":"en-US"}]}
05/27/2025 18:14:22 Colombia Standard Time : Information : VsHubClient-hubController read: Content-Length: 162

{"jsonrpc":"2.0","id":9,"result":{"RequestId":"58b12ae7-bda9-4fa5-b651-3687b1ffb836","PipeName":"/home/rugery/.ServiceHub/a4c2b48a4c/8bd262a600","IsEmpty":false}}
05/27/2025 18:14:22 Colombia Standard Time : Information : Microsoft.VisualStudio.LaunchConfigurationService-RemoteServiceBrokerServer write: Content-Length: 146

{"jsonrpc":"2.0","id":4,"result":{"requestId":"58b12ae7-bda9-4fa5-b651-3687b1ffb836","pipeName":"/home/rugery/.ServiceHub/a4c2b48a4c/8bd262a600"}}
05/27/2025 18:14:22 Colombia Standard Time : Information : Disposing ServiceBroker server '/home/rugery/.ServiceHub/a4c2b48a4c/ba8cf91f1a'.
05/27/2025 18:14:22 Colombia Standard Time : Information : Microsoft.VisualStudio.ProjectSystem.CompositionService-RemoteServiceBrokerServer read: Content-Length: 193

{"jsonrpc":"2.0","id":2,"method":"handshake","params":[{"supportedConnections":"IpcPipe","localServiceHost":{"operatingSystem":1,"processArchitecture":1,"runtime":2,"runtimeVersion":"9.0.5"}}]}
05/27/2025 18:14:22 Colombia Standard Time : Information : Microsoft.VisualStudio.ProjectSystem.CompositionService-RemoteServiceBrokerServer write: Content-Length: 38

{"jsonrpc":"2.0","id":2,"result":null}
05/27/2025 18:14:22 Colombia Standard Time : Information : Microsoft.VisualStudio.ProjectSystem.CompositionService-RemoteServiceBrokerServer read: Content-Length: 183

{"jsonrpc":"2.0","id":3,"method":"requestServiceChannel","params":[{"name":"Microsoft.ServiceHub.Framework.AuthorizationService"},{"clientCulture":"en-US","clientUICulture":"en-US"}]}
05/27/2025 18:14:22 Colombia Standard Time : Information : Microsoft.VisualStudio.ProjectSystem.CompositionService-RemoteServiceBrokerServer write: Content-Length: 137

{"jsonrpc":"2.0","id":3,"result":{"requestId":"8ec30d11-d4c4-4e1a-98ab-0e9d2978c81c","pipeName":"/tmp/87942802ba5843448bc4a25225b0e6af"}}
05/27/2025 18:14:22 Colombia Standard Time : Information : Microsoft.VisualStudio.ProjectSystem.CompositionService-RemoteServiceBrokerServer read: Content-Length: 194

{"jsonrpc":"2.0","id":4,"method":"requestServiceChannel","params":[{"name":"Microsoft.VisualStudio.ComponentExportsService","version":"0.1"},{"clientCulture":"en-US","clientUICulture":"en-US"}]}Content-Length: 197

{"jsonrpc":"2.0","id":5,"method":"requestServiceChannel","params":[{"name":"Microsoft.VisualStudio.NoDelay.EnvironmentService","version":"0.1"},{"clientCulture":"en-US","clientUICulture":"en-US"}]}
05/27/2025 18:14:22 Colombia Standard Time : Information : Microsoft.VisualStudio.ProjectSystem.CompositionService-RemoteServiceBrokerServer write: Content-Length: 137

{"jsonrpc":"2.0","id":4,"result":{"requestId":"566eaa6a-02df-4ed3-9ca1-03d3c6ac7ad8","pipeName":"/tmp/dc1b90448d64485f9f03bc1f953fb309"}}
05/27/2025 18:14:22 Colombia Standard Time : Information : Microsoft.VisualStudio.ProjectSystem.CompositionService-RemoteServiceBrokerServer write: Content-Length: 137

{"jsonrpc":"2.0","id":5,"result":{"requestId":"dcfd25ce-0ca6-47aa-b9ab-dfd7279c079c","pipeName":"/tmp/d1c9bfd6b4b5410fb1cceb1424fd9e72"}}
05/27/2025 18:14:25 Colombia Standard Time : Information : Microsoft.VisualStudio.ProjectSystem.CompositionService-RemoteServiceBrokerServer read: Content-Length: 204

{"jsonrpc":"2.0","id":6,"method":"requestServiceChannel","params":[{"name":"Microsoft.VisualStudio.ActiveDocumentsInformationService","version":"0.1"},{"clientCulture":"en-US","clientUICulture":"en-US"}]}
05/27/2025 18:14:25 Colombia Standard Time : Information : Microsoft.VisualStudio.ProjectSystem.CompositionService-RemoteServiceBrokerServer write: Content-Length: 137

{"jsonrpc":"2.0","id":6,"result":{"requestId":"830cbb04-d250-4f4c-b9ea-5c268e07f438","pipeName":"/tmp/9c26bb3575ff413f80ced3d3bf4d3570"}}
05/27/2025 18:14:25 Colombia Standard Time : Information : VsHubClient-hubController write: Content-Length: 325

{"jsonrpc":"2.0","id":10,"method":"requestServiceChannel","params":[{"Name":"vs-intellicode-base-models","Version":"0.1"},{"ActivationArguments":{"__servicehub__ServiceHubRemoteServiceBrokerPipeName":"/home/rugery/.ServiceHub/a4c2b48a4c/67e9cce427"},"ClientCredentials":{},"ClientCulture":"es-CO","ClientUICulture":"en-US"}]}
05/27/2025 18:14:25 Colombia Standard Time : Information : Microsoft.VisualStudio.ProjectSystem.CompositionService-RemoteServiceBrokerServer read: Content-Length: 242

{"jsonrpc":"2.0","id":7,"method":"requestServiceChannel","params":[{"name":"Microsoft.VisualStudio.NuGetSolutionRestoreService","version":"0.1"},{"activationArguments":{"needEvents":"True"},"clientCulture":"en-US","clientUICulture":"en-US"}]}
05/27/2025 18:14:25 Colombia Standard Time : Information : VsHubClient-hubController read: Content-Length: 163

{"jsonrpc":"2.0","id":10,"result":{"RequestId":"deb9e1c3-b7d5-4997-b405-2594598da185","PipeName":"/home/rugery/.ServiceHub/a4c2b48a4c/a55ddb74c0","IsEmpty":false}}
05/27/2025 18:14:25 Colombia Standard Time : Information : Disposing ServiceBroker server '/home/rugery/.ServiceHub/a4c2b48a4c/67e9cce427'.
05/27/2025 18:14:25 Colombia Standard Time : Information : Microsoft.VisualStudio.ProjectSystem.CompositionService-RemoteServiceBrokerServer write: Content-Length: 137

{"jsonrpc":"2.0","id":7,"result":{"requestId":"dfe37f95-cb0a-4f02-be11-d6bb0c998bb3","pipeName":"/tmp/74c935ed02c34167a0c5c631062994c1"}}
05/27/2025 18:14:25 Colombia Standard Time : Information : Microsoft.VisualStudio.ProjectSystem.CompositionService-RemoteServiceBrokerServer read: Content-Length: 270

{"jsonrpc":"2.0","id":8,"method":"requestServiceChannel","params":[{"name":"Microsoft.VisualStudio.CpsProjectIconSourceService","version":"0.1"},{"clientCulture":"en-US","clientUICulture":"en-US"}],"traceparent":"00-07227ad7276fe24f954a19f84b993a8a-1dc9a3f43103aa4f-00"}
05/27/2025 18:14:25 Colombia Standard Time : Information : VsHubClient-hubController write: Content-Length: 349

{"jsonrpc":"2.0","id":11,"method":"requestServiceChannel","params":[{"Name":"Microsoft.VisualStudio.CpsProjectIconSourceService","Version":"0.1"},{"ActivationArguments":{"__servicehub__ServiceHubRemoteServiceBrokerPipeName":"/home/rugery/.ServiceHub/a4c2b48a4c/9509c4a26c"},"ClientCredentials":{},"ClientCulture":"en-US","ClientUICulture":"en-US"}]}
05/27/2025 18:14:25 Colombia Standard Time : Information : VsHubClient-hubController read: Content-Length: 163

{"jsonrpc":"2.0","id":11,"result":{"RequestId":"02cc1904-5908-403a-93f8-03295b51afa1","PipeName":"/home/rugery/.ServiceHub/a4c2b48a4c/18293c1171","IsEmpty":false}}
05/27/2025 18:14:25 Colombia Standard Time : Information : Microsoft.VisualStudio.ProjectSystem.CompositionService-RemoteServiceBrokerServer write: Content-Length: 146

{"jsonrpc":"2.0","id":8,"result":{"requestId":"02cc1904-5908-403a-93f8-03295b51afa1","pipeName":"/home/rugery/.ServiceHub/a4c2b48a4c/18293c1171"}}
05/27/2025 18:14:25 Colombia Standard Time : Information : vs-intellicode-base-models-RemoteServiceBrokerServer read: Content-Length: 193

{"jsonrpc":"2.0","id":2,"method":"handshake","params":[{"supportedConnections":"IpcPipe","localServiceHost":{"operatingSystem":1,"processArchitecture":1,"runtime":2,"runtimeVersion":"9.0.5"}}]}
05/27/2025 18:14:25 Colombia Standard Time : Information : Disposing ServiceBroker server '/home/rugery/.ServiceHub/a4c2b48a4c/9509c4a26c'.
05/27/2025 18:14:25 Colombia Standard Time : Information : vs-intellicode-base-models-RemoteServiceBrokerServer write: Content-Length: 38

{"jsonrpc":"2.0","id":2,"result":null}
05/27/2025 18:14:25 Colombia Standard Time : Information : vs-intellicode-base-models-RemoteServiceBrokerServer read: Content-Length: 183

{"jsonrpc":"2.0","id":3,"method":"requestServiceChannel","params":[{"name":"Microsoft.ServiceHub.Framework.AuthorizationService"},{"clientCulture":"es-CO","clientUICulture":"en-US"}]}
05/27/2025 18:14:25 Colombia Standard Time : Information : Microsoft.VisualStudio.CpsProjectIconSourceService-RemoteServiceBrokerServer read: Content-Length: 193

{"jsonrpc":"2.0","id":2,"method":"handshake","params":[{"supportedConnections":"IpcPipe","localServiceHost":{"operatingSystem":1,"processArchitecture":1,"runtime":2,"runtimeVersion":"9.0.5"}}]}
05/27/2025 18:14:25 Colombia Standard Time : Information : Microsoft.VisualStudio.CpsProjectIconSourceService-RemoteServiceBrokerServer write: Content-Length: 38

{"jsonrpc":"2.0","id":2,"result":null}
05/27/2025 18:14:25 Colombia Standard Time : Information : Microsoft.VisualStudio.CpsProjectIconSourceService-RemoteServiceBrokerServer read: Content-Length: 183

{"jsonrpc":"2.0","id":3,"method":"requestServiceChannel","params":[{"name":"Microsoft.ServiceHub.Framework.AuthorizationService"},{"clientCulture":"en-US","clientUICulture":"en-US"}]}
05/27/2025 18:14:25 Colombia Standard Time : Information : vs-intellicode-base-models-RemoteServiceBrokerServer write: Content-Length: 137

{"jsonrpc":"2.0","id":3,"result":{"requestId":"faecf1f8-ebf4-4432-809c-5bb0d52a5b85","pipeName":"/tmp/87ccbbac5d4c4daeb21f6872004b5ff5"}}
05/27/2025 18:14:25 Colombia Standard Time : Information : Microsoft.VisualStudio.CpsProjectIconSourceService-RemoteServiceBrokerServer write: Content-Length: 137

{"jsonrpc":"2.0","id":3,"result":{"requestId":"9682d1da-10ab-489c-ac00-4560511c237a","pipeName":"/tmp/148b9bdefac34c0cb3f67c5b8dbf26f9"}}
05/27/2025 18:14:26 Colombia Standard Time : Information : VsHubClient-hubController write: Content-Length: 369

{"jsonrpc":"2.0","id":12,"method":"requestServiceChannel","params":[{"Name":"Microsoft.VisualStudio.TestWindow.VSCode.ProjectSystemProvider.Service","Version":"0.1"},{"ActivationArguments":{"__servicehub__ServiceHubRemoteServiceBrokerPipeName":"/home/rugery/.ServiceHub/a4c2b48a4c/181b2f7be8"},"ClientCredentials":{},"ClientCulture":"en-US","ClientUICulture":"en-US"}]}
05/27/2025 18:14:26 Colombia Standard Time : Information : VsHubClient-hubController read: Content-Length: 163

{"jsonrpc":"2.0","id":12,"result":{"RequestId":"7584fdc0-ee34-4f40-abea-148449b0b5cd","PipeName":"/home/rugery/.ServiceHub/a4c2b48a4c/39ef604dd5","IsEmpty":false}}
05/27/2025 18:14:26 Colombia Standard Time : Information : Disposing ServiceBroker server '/home/rugery/.ServiceHub/a4c2b48a4c/181b2f7be8'.
05/27/2025 18:14:26 Colombia Standard Time : Information : Microsoft.VisualStudio.TestWindow.VSCode.ProjectSystemProvider.Service-RemoteServiceBrokerServer read: Content-Length: 193

{"jsonrpc":"2.0","id":2,"method":"handshake","params":[{"supportedConnections":"IpcPipe","localServiceHost":{"operatingSystem":1,"processArchitecture":1,"runtime":2,"runtimeVersion":"9.0.5"}}]}
05/27/2025 18:14:26 Colombia Standard Time : Information : Microsoft.VisualStudio.TestWindow.VSCode.ProjectSystemProvider.Service-RemoteServiceBrokerServer write: Content-Length: 38

{"jsonrpc":"2.0","id":2,"result":null}
05/27/2025 18:14:26 Colombia Standard Time : Information : Microsoft.VisualStudio.TestWindow.VSCode.ProjectSystemProvider.Service-RemoteServiceBrokerServer read: Content-Length: 183

{"jsonrpc":"2.0","id":3,"method":"requestServiceChannel","params":[{"name":"Microsoft.ServiceHub.Framework.AuthorizationService"},{"clientCulture":"en-US","clientUICulture":"en-US"}]}
05/27/2025 18:14:26 Colombia Standard Time : Information : Microsoft.VisualStudio.TestWindow.VSCode.ProjectSystemProvider.Service-RemoteServiceBrokerServer write: Content-Length: 137

{"jsonrpc":"2.0","id":3,"result":{"requestId":"3fa8deb8-6097-4652-8842-02cc7f445e4d","pipeName":"/tmp/a279eb8a46f44ec5975548ad0049662b"}}
05/27/2025 18:14:26 Colombia Standard Time : Information : Microsoft.VisualStudio.TestWindow.VSCode.ProjectSystemProvider.Service-RemoteServiceBrokerServer read: Content-Length: 293

{"jsonrpc":"2.0","id":4,"method":"requestServiceChannel","params":[{"name":"Microsoft.VisualStudio.ProjectSystem.Query.Remoting.QueryExecutionService","version":"0.3"},{"clientCulture":"en-US","clientUICulture":"en-US"}],"traceparent":"00-d568afee3b3f9645a0fb9ae50e5c911a-42861fa046b83b49-00"}
05/27/2025 18:14:26 Colombia Standard Time : Information : VsHubClient-hubController write: Content-Length: 372

{"jsonrpc":"2.0","id":13,"method":"requestServiceChannel","params":[{"Name":"Microsoft.VisualStudio.ProjectSystem.Query.Remoting.QueryExecutionService","Version":"0.3"},{"ActivationArguments":{"__servicehub__ServiceHubRemoteServiceBrokerPipeName":"/home/rugery/.ServiceHub/a4c2b48a4c/023e578b50"},"ClientCredentials":{},"ClientCulture":"en-US","ClientUICulture":"en-US"}]}
05/27/2025 18:14:26 Colombia Standard Time : Information : VsHubClient-hubController read: Content-Length: 163

{"jsonrpc":"2.0","id":13,"result":{"RequestId":"2985a6b9-8344-4677-bcdd-2e90e47d2e80","PipeName":"/home/rugery/.ServiceHub/a4c2b48a4c/407780e01a","IsEmpty":false}}
05/27/2025 18:14:26 Colombia Standard Time : Information : Disposing ServiceBroker server '/home/rugery/.ServiceHub/a4c2b48a4c/023e578b50'.
05/27/2025 18:14:26 Colombia Standard Time : Information : Microsoft.VisualStudio.TestWindow.VSCode.ProjectSystemProvider.Service-RemoteServiceBrokerServer write: Content-Length: 146

{"jsonrpc":"2.0","id":4,"result":{"requestId":"2985a6b9-8344-4677-bcdd-2e90e47d2e80","pipeName":"/home/rugery/.ServiceHub/a4c2b48a4c/407780e01a"}}
05/27/2025 18:14:26 Colombia Standard Time : Information : Microsoft.VisualStudio.ProjectSystem.Query.Remoting.QueryExecutionService-RemoteServiceBrokerServer read: Content-Length: 193

{"jsonrpc":"2.0","id":2,"method":"handshake","params":[{"supportedConnections":"IpcPipe","localServiceHost":{"operatingSystem":1,"processArchitecture":1,"runtime":2,"runtimeVersion":"9.0.5"}}]}
05/27/2025 18:14:26 Colombia Standard Time : Information : Microsoft.VisualStudio.ProjectSystem.Query.Remoting.QueryExecutionService-RemoteServiceBrokerServer write: Content-Length: 38

{"jsonrpc":"2.0","id":2,"result":null}
05/27/2025 18:14:26 Colombia Standard Time : Information : Microsoft.VisualStudio.ProjectSystem.Query.Remoting.QueryExecutionService-RemoteServiceBrokerServer read: Content-Length: 183

{"jsonrpc":"2.0","id":3,"method":"requestServiceChannel","params":[{"name":"Microsoft.ServiceHub.Framework.AuthorizationService"},{"clientCulture":"en-US","clientUICulture":"en-US"}]}
05/27/2025 18:14:26 Colombia Standard Time : Information : Microsoft.VisualStudio.ProjectSystem.Query.Remoting.QueryExecutionService-RemoteServiceBrokerServer write: Content-Length: 137

{"jsonrpc":"2.0","id":3,"result":{"requestId":"0db38f96-0109-4fca-9b2b-c06fda8fafaa","pipeName":"/tmp/9830bdc51159401380acdbaa12a8d063"}}
05/27/2025 18:14:29 Colombia Standard Time : Information : Microsoft.VisualStudio.ProjectSystem.CompositionService-RemoteServiceBrokerServer read: Content-Length: 197

{"jsonrpc":"2.0","id":9,"method":"requestServiceChannel","params":[{"name":"Microsoft.VisualStudio.NoDelay.EnvironmentService","version":"0.1"},{"clientCulture":"en-US","clientUICulture":"en-US"}]}
05/27/2025 18:14:29 Colombia Standard Time : Information : Microsoft.VisualStudio.ProjectSystem.CompositionService-RemoteServiceBrokerServer write: Content-Length: 137

{"jsonrpc":"2.0","id":9,"result":{"requestId":"4c2f65cf-da7a-4575-beda-8f4e9a73884a","pipeName":"/tmp/a600773b6d0c4de99c3ce20602c74095"}}
05/27/2025 18:14:29 Colombia Standard Time : Information : Microsoft.VisualStudio.ProjectSystem.CompositionService-RemoteServiceBrokerServer read: Content-Length: 203

{"jsonrpc":"2.0","id":10,"method":"requestServiceChannel","params":[{"name":"Microsoft.VisualStudio.LanguageServices.WorkspaceProjectFactoryService"},{"clientCulture":"en-US","clientUICulture":"en-US"}]}
05/27/2025 18:14:29 Colombia Standard Time : Information : VsHubClient-hubController write: Content-Length: 370

{"jsonrpc":"2.0","id":14,"method":"requestServiceChannel","params":[{"Name":"Microsoft.VisualStudio.ProjectSystem.ProjectInitializationStatusService","Version":"0.1"},{"ActivationArguments":{"__servicehub__ServiceHubRemoteServiceBrokerPipeName":"/home/rugery/.ServiceHub/a4c2b48a4c/a576f5b716"},"ClientCredentials":{},"ClientCulture":"en-US","ClientUICulture":"en-US"}]}
05/27/2025 18:14:29 Colombia Standard Time : Information : VsHubClient-hubController read: Content-Length: 163

{"jsonrpc":"2.0","id":14,"result":{"RequestId":"643eb68d-3a68-453a-9ca7-1bc08d3edf4c","PipeName":"/home/rugery/.ServiceHub/a4c2b48a4c/1af21d4a89","IsEmpty":false}}
05/27/2025 18:14:29 Colombia Standard Time : Information : Disposing ServiceBroker server '/home/rugery/.ServiceHub/a4c2b48a4c/a576f5b716'.
05/27/2025 18:14:29 Colombia Standard Time : Information : Microsoft.VisualStudio.ProjectSystem.CompositionService-RemoteServiceBrokerServer read: Content-Length: 185

{"jsonrpc":"2.0","id":11,"method":"requestServiceChannel","params":[{"name":"Microsoft.VisualStudio.OptionService","version":"0.1"},{"clientCulture":"en-US","clientUICulture":"en-US"}]}
05/27/2025 18:14:29 Colombia Standard Time : Information : Microsoft.VisualStudio.ProjectSystem.CompositionService-RemoteServiceBrokerServer write: Content-Length: 138

{"jsonrpc":"2.0","id":11,"result":{"requestId":"a9c6b94a-1ee3-4dfd-895f-ebd63d8e7768","pipeName":"/tmp/3ffae5f3883742d6a5e18edaf2968292"}}
05/27/2025 18:14:29 Colombia Standard Time : Information : Microsoft.VisualStudio.ProjectSystem.ProjectInitializationStatusService-RemoteServiceBrokerServer read: Content-Length: 193

{"jsonrpc":"2.0","id":2,"method":"handshake","params":[{"supportedConnections":"IpcPipe","localServiceHost":{"operatingSystem":1,"processArchitecture":1,"runtime":2,"runtimeVersion":"9.0.5"}}]}
05/27/2025 18:14:29 Colombia Standard Time : Information : Microsoft.VisualStudio.ProjectSystem.ProjectInitializationStatusService-RemoteServiceBrokerServer write: Content-Length: 38

{"jsonrpc":"2.0","id":2,"result":null}
05/27/2025 18:14:29 Colombia Standard Time : Information : Microsoft.VisualStudio.ProjectSystem.ProjectInitializationStatusService-RemoteServiceBrokerServer read: Content-Length: 183

{"jsonrpc":"2.0","id":3,"method":"requestServiceChannel","params":[{"name":"Microsoft.ServiceHub.Framework.AuthorizationService"},{"clientCulture":"en-US","clientUICulture":"en-US"}]}
05/27/2025 18:14:30 Colombia Standard Time : Information : Microsoft.VisualStudio.ProjectSystem.ProjectInitializationStatusService-RemoteServiceBrokerServer write: Content-Length: 137

{"jsonrpc":"2.0","id":3,"result":{"requestId":"7257a95b-f2c6-482e-b5ac-b857b1633365","pipeName":"/tmp/a4169152235c41b7835a2328415e0bb2"}}
05/27/2025 18:14:30 Colombia Standard Time : Information : Microsoft.VisualStudio.ProjectSystem.CompositionService-RemoteServiceBrokerServer write: Content-Length: 138

{"jsonrpc":"2.0","id":10,"result":{"requestId":"5d784f10-538f-44bd-b3fa-26106851c221","pipeName":"/tmp/201d7aa21e73474f8f8eb1da78087053"}}
05/27/2025 18:14:33 Colombia Standard Time : Information : Microsoft.VisualStudio.ProjectSystem.CompositionService-RemoteServiceBrokerServer read: Content-Length: 199

{"jsonrpc":"2.0","id":12,"method":"requestServiceChannel","params":[{"name":"Microsoft.VisualStudio.NuGetSolutionRestoreService","version":"0.1"},{"clientCulture":"en-US","clientUICulture":"en-US"}]}
05/27/2025 18:14:33 Colombia Standard Time : Information : Microsoft.VisualStudio.ProjectSystem.CompositionService-RemoteServiceBrokerServer write: Content-Length: 138

{"jsonrpc":"2.0","id":12,"result":{"requestId":"92d7498a-f6dc-4279-9bb2-7d5e3c3f4bb8","pipeName":"/tmp/f8d2686fb55e47a893e58b74fe7729b5"}}
05/27/2025 18:14:33 Colombia Standard Time : Information : Microsoft.VisualStudio.ProjectSystem.CompositionService-RemoteServiceBrokerServer read: Content-Length: 250

{"jsonrpc":"2.0","id":13,"method":"requestServiceChannel","params":[{"name":"Microsoft.VisualStudio.LogOutputChannelService","version":"0.1"},{"activationArguments":{"outputChannelName":"Projects"},"clientCulture":"en-US","clientUICulture":"en-US"}]}
05/27/2025 18:14:33 Colombia Standard Time : Information : Microsoft.VisualStudio.ProjectSystem.CompositionService-RemoteServiceBrokerServer write: Content-Length: 138

{"jsonrpc":"2.0","id":13,"result":{"requestId":"388a784e-86fb-45fb-8ea6-ed28db40bcc9","pipeName":"/tmp/54c4ad5a3c154dceaec16d70156d560d"}}
05/27/2025 18:14:33 Colombia Standard Time : Information : VsHubClient-hubController write: Content-Length: 363

{"jsonrpc":"2.0","id":15,"method":"requestServiceChannel","params":[{"Name":"Microsoft.VisualStudio.ProjectSystem.DebugTargetFrameworkService","Version":"0.1"},{"ActivationArguments":{"__servicehub__ServiceHubRemoteServiceBrokerPipeName":"/home/rugery/.ServiceHub/a4c2b48a4c/0a65613471"},"ClientCredentials":{},"ClientCulture":"en-US","ClientUICulture":"en-US"}]}
05/27/2025 18:14:33 Colombia Standard Time : Information : VsHubClient-hubController write: Content-Length: 372

{"jsonrpc":"2.0","id":16,"method":"requestServiceChannel","params":[{"Name":"Microsoft.VisualStudio.ProjectSystem.Query.Remoting.QueryExecutionService","Version":"0.3"},{"ActivationArguments":{"__servicehub__ServiceHubRemoteServiceBrokerPipeName":"/home/rugery/.ServiceHub/a4c2b48a4c/fd2866bd51"},"ClientCredentials":{},"ClientCulture":"en-US","ClientUICulture":"en-US"}]}
05/27/2025 18:14:33 Colombia Standard Time : Information : VsHubClient-hubController read: Content-Length: 163

{"jsonrpc":"2.0","id":15,"result":{"RequestId":"04550961-01e7-4506-b0c8-480573d3ef3f","PipeName":"/home/rugery/.ServiceHub/a4c2b48a4c/a2f7734c50","IsEmpty":false}}
05/27/2025 18:14:33 Colombia Standard Time : Information : VsHubClient-hubController read: Content-Length: 163

{"jsonrpc":"2.0","id":16,"result":{"RequestId":"944d80f3-7b9c-4c1c-89cc-4580b84667ed","PipeName":"/home/rugery/.ServiceHub/a4c2b48a4c/d7e4bfb2fe","IsEmpty":false}}
05/27/2025 18:14:33 Colombia Standard Time : Information : Disposing ServiceBroker server '/home/rugery/.ServiceHub/a4c2b48a4c/0a65613471'.
05/27/2025 18:14:33 Colombia Standard Time : Information : Microsoft.VisualStudio.ProjectSystem.DebugTargetFrameworkService-RemoteServiceBrokerServer read: Content-Length: 193

{"jsonrpc":"2.0","id":2,"method":"handshake","params":[{"supportedConnections":"IpcPipe","localServiceHost":{"operatingSystem":1,"processArchitecture":1,"runtime":2,"runtimeVersion":"9.0.5"}}]}
05/27/2025 18:14:33 Colombia Standard Time : Information : Disposing ServiceBroker server '/home/rugery/.ServiceHub/a4c2b48a4c/fd2866bd51'.
05/27/2025 18:14:33 Colombia Standard Time : Information : Microsoft.VisualStudio.ProjectSystem.DebugTargetFrameworkService-RemoteServiceBrokerServer write: Content-Length: 38

{"jsonrpc":"2.0","id":2,"result":null}
05/27/2025 18:14:33 Colombia Standard Time : Information : Microsoft.VisualStudio.ProjectSystem.Query.Remoting.QueryExecutionService-RemoteServiceBrokerServer read: Content-Length: 193

{"jsonrpc":"2.0","id":2,"method":"handshake","params":[{"supportedConnections":"IpcPipe","localServiceHost":{"operatingSystem":1,"processArchitecture":1,"runtime":2,"runtimeVersion":"9.0.5"}}]}
05/27/2025 18:14:33 Colombia Standard Time : Information : Microsoft.VisualStudio.ProjectSystem.Query.Remoting.QueryExecutionService-RemoteServiceBrokerServer write: Content-Length: 38

{"jsonrpc":"2.0","id":2,"result":null}
05/27/2025 18:14:33 Colombia Standard Time : Information : Microsoft.VisualStudio.ProjectSystem.Query.Remoting.QueryExecutionService-RemoteServiceBrokerServer read: Content-Length: 183

{"jsonrpc":"2.0","id":3,"method":"requestServiceChannel","params":[{"name":"Microsoft.ServiceHub.Framework.AuthorizationService"},{"clientCulture":"en-US","clientUICulture":"en-US"}]}
05/27/2025 18:14:33 Colombia Standard Time : Information : Microsoft.VisualStudio.ProjectSystem.DebugTargetFrameworkService-RemoteServiceBrokerServer read: Content-Length: 183

{"jsonrpc":"2.0","id":3,"method":"requestServiceChannel","params":[{"name":"Microsoft.ServiceHub.Framework.AuthorizationService"},{"clientCulture":"en-US","clientUICulture":"en-US"}]}
05/27/2025 18:14:33 Colombia Standard Time : Information : Microsoft.VisualStudio.ProjectSystem.Query.Remoting.QueryExecutionService-RemoteServiceBrokerServer write: Content-Length: 137

{"jsonrpc":"2.0","id":3,"result":{"requestId":"277d0e61-54df-4baa-8d2f-b8e79b0ca3e2","pipeName":"/tmp/9146b3b90bf54244bd16448ef1679ce4"}}
05/27/2025 18:14:33 Colombia Standard Time : Information : Microsoft.VisualStudio.ProjectSystem.DebugTargetFrameworkService-RemoteServiceBrokerServer write: Content-Length: 137

{"jsonrpc":"2.0","id":3,"result":{"requestId":"0ca18515-179c-4b48-ba5d-07c494e09353","pipeName":"/tmp/a32f384e14d345408528638bddeb870b"}}
05/27/2025 18:15:10 Colombia Standard Time : Information : VsHubClient-hubController write: Content-Length: 332

{"jsonrpc":"2.0","id":17,"method":"requestServiceChannel","params":[{"Name":"Microsoft.VisualStudio.LaunchConfigurationService"},{"ActivationArguments":{"__servicehub__ServiceHubRemoteServiceBrokerPipeName":"/home/rugery/.ServiceHub/a4c2b48a4c/13dc41cd1f"},"ClientCredentials":{},"ClientCulture":"en-US","ClientUICulture":"en-US"}]}
05/27/2025 18:15:10 Colombia Standard Time : Information : VsHubClient-hubController read: Content-Length: 163

{"jsonrpc":"2.0","id":17,"result":{"RequestId":"55c4d354-1280-4eb6-94e6-5c097be71800","PipeName":"/home/rugery/.ServiceHub/a4c2b48a4c/8a64832ab7","IsEmpty":false}}
05/27/2025 18:15:10 Colombia Standard Time : Information : Disposing ServiceBroker server '/home/rugery/.ServiceHub/a4c2b48a4c/13dc41cd1f'.
05/27/2025 18:15:10 Colombia Standard Time : Information : Microsoft.VisualStudio.LaunchConfigurationService-RemoteServiceBrokerServer read: Content-Length: 193

{"jsonrpc":"2.0","id":2,"method":"handshake","params":[{"supportedConnections":"IpcPipe","localServiceHost":{"operatingSystem":1,"processArchitecture":1,"runtime":2,"runtimeVersion":"9.0.5"}}]}
05/27/2025 18:15:10 Colombia Standard Time : Information : VsHubClient-hubController JSON RPC has been disposed
05/27/2025 18:15:10 Colombia Standard Time : Information : VsHubClient-hubController read: end of stream
05/27/2025 18:15:10 Colombia Standard Time : Information : Microsoft.VisualStudio.LaunchConfigurationService-RemoteServiceBrokerServer write: Content-Length: 38

{"jsonrpc":"2.0","id":2,"result":null}
05/27/2025 18:15:10 Colombia Standard Time : Information : vs-intellicode-base-models-RemoteServiceBrokerServer read: end of stream
05/27/2025 18:15:10 Colombia Standard Time : Information : Microsoft.VisualStudio.TestWindow.VSCode.Service-RemoteServiceBrokerServer read: end of stream
05/27/2025 18:15:10 Colombia Standard Time : Information : Microsoft.VisualStudio.ProjectSystem.ProjectInitializationStatusService-RemoteServiceBrokerServer read: end of stream
05/27/2025 18:15:10 Colombia Standard Time : Information : Microsoft.VisualStudio.ProjectSystem.ProjectTreeProvider-RemoteServiceBrokerServer read: end of stream
05/27/2025 18:15:10 Colombia Standard Time : Information : Microsoft.VisualStudio.ProjectSystem.ProjectInitializationStatusService-RemoteServiceBrokerServer read: end of stream
05/27/2025 18:15:10 Colombia Standard Time : Information : Microsoft.VisualStudio.ProjectSystem.DebugTargetFrameworkService-RemoteServiceBrokerServer read: end of stream
05/27/2025 18:15:10 Colombia Standard Time : Information : Microsoft.VisualStudio.LaunchConfigurationService-RemoteServiceBrokerServer read: end of stream
05/27/2025 18:15:10 Colombia Standard Time : Information : Microsoft.VisualStudio.ProjectSystem.Query.Remoting.QueryExecutionService-RemoteServiceBrokerServer read: end of stream
05/27/2025 18:15:10 Colombia Standard Time : Information : Microsoft.VisualStudio.LaunchConfigurationService-RemoteServiceBrokerServer read: Content-Length: 183

{"jsonrpc":"2.0","id":3,"method":"requestServiceChannel","params":[{"name":"Microsoft.ServiceHub.Framework.AuthorizationService"},{"clientCulture":"en-US","clientUICulture":"en-US"}]}
05/27/2025 18:15:10 Colombia Standard Time : Information : Microsoft.VisualStudio.LaunchConfigurationService-RemoteServiceBrokerServer write: Content-Length: 137

{"jsonrpc":"2.0","id":3,"result":{"requestId":"5b636c09-d602-4594-9df9-db9a648c2a65","pipeName":"/tmp/7ca7d1f59a2642779720ba5d6792bdba"}}
05/27/2025 18:15:10 Colombia Standard Time : Information : Microsoft.VisualStudio.TestWindow.VSCode.ProjectSystemProvider.Service-RemoteServiceBrokerServer read: end of stream
05/27/2025 18:15:10 Colombia Standard Time : Information : Microsoft.VisualStudio.ProjectSystem.Query.Remoting.QueryExecutionService-RemoteServiceBrokerServer read: end of stream
