05/27/2025 18:14:21 hora estándar de Colombia : Information : Local timezone is (UTC-05:00) hora estándar de Colombia (Bogotá)
05/27/2025 18:14:22 hora estándar de Colombia : Information : Added local RPC method "ApplyArgumentOverloadModelAsync" -> Microsoft.VisualStudio.IntelliCode.BaseModelService.BaseServiceTarget.ApplyArgumentOverloadModelAsync(String, String, String, String, List`1, CancellationToken) (Microsoft.VisualStudio.IntelliCode.BaseModelService.BaseServiceTarget)
05/27/2025 18:14:22 hora estándar de Colombia : Information : Added local RPC method "ApplyArgumentSymbolKindModelAsync" -> Microsoft.VisualStudio.IntelliCode.BaseModelService.BaseServiceTarget.ApplyArgumentSymbolKindModelAsync(String, String, String, String, Int32, List`1, CancellationToken) (Microsoft.VisualStudio.IntelliCode.BaseModelService.BaseServiceTarget)
05/27/2025 18:14:22 hora estándar de Colombia : Information : Added local RPC method "ConfigureServiceAsync" -> Microsoft.VisualStudio.IntelliCode.BaseModelService.BaseServiceTarget.ConfigureServiceAsync(ModelServiceConfiguration) (Microsoft.VisualStudio.IntelliCode.BaseModelService.BaseServiceTarget)
05/27/2025 18:14:22 hora estándar de Colombia : Information : Added local RPC method "DeepLearningModelInferenceAsync" -> Microsoft.VisualStudio.IntelliCode.BaseModelService.BaseServiceTarget.DeepLearningModelInferenceAsync(String, String, IEnumerable`1, IEnumerable`1) (Microsoft.VisualStudio.IntelliCode.BaseModelService.BaseServiceTarget)
05/27/2025 18:14:22 hora estándar de Colombia : Information : Added local RPC method "GetArgumentWeightsAsync" -> Microsoft.VisualStudio.IntelliCode.BaseModelService.BaseServiceTarget.GetArgumentWeightsAsync(String, String, CancellationToken) (Microsoft.VisualStudio.IntelliCode.BaseModelService.BaseServiceTarget)
05/27/2025 18:14:22 hora estándar de Colombia : Information : Added local RPC method "GetConfigureServiceAsync" -> Microsoft.VisualStudio.IntelliCode.BaseModelService.BaseServiceTarget.GetConfigureServiceAsync() (Microsoft.VisualStudio.IntelliCode.BaseModelService.BaseServiceTarget)
05/27/2025 18:14:22 hora estándar de Colombia : Information : Added local RPC method "GetLoadedModelNamesAsync" -> Microsoft.VisualStudio.IntelliCode.BaseModelService.BaseServiceTarget.GetLoadedModelNamesAsync(String, String) (Microsoft.VisualStudio.IntelliCode.BaseModelService.BaseServiceTarget)
05/27/2025 18:14:22 hora estándar de Colombia : Information : Added local RPC method "GetMarkupAttributeSuggestionsAsync" -> Microsoft.VisualStudio.IntelliCode.BaseModelService.BaseServiceTarget.GetMarkupAttributeSuggestionsAsync(String, String, String, String) (Microsoft.VisualStudio.IntelliCode.BaseModelService.BaseServiceTarget)
05/27/2025 18:14:22 hora estándar de Colombia : Information : Added local RPC method "GetMarkupTagSuggestionsAsync" -> Microsoft.VisualStudio.IntelliCode.BaseModelService.BaseServiceTarget.GetMarkupTagSuggestionsAsync(String, String, String) (Microsoft.VisualStudio.IntelliCode.BaseModelService.BaseServiceTarget)
05/27/2025 18:14:22 hora estándar de Colombia : Information : Added local RPC method "GetPatternAsync" -> Microsoft.VisualStudio.IntelliCode.BaseModelService.BaseServiceTarget.GetPatternAsync(String, String, String) (Microsoft.VisualStudio.IntelliCode.BaseModelService.BaseServiceTarget)
05/27/2025 18:14:22 hora estándar de Colombia : Information : Added local RPC method "GetPatternAsync" -> Microsoft.VisualStudio.IntelliCode.BaseModelService.BaseServiceTarget.GetPatternAsync(String, String, String, QueryModelOrigin, CancellationToken) (Microsoft.VisualStudio.IntelliCode.BaseModelService.BaseServiceTarget)
05/27/2025 18:14:22 hora estándar de Colombia : Information : Added local RPC method "GetPatternsAsync" -> Microsoft.VisualStudio.IntelliCode.BaseModelService.BaseServiceTarget.GetPatternsAsync(String, String, IEnumerable`1) (Microsoft.VisualStudio.IntelliCode.BaseModelService.BaseServiceTarget)
05/27/2025 18:14:22 hora estándar de Colombia : Information : Added local RPC method "GetPatternsAsync" -> Microsoft.VisualStudio.IntelliCode.BaseModelService.BaseServiceTarget.GetPatternsAsync(String, String, IEnumerable`1, QueryModelOrigin, CancellationToken) (Microsoft.VisualStudio.IntelliCode.BaseModelService.BaseServiceTarget)
05/27/2025 18:14:22 hora estándar de Colombia : Information : Added local RPC method "LoadModelAsync" -> Microsoft.VisualStudio.IntelliCode.BaseModelService.BaseServiceTarget.LoadModelAsync(String, String, String, CancellationToken) (Microsoft.VisualStudio.IntelliCode.BaseModelService.BaseServiceTarget)
05/27/2025 18:14:22 hora estándar de Colombia : Information : Added local RPC method "RequestLoadModelsAsync" -> Microsoft.VisualStudio.IntelliCode.BaseModelService.BaseServiceTarget.RequestLoadModelsAsync(String, String) (Microsoft.VisualStudio.IntelliCode.BaseModelService.BaseServiceTarget)
05/27/2025 18:14:22 hora estándar de Colombia : Information : Added local RPC method "SendTelemetryAsync" -> Microsoft.VisualStudio.IntelliCode.BaseModelService.BaseServiceTarget.SendTelemetryAsync(String, Property[], Exception) (Microsoft.VisualStudio.IntelliCode.BaseModelService.BaseServiceTarget)
05/27/2025 18:14:22 hora estándar de Colombia : Information : Added local RPC method "SendTraceAsync" -> Microsoft.VisualStudio.IntelliCode.BaseModelService.BaseServiceTarget.SendTraceAsync(TraceEventType, String, Boolean) (Microsoft.VisualStudio.IntelliCode.BaseModelService.BaseServiceTarget)
05/27/2025 18:14:22 hora estándar de Colombia : Information : Added local RPC method "GetSerializedTelemetrySessionSettingsAsync" -> Microsoft.VisualStudio.IntelliCode.BaseModelService.BaseServiceTarget.GetSerializedTelemetrySessionSettingsAsync() (Microsoft.VisualStudio.IntelliCode.BaseModelService.BaseServiceTarget)
05/27/2025 18:14:22 hora estándar de Colombia : Information : Added local RPC method "ApplyArgumentOverloadModel" -> Microsoft.VisualStudio.IntelliCode.BaseModelService.BaseServiceTarget.ApplyArgumentOverloadModelAsync(String, String, String, String, List`1, CancellationToken) (Microsoft.VisualStudio.IntelliCode.BaseModelService.BaseServiceTarget)
05/27/2025 18:14:22 hora estándar de Colombia : Information : Added local RPC method "ApplyArgumentSymbolKindModel" -> Microsoft.VisualStudio.IntelliCode.BaseModelService.BaseServiceTarget.ApplyArgumentSymbolKindModelAsync(String, String, String, String, Int32, List`1, CancellationToken) (Microsoft.VisualStudio.IntelliCode.BaseModelService.BaseServiceTarget)
05/27/2025 18:14:22 hora estándar de Colombia : Information : Added local RPC method "ConfigureService" -> Microsoft.VisualStudio.IntelliCode.BaseModelService.BaseServiceTarget.ConfigureServiceAsync(ModelServiceConfiguration) (Microsoft.VisualStudio.IntelliCode.BaseModelService.BaseServiceTarget)
05/27/2025 18:14:22 hora estándar de Colombia : Information : Added local RPC method "DeepLearningModelInference" -> Microsoft.VisualStudio.IntelliCode.BaseModelService.BaseServiceTarget.DeepLearningModelInferenceAsync(String, String, IEnumerable`1, IEnumerable`1) (Microsoft.VisualStudio.IntelliCode.BaseModelService.BaseServiceTarget)
05/27/2025 18:14:22 hora estándar de Colombia : Information : Added local RPC method "GetArgumentWeights" -> Microsoft.VisualStudio.IntelliCode.BaseModelService.BaseServiceTarget.GetArgumentWeightsAsync(String, String, CancellationToken) (Microsoft.VisualStudio.IntelliCode.BaseModelService.BaseServiceTarget)
05/27/2025 18:14:22 hora estándar de Colombia : Information : Added local RPC method "GetConfigureService" -> Microsoft.VisualStudio.IntelliCode.BaseModelService.BaseServiceTarget.GetConfigureServiceAsync() (Microsoft.VisualStudio.IntelliCode.BaseModelService.BaseServiceTarget)
05/27/2025 18:14:22 hora estándar de Colombia : Information : Added local RPC method "GetLoadedModelNames" -> Microsoft.VisualStudio.IntelliCode.BaseModelService.BaseServiceTarget.GetLoadedModelNamesAsync(String, String) (Microsoft.VisualStudio.IntelliCode.BaseModelService.BaseServiceTarget)
05/27/2025 18:14:22 hora estándar de Colombia : Information : Added local RPC method "GetMarkupAttributeSuggestions" -> Microsoft.VisualStudio.IntelliCode.BaseModelService.BaseServiceTarget.GetMarkupAttributeSuggestionsAsync(String, String, String, String) (Microsoft.VisualStudio.IntelliCode.BaseModelService.BaseServiceTarget)
05/27/2025 18:14:22 hora estándar de Colombia : Information : Added local RPC method "GetMarkupTagSuggestions" -> Microsoft.VisualStudio.IntelliCode.BaseModelService.BaseServiceTarget.GetMarkupTagSuggestionsAsync(String, String, String) (Microsoft.VisualStudio.IntelliCode.BaseModelService.BaseServiceTarget)
05/27/2025 18:14:22 hora estándar de Colombia : Information : Added local RPC method "GetPattern" -> Microsoft.VisualStudio.IntelliCode.BaseModelService.BaseServiceTarget.GetPatternAsync(String, String, String) (Microsoft.VisualStudio.IntelliCode.BaseModelService.BaseServiceTarget)
05/27/2025 18:14:22 hora estándar de Colombia : Information : Added local RPC method "GetPattern" -> Microsoft.VisualStudio.IntelliCode.BaseModelService.BaseServiceTarget.GetPatternAsync(String, String, String, QueryModelOrigin, CancellationToken) (Microsoft.VisualStudio.IntelliCode.BaseModelService.BaseServiceTarget)
05/27/2025 18:14:22 hora estándar de Colombia : Information : Added local RPC method "GetPatterns" -> Microsoft.VisualStudio.IntelliCode.BaseModelService.BaseServiceTarget.GetPatternsAsync(String, String, IEnumerable`1) (Microsoft.VisualStudio.IntelliCode.BaseModelService.BaseServiceTarget)
05/27/2025 18:14:22 hora estándar de Colombia : Information : Added local RPC method "GetPatterns" -> Microsoft.VisualStudio.IntelliCode.BaseModelService.BaseServiceTarget.GetPatternsAsync(String, String, IEnumerable`1, QueryModelOrigin, CancellationToken) (Microsoft.VisualStudio.IntelliCode.BaseModelService.BaseServiceTarget)
05/27/2025 18:14:22 hora estándar de Colombia : Information : Added local RPC method "LoadModel" -> Microsoft.VisualStudio.IntelliCode.BaseModelService.BaseServiceTarget.LoadModelAsync(String, String, String, CancellationToken) (Microsoft.VisualStudio.IntelliCode.BaseModelService.BaseServiceTarget)
05/27/2025 18:14:22 hora estándar de Colombia : Information : Added local RPC method "RequestLoadModels" -> Microsoft.VisualStudio.IntelliCode.BaseModelService.BaseServiceTarget.RequestLoadModelsAsync(String, String) (Microsoft.VisualStudio.IntelliCode.BaseModelService.BaseServiceTarget)
05/27/2025 18:14:22 hora estándar de Colombia : Information : Added local RPC method "SendTelemetry" -> Microsoft.VisualStudio.IntelliCode.BaseModelService.BaseServiceTarget.SendTelemetryAsync(String, Property[], Exception) (Microsoft.VisualStudio.IntelliCode.BaseModelService.BaseServiceTarget)
05/27/2025 18:14:22 hora estándar de Colombia : Information : Added local RPC method "SendTrace" -> Microsoft.VisualStudio.IntelliCode.BaseModelService.BaseServiceTarget.SendTraceAsync(TraceEventType, String, Boolean) (Microsoft.VisualStudio.IntelliCode.BaseModelService.BaseServiceTarget)
05/27/2025 18:14:22 hora estándar de Colombia : Information : Added local RPC method "GetSerializedTelemetrySessionSettings" -> Microsoft.VisualStudio.IntelliCode.BaseModelService.BaseServiceTarget.GetSerializedTelemetrySessionSettingsAsync() (Microsoft.VisualStudio.IntelliCode.BaseModelService.BaseServiceTarget)
05/27/2025 18:14:22 hora estándar de Colombia: Information : 2 :Listening for events from Microsoft.VisualStudio.IntelliCode.BaseModelService.BaseServiceTarget.ModelLoaded to raise notification.
05/27/2025 18:14:22 hora estándar de Colombia: Information : 2 :Listening for events from Microsoft.VisualStudio.IntelliCode.BaseModelService.BaseServiceTarget.NoMatchingModelLoaded to raise notification.
05/27/2025 18:14:22 hora estándar de Colombia: Information : 2 :Listening for events from Microsoft.VisualStudio.IntelliCode.BaseModelService.BaseServiceTarget.RemoteTelemetrySent to raise notification.
05/27/2025 18:14:22 hora estándar de Colombia: Information : 2 :Listening for events from Microsoft.VisualStudio.IntelliCode.BaseModelService.BaseServiceTarget.RemoteTraceSent to raise notification.
05/27/2025 18:14:22 hora estándar de Colombia: Information : 3 :Listening started.
05/27/2025 18:14:24 hora estándar de Colombia : Information : vs-intellicode-base-models read: Content-Length: 276

{"jsonrpc":"2.0","id":0,"method":"ConfigureServiceAsync","params":[{"CacheLocation":"/home/rugery/.vscode/extensions/ms-dotnettools.vscodeintellicode-csharp-2.2.3-linux-x64/starsModelCache","InternalTraceEnabled":false,"CustomModelsEnabled":false,"DeepLearningEnabled":true}]}
05/27/2025 18:14:24 hora estándar de Colombia: Information : 7 :{"id":0,"method":"ConfigureServiceAsync"}
05/27/2025 18:14:24 hora estándar de Colombia: Information : 6 :Received request "0" for method "ConfigureServiceAsync".
05/27/2025 18:14:24 hora estándar de Colombia: Information : 9 :Invoking Microsoft.VisualStudio.IntelliCode.BaseModelService.BaseServiceTarget.ConfigureServiceAsync(ModelServiceConfiguration)
05/27/2025 18:14:24 hora estándar de Colombia : Start : ConfigureServiceAsync
05/27/2025 18:14:24 hora estándar de Colombia : Stop : ConfigureServiceAsync
05/27/2025 18:14:24 hora estándar de Colombia: Information : 8 :{"id":0}
05/27/2025 18:14:24 hora estándar de Colombia : Information : vs-intellicode-base-models write: Content-Length: 38

{"jsonrpc":"2.0","id":0,"result":null}
05/27/2025 18:14:26 hora estándar de Colombia: Information : 8 :{"id":null,"method":"RemoteTraceSent"}
05/27/2025 18:14:26 hora estándar de Colombia : Information : vs-intellicode-base-models write: Content-Length: 487

{"traceparent":"00-525088104086364d9c215974b56fc1f4-4c1c3bbab1a03d45-01","jsonrpc":"2.0","method":"RemoteTraceSent","params":[{"source":"ModelService","type":8,"message":"Loading model for csharp intellisense-members-lstm2 from /home/rugery/.vscode/extensions/ms-dotnettools.vscodeintellicode-csharp-2.2.3-linux-x64/components/starred-suggestions/platforms/linux-x64/node_modules/@vsintellicode/starred-suggestions-csharp.linux-x64/ModelFiles/csharp_intellisense-members-lstm2.model."}]}
05/27/2025 18:14:26 hora estándar de Colombia: Information : 8 :{"id":null,"method":"ModelLoaded"}
05/27/2025 18:14:26 hora estándar de Colombia : Information : vs-intellicode-base-models write: Content-Length: 221

{"traceparent":"00-525088104086364d9c215974b56fc1f4-6858ab7f8a98b04a-01","jsonrpc":"2.0","method":"ModelLoaded","params":[{"model":"CsharpDL_$base$_2.0.0","language":"csharp","analyzerName":"intellisense-members-lstm2"}]}
05/27/2025 18:14:26 hora estándar de Colombia: Information : 8 :{"id":null,"method":"RemoteTraceSent"}
05/27/2025 18:14:26 hora estándar de Colombia : Information : vs-intellicode-base-models write: Content-Length: 479

{"traceparent":"00-ad8512b0721c6b44b69ae2179aaf6123-eead197fbbc0de47-01","jsonrpc":"2.0","method":"RemoteTraceSent","params":[{"source":"ModelService","type":8,"message":"Loading model for csharp intellisense-arguments from /home/rugery/.vscode/extensions/ms-dotnettools.vscodeintellicode-csharp-2.2.3-linux-x64/components/starred-suggestions/platforms/linux-x64/node_modules/@vsintellicode/starred-suggestions-csharp.linux-x64/ModelFiles/csharp_intellisense-arguments.model."}]}
05/27/2025 18:14:29 hora estándar de Colombia: Information : 8 :{"id":null,"method":"ModelLoaded"}
05/27/2025 18:14:29 hora estándar de Colombia : Information : vs-intellicode-base-models write: Content-Length: 222

{"traceparent":"00-ad8512b0721c6b44b69ae2179aaf6123-cb897bbc84832441-01","jsonrpc":"2.0","method":"ModelLoaded","params":[{"model":"C#_argument_$base$_0.0.1.1","language":"csharp","analyzerName":"intellisense-arguments"}]}
05/27/2025 18:14:29 hora estándar de Colombia: Information : 8 :{"id":null,"method":"RemoteTraceSent"}
05/27/2025 18:14:29 hora estándar de Colombia : Information : vs-intellicode-base-models write: Content-Length: 203

{"traceparent":"00-ad8512b0721c6b44b69ae2179aaf6123-67fdb42294ecf04f-01","jsonrpc":"2.0","method":"RemoteTraceSent","params":[{"source":"ModelService","type":8,"message":"Compacting models took 37ms."}]}
05/27/2025 18:15:10 hora estándar de Colombia : Information : vs-intellicode-base-models read: end of stream
05/27/2025 18:15:10 hora estándar de Colombia: Information : 13 :Connection closing (RemotePartyTerminated: Reached end of stream.). 
05/27/2025 18:15:10 hora estándar de Colombia : Information : Waiting for 'vs-intellicode-base-models' instance to complete its completionTask.
05/27/2025 18:15:10 hora estándar de Colombia : Information : Disposed 'vs-intellicode-base-models' via 'completionTask' method.
05/27/2025 18:15:10 hora estándar de Colombia : Information : Finishing shutting down service: vs-intellicode-base-models.
