2025-05-27 18:05:24.967 [info] --------------------------------------------------------------------------------
2025-05-27 18:05:24.967 [info] Razor.VSCode version 10.0.0-preview.25252.1
2025-05-27 18:05:24.967 [info] --------------------------------------------------------------------------------
2025-05-27 18:05:24.967 [info] Razor's log level is currently set to 'Info'
2025-05-27 18:05:24.967 [info]  - To change Razor's log level use the gear icon on the output window
2025-05-27 18:05:24.967 [info]  - To report issues invoke the 'Report a Razor issue' command via the command palette.
2025-05-27 18:05:24.967 [info] -----------------------------------------------------------------------------------------------------------------------------
2025-05-27 18:05:24.967 [info] 
2025-05-27 18:05:24.967 [info] Locating .NET runtime version 9.0.1
2025-05-27 18:05:26.480 [info] Did not find .NET 9.0.1 on path, falling back to acquire runtime via ms-dotnettools.vscode-dotnet-runtime
2025-05-27 18:05:29.105 [info] Razor language server path: /home/rugery/.vscode/extensions/ms-dotnettools.csharp-2.76.27-linux-x64/.razor/rzls
2025-05-27 18:05:29.105 [info] Server arguments --logLevel 3 --DelegateToCSharpOnDiagnosticPublish true --UpdateBuffersForClosedDocuments true --SingleServerCompletionSupport true --ForceRuntimeCodeGeneration false --UseNewFormattingEngine true --telemetryLevel all --sessionId bfeb1861-302c-4c79-a8de-0759dc91335a1748387120893 --telemetryExtensionPath /home/rugery/.vscode/extensions/ms-dotnettools.csharp-2.76.27-linux-x64/.razorDevKit/Microsoft.VisualStudio.DevKit.Razor.dll
2025-05-27 18:05:29.926 [info] No Razor files detected in workspace, delaying language server start.
2025-05-27 18:05:33.791 [info] [Razor.LanguageClient.Cohost.CohostStartupService] Razor extension startup finished.
2025-05-27 18:05:59.883 [info] --------------------------------------------------------------------------------
2025-05-27 18:05:59.883 [info] Razor.VSCode version 10.0.0-preview.25252.1
2025-05-27 18:05:59.883 [info] --------------------------------------------------------------------------------
2025-05-27 18:05:59.883 [info] Razor's log level is currently set to 'Info'
2025-05-27 18:05:59.883 [info]  - To change Razor's log level use the gear icon on the output window
2025-05-27 18:05:59.883 [info]  - To report issues invoke the 'Report a Razor issue' command via the command palette.
2025-05-27 18:05:59.883 [info] -----------------------------------------------------------------------------------------------------------------------------
2025-05-27 18:05:59.883 [info] 
2025-05-27 18:05:59.883 [info] Locating .NET runtime version 9.0.1
2025-05-27 18:06:00.428 [info] Did not find .NET 9.0.1 on path, falling back to acquire runtime via ms-dotnettools.vscode-dotnet-runtime
2025-05-27 18:06:03.720 [info] Razor language server path: /home/rugery/.vscode/extensions/ms-dotnettools.csharp-2.76.27-linux-x64/.razor/rzls
2025-05-27 18:06:03.720 [info] Server arguments --logLevel 3 --DelegateToCSharpOnDiagnosticPublish true --UpdateBuffersForClosedDocuments true --SingleServerCompletionSupport true --ForceRuntimeCodeGeneration false --UseNewFormattingEngine true --telemetryLevel all --sessionId bfeb1861-302c-4c79-a8de-0759dc91335a1748387120893 --telemetryExtensionPath /home/rugery/.vscode/extensions/ms-dotnettools.csharp-2.76.27-linux-x64/.razorDevKit/Microsoft.VisualStudio.DevKit.Razor.dll
2025-05-27 18:06:03.822 [info] No Razor files detected in workspace, delaying language server start.
2025-05-27 18:06:07.183 [info] [Razor.LanguageClient.Cohost.CohostStartupService] Razor extension startup finished.
