05/27/2025 18:01:10 hora estándar de Colombia : Information : Local timezone is (UTC-05:00) hora estándar de Colombia (Bogotá)
05/27/2025 18:01:10 hora estándar de Colombia : Information : Service Hub .NET service module host started. Host id: dotnet.projectSystem$C94B8CFE-E3FD-4BAF-A941-2866DBB566FE. Controller pipe: net.pipe://1609792881. PID: 161078
05/27/2025 18:01:11 hora estándar de Colombia : Information : hubHostClr read: Content-Length: 116

{"jsonrpc":"2.0","id":2,"method":"InitializeHostAsync","params":[{"HostsRootDirectory":".","AppConfigFallback":""}]}
05/27/2025 18:01:11 hora estándar de Colombia : Information : hubHostClr write: Content-Length: 93

{"jsonrpc":"2.0","id":2,"result":"dotnet.projectSystem$C94B8CFE-E3FD-4BAF-A941-2866DBB566FE"}
05/27/2025 18:01:11 hora estándar de Colombia : Information : hubHostClr read: Content-Length: 1051

{"jsonrpc":"2.0","id":3,"method":"StartServiceAsync","params":[{"name":"Microsoft.VisualStudio.ProjectSystem.ProjectInitializationStatusService","host":"dotnet.projectSystem","hostId":"C94B8CFE-E3FD-4BAF-A941-2866DBB566FE","serviceBaseDirectory":"/home/rugery/.vscode/extensions/ms-dotnettools.csdevkit-1.19.63-linux-x64/components/CPS/platforms/linux-x64/node_modules/@microsoft/visualstudio-projectsystem-server.linux-x64","entryPoint":{"assemblyPath":"/home/rugery/.vscode/extensions/ms-dotnettools.csdevkit-1.19.63-linux-x64/components/CPS/platforms/linux-x64/node_modules/@microsoft/visualstudio-projectsystem-server.linux-x64/Microsoft.VisualStudio.ProjectSystem.Server.Implementation.dll","fullClassName":"Microsoft.VisualStudio.ProjectSystem.Server.ProjectInitializationStatusServiceFactory"}},{"ActivationArguments":{"__servicehub__ServiceHubRemoteServiceBrokerPipeName":"/home/rugery/.ServiceHub/6ef117f827/3e0e103637","__servicehub__RequestedServiceVersion":"0.1"},"ClientCredentials":{},"ClientCulture":"en-US","ClientUICulture":"en-US"}]}
05/27/2025 18:01:11 hora estándar de Colombia : Information : CLR host received start request for service 'Microsoft.VisualStudio.ProjectSystem.ProjectInitializationStatusService'
05/27/2025 18:01:11 hora estándar de Colombia : Information : hubHostClr read: Content-Length: 1021

{"jsonrpc":"2.0","id":4,"method":"StartServiceAsync","params":[{"name":"Microsoft.VisualStudio.ProjectSystem.ProjectTreeProvider","host":"dotnet.projectSystem","hostId":"C94B8CFE-E3FD-4BAF-A941-2866DBB566FE","serviceBaseDirectory":"/home/rugery/.vscode/extensions/ms-dotnettools.csdevkit-1.19.63-linux-x64/components/CPS/platforms/linux-x64/node_modules/@microsoft/visualstudio-projectsystem-server.linux-x64","entryPoint":{"assemblyPath":"/home/rugery/.vscode/extensions/ms-dotnettools.csdevkit-1.19.63-linux-x64/components/CPS/platforms/linux-x64/node_modules/@microsoft/visualstudio-projectsystem-server.linux-x64/Microsoft.VisualStudio.ProjectSystem.Server.Implementation.dll","fullClassName":"Microsoft.VisualStudio.ProjectSystem.Server.ProjectTreeProviderFactory"}},{"ActivationArguments":{"__servicehub__ServiceHubRemoteServiceBrokerPipeName":"/home/rugery/.ServiceHub/6ef117f827/6b9c5bdc15","__servicehub__RequestedServiceVersion":"0.1"},"ClientCredentials":{},"ClientCulture":"en-US","ClientUICulture":"en-US"}]}Content-Length: 975

{"jsonrpc":"2.0","id":5,"method":"StartServiceAsync","params":[{"name":"Microsoft.VisualStudio.LaunchConfigurationService","host":"dotnet.projectSystem","hostId":"C94B8CFE-E3FD-4BAF-A941-2866DBB566FE","serviceBaseDirectory":"/home/rugery/.vscode/extensions/ms-dotnettools.csdevkit-1.19.63-linux-x64/components/CPS/platforms/linux-x64/node_modules/@microsoft/visualstudio-projectsystem-server.linux-x64","entryPoint":{"assemblyPath":"/home/rugery/.vscode/extensions/ms-dotnettools.csdevkit-1.19.63-linux-x64/components/CPS/platforms/linux-x64/node_modules/@microsoft/visualstudio-projectsystem-server.linux-x64/Microsoft.VisualStudio.ProjectSystem.Server.Implementation.dll","fullClassName":"Microsoft.VisualStudio.ProjectSystem.Server.LaunchConfigurationServiceFactory"}},{"ActivationArguments":{"__servicehub__ServiceHubRemoteServiceBrokerPipeName":"/home/rugery/.ServiceHub/6ef117f827/5d2ecdf3ac"},"ClientCredentials":{},"ClientCulture":"en-US","ClientUICulture":"en-US"}]}Content-Length: 1051

{"jsonrpc":"2.0","id":6,"method":"StartServiceAsync","params":[{"name":"Microsoft.VisualStudio.ProjectSystem.ProjectInitializationStatusService","host":"dotnet.projectSystem","hostId":"C94B8CFE-E3FD-4BAF-A941-2866DBB566FE","serviceBaseDirectory":"/home/rugery/.vscode/extensions/ms-dotnettools.csdevkit-1.19.63-linux-x64/components/CPS/platforms/linux-x64/node_modules/@microsoft/visualstudio-projectsystem-server.linux-x64","entryPoint":{"assemblyPath":"/home/rugery/.vscode/extensions/ms-dotnettools.csdevkit-1.19.63-linux-x64/components/CPS/platforms/linux-x64/node_modules/@microsoft/visualstudio-projectsystem-server.linux-x64/Microsoft.VisualStudio.ProjectSystem.Server.Implementation.dll","fullClassName":"Microsoft.VisualStudio.ProjectSystem.Server.ProjectInitializationStatusServiceFactory"}},{"ActivationArguments":{"__servicehub__ServiceHubRemoteServiceBrokerPipeName":"/home/rugery/.ServiceHub/6ef117f827/c26d8f810f","__servicehub__RequestedServiceVersion":"0.1"},"ClientCredentials":{},"ClientCulture":"en-US","ClientUICulture":"en-US"}]}
05/27/2025 18:01:11 hora estándar de Colombia : Information : Loading service module assembly '/home/rugery/.vscode/extensions/ms-dotnettools.csdevkit-1.19.63-linux-x64/components/CPS/platforms/linux-x64/node_modules/@microsoft/visualstudio-projectsystem-server.linux-x64/Microsoft.VisualStudio.ProjectSystem.Server.Implementation.dll' from '/home/rugery/.vscode/extensions/ms-dotnettools.csdevkit-1.19.63-linux-x64/components/CPS/platforms/linux-x64/node_modules/@microsoft/visualstudio-projectsystem-server.linux-x64'
05/27/2025 18:01:11 hora estándar de Colombia : Information : Starting service module 'Microsoft.VisualStudio.ProjectSystem.ProjectInitializationStatusService'. Class: Microsoft.VisualStudio.ProjectSystem.Server.ProjectInitializationStatusServiceFactory, Supported Version: 
05/27/2025 18:01:11 hora estándar de Colombia : Information : Started service 'Microsoft.VisualStudio.ProjectSystem.ProjectInitializationStatusService'. Pipe name: /home/rugery/.ServiceHub/6ef117f827/1cf4caa865, Supported Version: 
05/27/2025 18:01:11 hora estándar de Colombia : Information : hubHostClr write: Content-Length: 82

{"jsonrpc":"2.0","id":3,"result":"/home/rugery/.ServiceHub/6ef117f827/1cf4caa865"}
05/27/2025 18:01:11 hora estándar de Colombia : Information : CLR host received start request for service 'Microsoft.VisualStudio.ProjectSystem.ProjectTreeProvider'
05/27/2025 18:01:11 hora estándar de Colombia : Information : Loading service module assembly '/home/rugery/.vscode/extensions/ms-dotnettools.csdevkit-1.19.63-linux-x64/components/CPS/platforms/linux-x64/node_modules/@microsoft/visualstudio-projectsystem-server.linux-x64/Microsoft.VisualStudio.ProjectSystem.Server.Implementation.dll' from '/home/rugery/.vscode/extensions/ms-dotnettools.csdevkit-1.19.63-linux-x64/components/CPS/platforms/linux-x64/node_modules/@microsoft/visualstudio-projectsystem-server.linux-x64'
05/27/2025 18:01:11 hora estándar de Colombia : Information : Starting service module 'Microsoft.VisualStudio.ProjectSystem.ProjectTreeProvider'. Class: Microsoft.VisualStudio.ProjectSystem.Server.ProjectTreeProviderFactory, Supported Version: 
05/27/2025 18:01:11 hora estándar de Colombia : Information : A new client connected to CLR service module 'Microsoft.VisualStudio.ProjectSystem.ProjectInitializationStatusService'
05/27/2025 18:01:11 hora estándar de Colombia : Information : hubHostClr write: Content-Length: 124

{"jsonrpc":"2.0","method":"HostServicesStartedAsync","params":["dotnet.projectSystem$C94B8CFE-E3FD-4BAF-A941-2866DBB566FE"]}
05/27/2025 18:01:11 hora estándar de Colombia : Information : Started service 'Microsoft.VisualStudio.ProjectSystem.ProjectTreeProvider'. Pipe name: /home/rugery/.ServiceHub/6ef117f827/7c70609b8e, Supported Version: 
05/27/2025 18:01:11 hora estándar de Colombia : Information : hubHostClr write: Content-Length: 82

{"jsonrpc":"2.0","id":4,"result":"/home/rugery/.ServiceHub/6ef117f827/7c70609b8e"}
05/27/2025 18:01:11 hora estándar de Colombia : Information : A new client connected to CLR service module 'Microsoft.VisualStudio.ProjectSystem.ProjectTreeProvider'
05/27/2025 18:01:11 hora estándar de Colombia : Information : CLR host received start request for service 'Microsoft.VisualStudio.LaunchConfigurationService'
05/27/2025 18:01:11 hora estándar de Colombia : Information : Loading service module assembly '/home/rugery/.vscode/extensions/ms-dotnettools.csdevkit-1.19.63-linux-x64/components/CPS/platforms/linux-x64/node_modules/@microsoft/visualstudio-projectsystem-server.linux-x64/Microsoft.VisualStudio.ProjectSystem.Server.Implementation.dll' from '/home/rugery/.vscode/extensions/ms-dotnettools.csdevkit-1.19.63-linux-x64/components/CPS/platforms/linux-x64/node_modules/@microsoft/visualstudio-projectsystem-server.linux-x64'
05/27/2025 18:01:11 hora estándar de Colombia : Information : Starting service module 'Microsoft.VisualStudio.LaunchConfigurationService'. Class: Microsoft.VisualStudio.ProjectSystem.Server.LaunchConfigurationServiceFactory, Supported Version: 
05/27/2025 18:01:11 hora estándar de Colombia : Information : Started service 'Microsoft.VisualStudio.LaunchConfigurationService'. Pipe name: /home/rugery/.ServiceHub/6ef117f827/8ee4280605, Supported Version: 
05/27/2025 18:01:11 hora estándar de Colombia : Information : hubHostClr write: Content-Length: 82

{"jsonrpc":"2.0","id":5,"result":"/home/rugery/.ServiceHub/6ef117f827/8ee4280605"}
05/27/2025 18:01:11 hora estándar de Colombia : Information : CLR host received start request for service 'Microsoft.VisualStudio.ProjectSystem.ProjectInitializationStatusService'
05/27/2025 18:01:11 hora estándar de Colombia : Information : Loading service module assembly '/home/rugery/.vscode/extensions/ms-dotnettools.csdevkit-1.19.63-linux-x64/components/CPS/platforms/linux-x64/node_modules/@microsoft/visualstudio-projectsystem-server.linux-x64/Microsoft.VisualStudio.ProjectSystem.Server.Implementation.dll' from '/home/rugery/.vscode/extensions/ms-dotnettools.csdevkit-1.19.63-linux-x64/components/CPS/platforms/linux-x64/node_modules/@microsoft/visualstudio-projectsystem-server.linux-x64'
05/27/2025 18:01:11 hora estándar de Colombia : Information : Starting service module 'Microsoft.VisualStudio.ProjectSystem.ProjectInitializationStatusService'. Class: Microsoft.VisualStudio.ProjectSystem.Server.ProjectInitializationStatusServiceFactory, Supported Version: 
05/27/2025 18:01:11 hora estándar de Colombia : Information : Started service 'Microsoft.VisualStudio.ProjectSystem.ProjectInitializationStatusService'. Pipe name: /home/rugery/.ServiceHub/6ef117f827/8aee7b53ae, Supported Version: 
05/27/2025 18:01:11 hora estándar de Colombia : Information : hubHostClr write: Content-Length: 82

{"jsonrpc":"2.0","id":6,"result":"/home/rugery/.ServiceHub/6ef117f827/8aee7b53ae"}
05/27/2025 18:01:11 hora estándar de Colombia : Information : A new client connected to CLR service module 'Microsoft.VisualStudio.LaunchConfigurationService'
05/27/2025 18:01:11 hora estándar de Colombia : Information : Found FactoryVersion=Version2 for service : Microsoft.VisualStudio.ProjectSystem.ProjectTreeProvider.
05/27/2025 18:01:11 hora estándar de Colombia : Information : Service 'Microsoft.VisualStudio.ProjectSystem.Server.ProjectTreeProviderFactory' implements IServiceHubServiceFactory. Creating factory instance and caching it.
05/27/2025 18:01:11 hora estándar de Colombia : Information : Found FactoryVersion=Version2 for service : Microsoft.VisualStudio.ProjectSystem.ProjectInitializationStatusService.
05/27/2025 18:01:11 hora estándar de Colombia : Information : Service 'Microsoft.VisualStudio.ProjectSystem.Server.ProjectInitializationStatusServiceFactory' implements IServiceHubServiceFactory. Creating factory instance and caching it.
05/27/2025 18:01:11 hora estándar de Colombia : Information : Found FactoryVersion=Version2 for service : Microsoft.VisualStudio.LaunchConfigurationService.
05/27/2025 18:01:11 hora estándar de Colombia : Information : Service 'Microsoft.VisualStudio.ProjectSystem.Server.LaunchConfigurationServiceFactory' implements IServiceHubServiceFactory. Creating factory instance and caching it.
05/27/2025 18:01:11 hora estándar de Colombia : Information : A new client connected to CLR service module 'Microsoft.VisualStudio.ProjectSystem.ProjectInitializationStatusService'
05/27/2025 18:01:11 hora estándar de Colombia : Information : Found IServiceHubServiceFactory in cache. Creating instance from the factory.
05/27/2025 18:01:11 hora estándar de Colombia : Information : Creating service Microsoft.VisualStudio.ProjectSystem.Server.ProjectInitializationStatusServiceFactory from factory with FactoryVersion=Version2 and ClientRequestedVersion=0.1.
05/27/2025 18:01:11 hora estándar de Colombia : Information : Creating service Microsoft.VisualStudio.ProjectSystem.Server.ProjectTreeProviderFactory from factory with FactoryVersion=Version2 and ClientRequestedVersion=0.1.
05/27/2025 18:01:11 hora estándar de Colombia : Information : Creating service Microsoft.VisualStudio.ProjectSystem.Server.ProjectInitializationStatusServiceFactory from factory with FactoryVersion=Version2 and ClientRequestedVersion=0.1.
05/27/2025 18:01:11 hora estándar de Colombia : Information : Setting up RPC connection for service 'Microsoft.VisualStudio.ProjectSystem.Server.ProjectTreeProviderFactory' from factory
05/27/2025 18:01:11 hora estándar de Colombia : Information : Setting up RPC connection for service 'Microsoft.VisualStudio.ProjectSystem.Server.ProjectInitializationStatusServiceFactory' from factory
05/27/2025 18:01:11 hora estándar de Colombia : Information : Setting up RPC connection for service 'Microsoft.VisualStudio.ProjectSystem.Server.ProjectInitializationStatusServiceFactory' from factory
05/27/2025 18:01:11 hora estándar de Colombia : Information : Creating service Microsoft.VisualStudio.ProjectSystem.Server.LaunchConfigurationServiceFactory from factory with FactoryVersion=Version2 and ClientRequestedVersion=.
05/27/2025 18:01:11 hora estándar de Colombia : Information : Setting up RPC connection for service 'Microsoft.VisualStudio.ProjectSystem.Server.LaunchConfigurationServiceFactory' from factory
05/27/2025 18:01:12 hora estándar de Colombia : Information : hubHostClr read: Content-Length: 1019

{"jsonrpc":"2.0","id":7,"method":"StartServiceAsync","params":[{"name":"Microsoft.VisualStudio.ProjectSystem.CompositionService","host":"dotnet.projectSystem","hostId":"C94B8CFE-E3FD-4BAF-A941-2866DBB566FE","serviceBaseDirectory":"/home/rugery/.vscode/extensions/ms-dotnettools.csdevkit-1.19.63-linux-x64/components/CPS/platforms/linux-x64/node_modules/@microsoft/visualstudio-projectsystem-server.linux-x64","entryPoint":{"assemblyPath":"/home/rugery/.vscode/extensions/ms-dotnettools.csdevkit-1.19.63-linux-x64/components/CPS/platforms/linux-x64/node_modules/@microsoft/visualstudio-projectsystem-server.linux-x64/Microsoft.VisualStudio.ProjectSystem.Server.Implementation.dll","fullClassName":"Microsoft.VisualStudio.ProjectSystem.Server.CompositionServiceFactory"}},{"ActivationArguments":{"__servicehub__ServiceHubRemoteServiceBrokerPipeName":"/home/rugery/.ServiceHub/6ef117f827/ffc857959c","__servicehub__RequestedServiceVersion":"0.1"},"ClientCredentials":{},"ClientCulture":"en-US","ClientUICulture":"en-US"}]}
05/27/2025 18:01:12 hora estándar de Colombia : Information : CLR host received start request for service 'Microsoft.VisualStudio.ProjectSystem.CompositionService'
05/27/2025 18:01:12 hora estándar de Colombia : Information : Loading service module assembly '/home/rugery/.vscode/extensions/ms-dotnettools.csdevkit-1.19.63-linux-x64/components/CPS/platforms/linux-x64/node_modules/@microsoft/visualstudio-projectsystem-server.linux-x64/Microsoft.VisualStudio.ProjectSystem.Server.Implementation.dll' from '/home/rugery/.vscode/extensions/ms-dotnettools.csdevkit-1.19.63-linux-x64/components/CPS/platforms/linux-x64/node_modules/@microsoft/visualstudio-projectsystem-server.linux-x64'
05/27/2025 18:01:12 hora estándar de Colombia : Information : Starting service module 'Microsoft.VisualStudio.ProjectSystem.CompositionService'. Class: Microsoft.VisualStudio.ProjectSystem.Server.CompositionServiceFactory, Supported Version: 
05/27/2025 18:01:12 hora estándar de Colombia : Information : Started service 'Microsoft.VisualStudio.ProjectSystem.CompositionService'. Pipe name: /home/rugery/.ServiceHub/6ef117f827/491219f994, Supported Version: 
05/27/2025 18:01:12 hora estándar de Colombia : Information : hubHostClr write: Content-Length: 82

{"jsonrpc":"2.0","id":7,"result":"/home/rugery/.ServiceHub/6ef117f827/491219f994"}
05/27/2025 18:01:12 hora estándar de Colombia : Information : A new client connected to CLR service module 'Microsoft.VisualStudio.ProjectSystem.CompositionService'
05/27/2025 18:01:12 hora estándar de Colombia : Information : Found FactoryVersion=Version2 for service : Microsoft.VisualStudio.ProjectSystem.CompositionService.
05/27/2025 18:01:12 hora estándar de Colombia : Information : Service 'Microsoft.VisualStudio.ProjectSystem.Server.CompositionServiceFactory' implements IServiceHubServiceFactory. Creating factory instance and caching it.
05/27/2025 18:01:12 hora estándar de Colombia : Information : Creating service Microsoft.VisualStudio.ProjectSystem.Server.CompositionServiceFactory from factory with FactoryVersion=Version2 and ClientRequestedVersion=0.1.
05/27/2025 18:01:12 hora estándar de Colombia : Information : Setting up RPC connection for service 'Microsoft.VisualStudio.ProjectSystem.Server.CompositionServiceFactory' from factory
05/27/2025 18:01:13 hora estándar de Colombia : Information : Completed RPC connection setup for service 'Microsoft.VisualStudio.ProjectSystem.Server.CompositionServiceFactory' from factory
05/27/2025 18:01:13 hora estándar de Colombia : Information : Completed RPC connection setup for service 'Microsoft.VisualStudio.ProjectSystem.Server.ProjectInitializationStatusServiceFactory' from factory
05/27/2025 18:01:13 hora estándar de Colombia : Information : Completed RPC connection setup for service 'Microsoft.VisualStudio.ProjectSystem.Server.ProjectInitializationStatusServiceFactory' from factory
05/27/2025 18:01:13 hora estándar de Colombia : Information : Completed RPC connection setup for service 'Microsoft.VisualStudio.ProjectSystem.Server.LaunchConfigurationServiceFactory' from factory
05/27/2025 18:01:13 hora estándar de Colombia : Information : Completed RPC connection setup for service 'Microsoft.VisualStudio.ProjectSystem.Server.ProjectTreeProviderFactory' from factory
05/27/2025 18:01:14 hora estándar de Colombia : Information : hubHostClr read: Content-Length: 1020

{"jsonrpc":"2.0","id":8,"method":"StartServiceAsync","params":[{"name":"Microsoft.VisualStudio.CpsProjectIconSourceService","host":"dotnet.projectSystem","hostId":"C94B8CFE-E3FD-4BAF-A941-2866DBB566FE","serviceBaseDirectory":"/home/rugery/.vscode/extensions/ms-dotnettools.csdevkit-1.19.63-linux-x64/components/CPS/platforms/linux-x64/node_modules/@microsoft/visualstudio-projectsystem-server.linux-x64","entryPoint":{"assemblyPath":"/home/rugery/.vscode/extensions/ms-dotnettools.csdevkit-1.19.63-linux-x64/components/CPS/platforms/linux-x64/node_modules/@microsoft/visualstudio-projectsystem-server.linux-x64/Microsoft.VisualStudio.ProjectSystem.Server.Implementation.dll","fullClassName":"Microsoft.VisualStudio.ProjectSystem.Server.ProjectIconSourceServiceFactory"}},{"ActivationArguments":{"__servicehub__ServiceHubRemoteServiceBrokerPipeName":"/home/rugery/.ServiceHub/6ef117f827/26847ccaf7","__servicehub__RequestedServiceVersion":"0.1"},"ClientCredentials":{},"ClientCulture":"en-US","ClientUICulture":"en-US"}]}
05/27/2025 18:01:14 hora estándar de Colombia : Information : CLR host received start request for service 'Microsoft.VisualStudio.CpsProjectIconSourceService'
05/27/2025 18:01:14 hora estándar de Colombia : Information : Loading service module assembly '/home/rugery/.vscode/extensions/ms-dotnettools.csdevkit-1.19.63-linux-x64/components/CPS/platforms/linux-x64/node_modules/@microsoft/visualstudio-projectsystem-server.linux-x64/Microsoft.VisualStudio.ProjectSystem.Server.Implementation.dll' from '/home/rugery/.vscode/extensions/ms-dotnettools.csdevkit-1.19.63-linux-x64/components/CPS/platforms/linux-x64/node_modules/@microsoft/visualstudio-projectsystem-server.linux-x64'
05/27/2025 18:01:14 hora estándar de Colombia : Information : Starting service module 'Microsoft.VisualStudio.CpsProjectIconSourceService'. Class: Microsoft.VisualStudio.ProjectSystem.Server.ProjectIconSourceServiceFactory, Supported Version: 
05/27/2025 18:01:14 hora estándar de Colombia : Information : Started service 'Microsoft.VisualStudio.CpsProjectIconSourceService'. Pipe name: /home/rugery/.ServiceHub/6ef117f827/d2c78bcee6, Supported Version: 
05/27/2025 18:01:14 hora estándar de Colombia : Information : hubHostClr write: Content-Length: 82

{"jsonrpc":"2.0","id":8,"result":"/home/rugery/.ServiceHub/6ef117f827/d2c78bcee6"}
05/27/2025 18:01:14 hora estándar de Colombia : Information : A new client connected to CLR service module 'Microsoft.VisualStudio.CpsProjectIconSourceService'
05/27/2025 18:01:14 hora estándar de Colombia : Information : Found FactoryVersion=Version2 for service : Microsoft.VisualStudio.CpsProjectIconSourceService.
05/27/2025 18:01:14 hora estándar de Colombia : Information : Service 'Microsoft.VisualStudio.ProjectSystem.Server.ProjectIconSourceServiceFactory' implements IServiceHubServiceFactory. Creating factory instance and caching it.
05/27/2025 18:01:14 hora estándar de Colombia : Information : Creating service Microsoft.VisualStudio.ProjectSystem.Server.ProjectIconSourceServiceFactory from factory with FactoryVersion=Version2 and ClientRequestedVersion=0.1.
05/27/2025 18:01:14 hora estándar de Colombia : Information : Setting up RPC connection for service 'Microsoft.VisualStudio.ProjectSystem.Server.ProjectIconSourceServiceFactory' from factory
05/27/2025 18:01:14 hora estándar de Colombia : Information : Completed RPC connection setup for service 'Microsoft.VisualStudio.ProjectSystem.Server.ProjectIconSourceServiceFactory' from factory
05/27/2025 18:01:14 hora estándar de Colombia : Information : hubHostClr read: Content-Length: 1040

{"jsonrpc":"2.0","id":9,"method":"StartServiceAsync","params":[{"name":"Microsoft.VisualStudio.ProjectSystem.Query.Remoting.QueryExecutionService","host":"dotnet.projectSystem","hostId":"C94B8CFE-E3FD-4BAF-A941-2866DBB566FE","serviceBaseDirectory":"/home/rugery/.vscode/extensions/ms-dotnettools.csdevkit-1.19.63-linux-x64/components/CPS/platforms/linux-x64/node_modules/@microsoft/visualstudio-projectsystem-server.linux-x64","entryPoint":{"assemblyPath":"/home/rugery/.vscode/extensions/ms-dotnettools.csdevkit-1.19.63-linux-x64/components/CPS/platforms/linux-x64/node_modules/@microsoft/visualstudio-projectsystem-server.linux-x64/Microsoft.VisualStudio.ProjectSystem.Server.Implementation.dll","fullClassName":"Microsoft.VisualStudio.ProjectSystem.Server.QueryExecutionServiceFactory"}},{"ActivationArguments":{"__servicehub__ServiceHubRemoteServiceBrokerPipeName":"/home/rugery/.ServiceHub/6ef117f827/1eb55a1bd4","__servicehub__RequestedServiceVersion":"0.3"},"ClientCredentials":{},"ClientCulture":"en-US","ClientUICulture":"en-US"}]}
05/27/2025 18:01:14 hora estándar de Colombia : Information : CLR host received start request for service 'Microsoft.VisualStudio.ProjectSystem.Query.Remoting.QueryExecutionService'
05/27/2025 18:01:14 hora estándar de Colombia : Information : Loading service module assembly '/home/rugery/.vscode/extensions/ms-dotnettools.csdevkit-1.19.63-linux-x64/components/CPS/platforms/linux-x64/node_modules/@microsoft/visualstudio-projectsystem-server.linux-x64/Microsoft.VisualStudio.ProjectSystem.Server.Implementation.dll' from '/home/rugery/.vscode/extensions/ms-dotnettools.csdevkit-1.19.63-linux-x64/components/CPS/platforms/linux-x64/node_modules/@microsoft/visualstudio-projectsystem-server.linux-x64'
05/27/2025 18:01:14 hora estándar de Colombia : Information : Starting service module 'Microsoft.VisualStudio.ProjectSystem.Query.Remoting.QueryExecutionService'. Class: Microsoft.VisualStudio.ProjectSystem.Server.QueryExecutionServiceFactory, Supported Version: 
05/27/2025 18:01:14 hora estándar de Colombia : Information : Started service 'Microsoft.VisualStudio.ProjectSystem.Query.Remoting.QueryExecutionService'. Pipe name: /home/rugery/.ServiceHub/6ef117f827/207408337c, Supported Version: 
05/27/2025 18:01:14 hora estándar de Colombia : Information : hubHostClr write: Content-Length: 82

{"jsonrpc":"2.0","id":9,"result":"/home/rugery/.ServiceHub/6ef117f827/207408337c"}
05/27/2025 18:01:14 hora estándar de Colombia : Information : A new client connected to CLR service module 'Microsoft.VisualStudio.ProjectSystem.Query.Remoting.QueryExecutionService'
05/27/2025 18:01:14 hora estándar de Colombia : Information : Found FactoryVersion=Version2 for service : Microsoft.VisualStudio.ProjectSystem.Query.Remoting.QueryExecutionService.
05/27/2025 18:01:14 hora estándar de Colombia : Information : Service 'Microsoft.VisualStudio.ProjectSystem.Server.QueryExecutionServiceFactory' implements IServiceHubServiceFactory. Creating factory instance and caching it.
05/27/2025 18:01:14 hora estándar de Colombia : Information : Creating service Microsoft.VisualStudio.ProjectSystem.Server.QueryExecutionServiceFactory from factory with FactoryVersion=Version2 and ClientRequestedVersion=0.3.
05/27/2025 18:01:14 hora estándar de Colombia : Information : Setting up RPC connection for service 'Microsoft.VisualStudio.ProjectSystem.Server.QueryExecutionServiceFactory' from factory
05/27/2025 18:01:15 hora estándar de Colombia : Information : Completed RPC connection setup for service 'Microsoft.VisualStudio.ProjectSystem.Server.QueryExecutionServiceFactory' from factory
05/27/2025 18:01:17 hora estándar de Colombia : Information : hubHostClr read: Content-Length: 1052

{"jsonrpc":"2.0","id":10,"method":"StartServiceAsync","params":[{"name":"Microsoft.VisualStudio.ProjectSystem.ProjectInitializationStatusService","host":"dotnet.projectSystem","hostId":"C94B8CFE-E3FD-4BAF-A941-2866DBB566FE","serviceBaseDirectory":"/home/rugery/.vscode/extensions/ms-dotnettools.csdevkit-1.19.63-linux-x64/components/CPS/platforms/linux-x64/node_modules/@microsoft/visualstudio-projectsystem-server.linux-x64","entryPoint":{"assemblyPath":"/home/rugery/.vscode/extensions/ms-dotnettools.csdevkit-1.19.63-linux-x64/components/CPS/platforms/linux-x64/node_modules/@microsoft/visualstudio-projectsystem-server.linux-x64/Microsoft.VisualStudio.ProjectSystem.Server.Implementation.dll","fullClassName":"Microsoft.VisualStudio.ProjectSystem.Server.ProjectInitializationStatusServiceFactory"}},{"ActivationArguments":{"__servicehub__ServiceHubRemoteServiceBrokerPipeName":"/home/rugery/.ServiceHub/6ef117f827/4e690dd778","__servicehub__RequestedServiceVersion":"0.1"},"ClientCredentials":{},"ClientCulture":"en-US","ClientUICulture":"en-US"}]}
05/27/2025 18:01:17 hora estándar de Colombia : Information : CLR host received start request for service 'Microsoft.VisualStudio.ProjectSystem.ProjectInitializationStatusService'
05/27/2025 18:01:17 hora estándar de Colombia : Information : Loading service module assembly '/home/rugery/.vscode/extensions/ms-dotnettools.csdevkit-1.19.63-linux-x64/components/CPS/platforms/linux-x64/node_modules/@microsoft/visualstudio-projectsystem-server.linux-x64/Microsoft.VisualStudio.ProjectSystem.Server.Implementation.dll' from '/home/rugery/.vscode/extensions/ms-dotnettools.csdevkit-1.19.63-linux-x64/components/CPS/platforms/linux-x64/node_modules/@microsoft/visualstudio-projectsystem-server.linux-x64'
05/27/2025 18:01:17 hora estándar de Colombia : Information : Starting service module 'Microsoft.VisualStudio.ProjectSystem.ProjectInitializationStatusService'. Class: Microsoft.VisualStudio.ProjectSystem.Server.ProjectInitializationStatusServiceFactory, Supported Version: 
05/27/2025 18:01:17 hora estándar de Colombia : Information : Started service 'Microsoft.VisualStudio.ProjectSystem.ProjectInitializationStatusService'. Pipe name: /home/rugery/.ServiceHub/6ef117f827/0d62753d00, Supported Version: 
05/27/2025 18:01:17 hora estándar de Colombia : Information : hubHostClr write: Content-Length: 83

{"jsonrpc":"2.0","id":10,"result":"/home/rugery/.ServiceHub/6ef117f827/0d62753d00"}
05/27/2025 18:01:17 hora estándar de Colombia : Information : A new client connected to CLR service module 'Microsoft.VisualStudio.ProjectSystem.ProjectInitializationStatusService'
05/27/2025 18:01:17 hora estándar de Colombia : Information : Found IServiceHubServiceFactory in cache. Creating instance from the factory.
05/27/2025 18:01:17 hora estándar de Colombia : Information : Creating service Microsoft.VisualStudio.ProjectSystem.Server.ProjectInitializationStatusServiceFactory from factory with FactoryVersion=Version2 and ClientRequestedVersion=0.1.
05/27/2025 18:01:17 hora estándar de Colombia : Information : Setting up RPC connection for service 'Microsoft.VisualStudio.ProjectSystem.Server.ProjectInitializationStatusServiceFactory' from factory
05/27/2025 18:01:17 hora estándar de Colombia : Information : Completed RPC connection setup for service 'Microsoft.VisualStudio.ProjectSystem.Server.ProjectInitializationStatusServiceFactory' from factory
05/27/2025 18:01:21 hora estándar de Colombia : Information : hubHostClr read: Content-Length: 1041

{"jsonrpc":"2.0","id":11,"method":"StartServiceAsync","params":[{"name":"Microsoft.VisualStudio.ProjectSystem.Query.Remoting.QueryExecutionService","host":"dotnet.projectSystem","hostId":"C94B8CFE-E3FD-4BAF-A941-2866DBB566FE","serviceBaseDirectory":"/home/rugery/.vscode/extensions/ms-dotnettools.csdevkit-1.19.63-linux-x64/components/CPS/platforms/linux-x64/node_modules/@microsoft/visualstudio-projectsystem-server.linux-x64","entryPoint":{"assemblyPath":"/home/rugery/.vscode/extensions/ms-dotnettools.csdevkit-1.19.63-linux-x64/components/CPS/platforms/linux-x64/node_modules/@microsoft/visualstudio-projectsystem-server.linux-x64/Microsoft.VisualStudio.ProjectSystem.Server.Implementation.dll","fullClassName":"Microsoft.VisualStudio.ProjectSystem.Server.QueryExecutionServiceFactory"}},{"ActivationArguments":{"__servicehub__ServiceHubRemoteServiceBrokerPipeName":"/home/rugery/.ServiceHub/6ef117f827/39551683c8","__servicehub__RequestedServiceVersion":"0.3"},"ClientCredentials":{},"ClientCulture":"en-US","ClientUICulture":"en-US"}]}
05/27/2025 18:01:21 hora estándar de Colombia : Information : CLR host received start request for service 'Microsoft.VisualStudio.ProjectSystem.Query.Remoting.QueryExecutionService'
05/27/2025 18:01:21 hora estándar de Colombia : Information : Loading service module assembly '/home/rugery/.vscode/extensions/ms-dotnettools.csdevkit-1.19.63-linux-x64/components/CPS/platforms/linux-x64/node_modules/@microsoft/visualstudio-projectsystem-server.linux-x64/Microsoft.VisualStudio.ProjectSystem.Server.Implementation.dll' from '/home/rugery/.vscode/extensions/ms-dotnettools.csdevkit-1.19.63-linux-x64/components/CPS/platforms/linux-x64/node_modules/@microsoft/visualstudio-projectsystem-server.linux-x64'
05/27/2025 18:01:21 hora estándar de Colombia : Information : Starting service module 'Microsoft.VisualStudio.ProjectSystem.Query.Remoting.QueryExecutionService'. Class: Microsoft.VisualStudio.ProjectSystem.Server.QueryExecutionServiceFactory, Supported Version: 
05/27/2025 18:01:21 hora estándar de Colombia : Information : Started service 'Microsoft.VisualStudio.ProjectSystem.Query.Remoting.QueryExecutionService'. Pipe name: /home/rugery/.ServiceHub/6ef117f827/e516bdc9e5, Supported Version: 
05/27/2025 18:01:21 hora estándar de Colombia : Information : hubHostClr write: Content-Length: 83

{"jsonrpc":"2.0","id":11,"result":"/home/rugery/.ServiceHub/6ef117f827/e516bdc9e5"}
05/27/2025 18:01:21 hora estándar de Colombia : Information : A new client connected to CLR service module 'Microsoft.VisualStudio.ProjectSystem.Query.Remoting.QueryExecutionService'
05/27/2025 18:01:21 hora estándar de Colombia : Information : Found IServiceHubServiceFactory in cache. Creating instance from the factory.
05/27/2025 18:01:21 hora estándar de Colombia : Information : hubHostClr read: Content-Length: 2271

{"jsonrpc":"2.0","id":12,"method":"StartServiceAsync","params":[{"name":"Microsoft.VisualStudio.ProjectSystem.DebugTargetFrameworkService","host":"dotnet.projectSystem","hostId":"C94B8CFE-E3FD-4BAF-A941-2866DBB566FE","serviceBaseDirectory":"/home/rugery/.vscode/extensions/ms-dotnettools.csdevkit-1.19.63-linux-x64/components/dotnet-project-system-vscode/node_modules/@microsoft/vscode.projectsystem.managed/Services","entryPoint":{"assemblyPath":"/home/rugery/.vscode/extensions/ms-dotnettools.csdevkit-1.19.63-linux-x64/components/dotnet-project-system-vscode/node_modules/@microsoft/vscode.projectsystem.managed/Services/Microsoft.ProjectSystem.Managed.VSCode.Services.dll","fullClassName":"Microsoft.VisualStudio.ProjectSystem.Services.DebugTargetFrameworkServiceFactory"},"friendServices":["Microsoft.VisualStudio.ProjectSystem.CompositionService"]},{"ActivationArguments":{"__servicehub__ServiceHubRemoteServiceBrokerPipeName":"/home/rugery/.ServiceHub/6ef117f827/880afd76c3","__servicehub__FriendServiceModuleInfo__Microsoft.VisualStudio.ProjectSystem.CompositionService":"{\"name\":\"Microsoft.VisualStudio.ProjectSystem.CompositionService\",\"host\":\"dotnet.projectSystem\",\"hostId\":\"C94B8CFE-E3FD-4BAF-A941-2866DBB566FE\",\"hostConfiguration\":null,\"serviceBaseDirectory\":\"/home/rugery/.vscode/extensions/ms-dotnettools.csdevkit-1.19.63-linux-x64/components/CPS/platforms/linux-x64/node_modules/@microsoft/visualstudio-projectsystem-server.linux-x64\",\"entryPoint\":{\"assemblyPath\":\"/home/rugery/.vscode/extensions/ms-dotnettools.csdevkit-1.19.63-linux-x64/components/CPS/platforms/linux-x64/node_modules/@microsoft/visualstudio-projectsystem-server.linux-x64/Microsoft.VisualStudio.ProjectSystem.Server.Implementation.dll\",\"fullClassName\":\"Microsoft.VisualStudio.ProjectSystem.Server.CompositionServiceFactory\",\"scriptPath\":null,\"constructorFunction\":null,\"configPath\":null,\"appBasePath\":null,\"assemblySearchPathsConfig\":null},\"hostGroupAllowed\":null,\"hostGroupId\":null,\"serviceOverride\":null,\"singleDomainLoaderOptimization\":null,\"versionRange\":null,\"enableHotReload\":null,\"friendServices\":null}","__servicehub__RequestedServiceVersion":"0.1"},"ClientCredentials":{},"ClientCulture":"en-US","ClientUICulture":"en-US"}]}
05/27/2025 18:01:21 hora estándar de Colombia : Information : CLR host received start request for service 'Microsoft.VisualStudio.ProjectSystem.DebugTargetFrameworkService'
05/27/2025 18:01:21 hora estándar de Colombia : Information : Loading service module assembly '/home/rugery/.vscode/extensions/ms-dotnettools.csdevkit-1.19.63-linux-x64/components/dotnet-project-system-vscode/node_modules/@microsoft/vscode.projectsystem.managed/Services/Microsoft.ProjectSystem.Managed.VSCode.Services.dll' from '/home/rugery/.vscode/extensions/ms-dotnettools.csdevkit-1.19.63-linux-x64/components/dotnet-project-system-vscode/node_modules/@microsoft/vscode.projectsystem.managed/Services'
05/27/2025 18:01:21 hora estándar de Colombia : Information : Creating service Microsoft.VisualStudio.ProjectSystem.Server.QueryExecutionServiceFactory from factory with FactoryVersion=Version2 and ClientRequestedVersion=0.3.
05/27/2025 18:01:21 hora estándar de Colombia : Information : Setting up RPC connection for service 'Microsoft.VisualStudio.ProjectSystem.Server.QueryExecutionServiceFactory' from factory
05/27/2025 18:01:21 hora estándar de Colombia : Information : Starting service module 'Microsoft.VisualStudio.ProjectSystem.DebugTargetFrameworkService'. Class: Microsoft.VisualStudio.ProjectSystem.Services.DebugTargetFrameworkServiceFactory, Supported Version: 
05/27/2025 18:01:21 hora estándar de Colombia : Information : Started service 'Microsoft.VisualStudio.ProjectSystem.DebugTargetFrameworkService'. Pipe name: /home/rugery/.ServiceHub/6ef117f827/bb075b5357, Supported Version: 
05/27/2025 18:01:21 hora estándar de Colombia : Information : hubHostClr write: Content-Length: 83

{"jsonrpc":"2.0","id":12,"result":"/home/rugery/.ServiceHub/6ef117f827/bb075b5357"}
05/27/2025 18:01:21 hora estándar de Colombia : Information : A new client connected to CLR service module 'Microsoft.VisualStudio.ProjectSystem.DebugTargetFrameworkService'
05/27/2025 18:01:21 hora estándar de Colombia : Information : Found FactoryVersion=Version2 for service : Microsoft.VisualStudio.ProjectSystem.DebugTargetFrameworkService.
05/27/2025 18:01:21 hora estándar de Colombia : Information : Service 'Microsoft.VisualStudio.ProjectSystem.Services.DebugTargetFrameworkServiceFactory' implements IServiceHubServiceFactory. Creating factory instance and caching it.
05/27/2025 18:01:21 hora estándar de Colombia : Information : Creating service Microsoft.VisualStudio.ProjectSystem.Services.DebugTargetFrameworkServiceFactory from factory with FactoryVersion=Version2 and ClientRequestedVersion=0.1.
05/27/2025 18:01:21 hora estándar de Colombia : Information : Setting up RPC connection for service 'Microsoft.VisualStudio.ProjectSystem.Services.DebugTargetFrameworkServiceFactory' from factory
05/27/2025 18:01:21 hora estándar de Colombia : Information : Completed RPC connection setup for service 'Microsoft.VisualStudio.ProjectSystem.Server.QueryExecutionServiceFactory' from factory
05/27/2025 18:01:21 hora estándar de Colombia : Information : Completed RPC connection setup for service 'Microsoft.VisualStudio.ProjectSystem.Services.DebugTargetFrameworkServiceFactory' from factory
05/27/2025 18:05:17 hora estándar de Colombia : Information : hubHostClr read: Content-Length: 976

{"jsonrpc":"2.0","id":13,"method":"StartServiceAsync","params":[{"name":"Microsoft.VisualStudio.LaunchConfigurationService","host":"dotnet.projectSystem","hostId":"C94B8CFE-E3FD-4BAF-A941-2866DBB566FE","serviceBaseDirectory":"/home/rugery/.vscode/extensions/ms-dotnettools.csdevkit-1.19.63-linux-x64/components/CPS/platforms/linux-x64/node_modules/@microsoft/visualstudio-projectsystem-server.linux-x64","entryPoint":{"assemblyPath":"/home/rugery/.vscode/extensions/ms-dotnettools.csdevkit-1.19.63-linux-x64/components/CPS/platforms/linux-x64/node_modules/@microsoft/visualstudio-projectsystem-server.linux-x64/Microsoft.VisualStudio.ProjectSystem.Server.Implementation.dll","fullClassName":"Microsoft.VisualStudio.ProjectSystem.Server.LaunchConfigurationServiceFactory"}},{"ActivationArguments":{"__servicehub__ServiceHubRemoteServiceBrokerPipeName":"/home/rugery/.ServiceHub/6ef117f827/0167dbfcc4"},"ClientCredentials":{},"ClientCulture":"en-US","ClientUICulture":"en-US"}]}
05/27/2025 18:05:17 hora estándar de Colombia : Information : CLR host received start request for service 'Microsoft.VisualStudio.LaunchConfigurationService'
05/27/2025 18:05:17 hora estándar de Colombia : Information : Loading service module assembly '/home/rugery/.vscode/extensions/ms-dotnettools.csdevkit-1.19.63-linux-x64/components/CPS/platforms/linux-x64/node_modules/@microsoft/visualstudio-projectsystem-server.linux-x64/Microsoft.VisualStudio.ProjectSystem.Server.Implementation.dll' from '/home/rugery/.vscode/extensions/ms-dotnettools.csdevkit-1.19.63-linux-x64/components/CPS/platforms/linux-x64/node_modules/@microsoft/visualstudio-projectsystem-server.linux-x64'
05/27/2025 18:05:17 hora estándar de Colombia : Information : Starting service module 'Microsoft.VisualStudio.LaunchConfigurationService'. Class: Microsoft.VisualStudio.ProjectSystem.Server.LaunchConfigurationServiceFactory, Supported Version: 
05/27/2025 18:05:17 hora estándar de Colombia : Information : Started service 'Microsoft.VisualStudio.LaunchConfigurationService'. Pipe name: /home/rugery/.ServiceHub/6ef117f827/f3fa93284b, Supported Version: 
05/27/2025 18:05:17 hora estándar de Colombia : Information : hubHostClr write: Content-Length: 83

{"jsonrpc":"2.0","id":13,"result":"/home/rugery/.ServiceHub/6ef117f827/f3fa93284b"}
05/27/2025 18:05:17 hora estándar de Colombia : Information : A new client connected to CLR service module 'Microsoft.VisualStudio.LaunchConfigurationService'
05/27/2025 18:05:17 hora estándar de Colombia : Information : Found IServiceHubServiceFactory in cache. Creating instance from the factory.
05/27/2025 18:05:17 hora estándar de Colombia : Information : Creating service Microsoft.VisualStudio.ProjectSystem.Server.LaunchConfigurationServiceFactory from factory with FactoryVersion=Version2 and ClientRequestedVersion=.
05/27/2025 18:05:17 hora estándar de Colombia : Information : Setting up RPC connection for service 'Microsoft.VisualStudio.ProjectSystem.Server.LaunchConfigurationServiceFactory' from factory
05/27/2025 18:05:17 hora estándar de Colombia : Information : Checking if 'Microsoft.VisualStudio.ProjectSystem.Services.DebugTargetFrameworkServiceFactory' implements Microsoft.VisualStudio.Threading.IAsyncDisposable.
05/27/2025 18:05:17 hora estándar de Colombia : Information : Checking if 'Microsoft.VisualStudio.ProjectSystem.Services.DebugTargetFrameworkServiceFactory' implements System.IAsyncDisposable.
05/27/2025 18:05:17 hora estándar de Colombia : Information : Checking if 'Microsoft.VisualStudio.ProjectSystem.Server.ProjectTreeProviderFactory' implements Microsoft.VisualStudio.Threading.IAsyncDisposable.
05/27/2025 18:05:17 hora estándar de Colombia : Information : Checking if 'Microsoft.VisualStudio.ProjectSystem.Server.ProjectTreeProviderFactory' implements System.IAsyncDisposable.
05/27/2025 18:05:17 hora estándar de Colombia : Information : Checking if 'Microsoft.VisualStudio.ProjectSystem.Server.ProjectTreeProviderFactory' implements System.IDisposable.
05/27/2025 18:05:17 hora estándar de Colombia : Information : Checking if 'Microsoft.VisualStudio.ProjectSystem.Server.LaunchConfigurationServiceFactory' implements Microsoft.VisualStudio.Threading.IAsyncDisposable.
05/27/2025 18:05:17 hora estándar de Colombia : Information : Checking if 'Microsoft.VisualStudio.ProjectSystem.Server.LaunchConfigurationServiceFactory' implements System.IAsyncDisposable.
05/27/2025 18:05:17 hora estándar de Colombia : Information : Checking if 'Microsoft.VisualStudio.ProjectSystem.Server.LaunchConfigurationServiceFactory' implements System.IDisposable.
05/27/2025 18:05:17 hora estándar de Colombia : Information : Checking if 'Microsoft.VisualStudio.ProjectSystem.Services.DebugTargetFrameworkServiceFactory' implements System.IDisposable.
05/27/2025 18:05:17 hora estándar de Colombia : Error : Error creating Microsoft.VisualStudio.ProjectSystem.Server.LaunchConfigurationServiceFactory instance of CLR service module 'Microsoft.VisualStudio.LaunchConfigurationService': System.ObjectDisposedException: Cannot access a disposed object.
Object name: 'Nerdbank.Streams.MultiplexingStream'. HResult='-2146232798' 
   at Microsoft.Verify.NotDisposed(IDisposableObservable disposedValue, String message)
   at Nerdbank.Streams.MultiplexingStream.AcceptChannel(UInt64 id, ChannelOptions options)
   at Microsoft.ServiceHub.Framework.ServiceJsonRpcDescriptor.ConstructRpcConnection(IDuplexPipe pipe)
   at Microsoft.ServiceHub.Framework.ServiceManagerReflectionHelpers.SetupRpcConnectionAsync(Func`2 getRpcObject, Stream stream, ServiceRpcDescriptor serviceDescriptor, ServiceActivationOptions options, TraceSource traceSource, Action`1 completionTask)
   at Microsoft.ServiceHub.HostStub.ServiceManager.ExecuteServiceManagerReflectionHelperMethodAsync(AssemblyName serviceHubFramework, String methodName, Object[] parameters)
   at Microsoft.ServiceHub.HostStub.ServiceManager.CreateServiceModuleObjectWithFactoryAsync(ServiceModuleInfo smi, ServiceFactoryDetails serviceFactoryDetails, String serializedServiceActivationOptions, Stream stream, TraceSource serviceModuleTracer, AssemblyName serviceHubFrameworkReference, CancellationToken cancellationToken)
   at Microsoft.ServiceHub.HostStub.ServiceManager.CreateAndConfigureServiceAsync(ServiceModuleInfo smi, Type serviceModuleType, Stream stream, String serializedServiceActivationOptions, CancellationTokenSource cts)
05/27/2025 18:05:17 hora estándar de Colombia : Information : Connecting to ServiceBroker server '/home/rugery/.ServiceHub/6ef117f827/0167dbfcc4' to ensure it gets disposed.
05/27/2025 18:05:17 hora estándar de Colombia : Information : Checking if 'Microsoft.VisualStudio.ProjectSystem.Server.QueryExecutionServiceFactory' implements Microsoft.VisualStudio.Threading.IAsyncDisposable.
05/27/2025 18:05:17 hora estándar de Colombia : Information : Checking if 'Microsoft.VisualStudio.ProjectSystem.Server.QueryExecutionServiceFactory' implements System.IAsyncDisposable.
05/27/2025 18:05:17 hora estándar de Colombia : Information : Checking if 'Microsoft.VisualStudio.ProjectSystem.Server.QueryExecutionServiceFactory' implements System.IDisposable.
05/27/2025 18:05:17 hora estándar de Colombia : Information : Checking if 'Microsoft.VisualStudio.ProjectSystem.Server.ProjectInitializationStatusServiceFactory' implements Microsoft.VisualStudio.Threading.IAsyncDisposable.
05/27/2025 18:05:17 hora estándar de Colombia : Information : Checking if 'Microsoft.VisualStudio.ProjectSystem.Server.ProjectInitializationStatusServiceFactory' implements System.IAsyncDisposable.
05/27/2025 18:05:17 hora estándar de Colombia : Information : Checking if 'Microsoft.VisualStudio.ProjectSystem.Server.ProjectInitializationStatusServiceFactory' implements System.IDisposable.
05/27/2025 18:05:17 hora estándar de Colombia : Information : hubHostClr read: Content-Length: 58

{"jsonrpc":"2.0","id":14,"method":"ExitAsync","params":[]}
05/27/2025 18:05:17 hora estándar de Colombia : Information : Exit command received. Exiting CLR host
05/27/2025 18:05:17 hora estándar de Colombia : Information : hubHostClr write: Content-Length: 39

{"jsonrpc":"2.0","id":14,"result":null}
05/27/2025 18:05:17 hora estándar de Colombia : Information : hubHostClr JSON RPC has been disposed
05/27/2025 18:05:17 hora estándar de Colombia : Information : Checking if 'Microsoft.VisualStudio.ProjectSystem.Server.CompositionServiceFactory' implements Microsoft.VisualStudio.Threading.IAsyncDisposable.
05/27/2025 18:05:17 hora estándar de Colombia : Information : Checking if 'Microsoft.VisualStudio.ProjectSystem.Server.CompositionServiceFactory' implements System.IAsyncDisposable.
05/27/2025 18:05:17 hora estándar de Colombia : Information : Checking if 'Microsoft.VisualStudio.ProjectSystem.Server.CompositionServiceFactory' implements System.IDisposable.
05/27/2025 18:05:17 hora estándar de Colombia : Information : Checking if 'Microsoft.VisualStudio.ProjectSystem.Server.ProjectIconSourceServiceFactory' implements Microsoft.VisualStudio.Threading.IAsyncDisposable.
05/27/2025 18:05:17 hora estándar de Colombia : Information : Checking if 'Microsoft.VisualStudio.ProjectSystem.Server.ProjectIconSourceServiceFactory' implements System.IAsyncDisposable.
05/27/2025 18:05:17 hora estándar de Colombia : Information : Checking if 'Microsoft.VisualStudio.ProjectSystem.Server.ProjectIconSourceServiceFactory' implements System.IDisposable.
05/27/2025 18:05:17 hora estándar de Colombia : Information : Checking if 'Microsoft.VisualStudio.ProjectSystem.Server.LaunchConfigurationServiceFactory' implements Microsoft.VisualStudio.Threading.IAsyncDisposable.
05/27/2025 18:05:17 hora estándar de Colombia : Information : Checking if 'Microsoft.VisualStudio.ProjectSystem.Server.LaunchConfigurationServiceFactory' implements System.IAsyncDisposable.
05/27/2025 18:05:17 hora estándar de Colombia : Information : Checking if 'Microsoft.VisualStudio.ProjectSystem.Server.LaunchConfigurationServiceFactory' implements System.IDisposable.
05/27/2025 18:05:17 hora estándar de Colombia : Information : hubHostClr read: end of stream
05/27/2025 18:05:17 hora estándar de Colombia : Warning : Task connecting to the ServiceBroker was cancelled. It could mean the NamedPipe '/home/rugery/.ServiceHub/6ef117f827/0167dbfcc4' offering ServiceBroker has already been disposed.
