2025-05-27 17:59:00.700 [info] Reading sessions from keychain...
2025-05-27 17:59:00.700 [info] Getting sessions for all scopes...
2025-05-27 17:59:00.700 [info] Getting sessions for all scopes...
2025-05-27 17:59:01.361 [info] Got stored sessions!
2025-05-27 17:59:01.361 [info] Got 1 verified sessions.
2025-05-27 17:59:01.361 [info] Got 1 sessions for ...
2025-05-27 17:59:01.361 [info] Got 1 sessions for ...
2025-05-27 17:59:01.460 [info] Getting sessions for all scopes...
2025-05-27 17:59:01.460 [info] Got 1 sessions for ...
2025-05-27 17:59:01.463 [info] Getting sessions for all scopes...
2025-05-27 17:59:01.463 [info] Got 1 sessions for ...
2025-05-27 17:59:01.463 [info] Getting sessions for all scopes...
2025-05-27 17:59:01.463 [info] Got 1 sessions for ...
2025-05-27 17:59:01.464 [info] Getting sessions for all scopes...
2025-05-27 17:59:01.464 [info] Got 1 sessions for ...
2025-05-27 17:59:01.464 [info] Getting sessions for all scopes...
2025-05-27 17:59:01.464 [info] Got 1 sessions for ...
2025-05-27 17:59:01.465 [info] Getting sessions for all scopes...
2025-05-27 17:59:01.465 [info] Got 1 sessions for ...
2025-05-27 17:59:01.550 [info] Getting sessions for all scopes...
2025-05-27 17:59:01.550 [info] Got 1 sessions for ...
2025-05-27 17:59:01.611 [info] Getting sessions for all scopes...
2025-05-27 17:59:01.611 [info] Got 1 sessions for ...
2025-05-27 17:59:01.611 [info] Getting sessions for all scopes...
2025-05-27 17:59:01.611 [info] Got 1 sessions for ...
2025-05-27 17:59:01.611 [info] Getting sessions for all scopes...
2025-05-27 17:59:01.611 [info] Got 1 sessions for ...
2025-05-27 17:59:01.612 [info] Getting sessions for all scopes...
2025-05-27 17:59:01.612 [info] Got 1 sessions for ...
2025-05-27 17:59:01.615 [info] Getting sessions for all scopes...
2025-05-27 17:59:01.615 [info] Got 1 sessions for ...
2025-05-27 17:59:02.207 [info] Getting sessions for all scopes...
2025-05-27 17:59:02.207 [info] Got 1 sessions for ...
2025-05-27 17:59:02.904 [info] Getting sessions for all scopes...
2025-05-27 17:59:02.904 [info] Got 1 sessions for ...
2025-05-27 17:59:02.907 [info] Getting sessions for all scopes...
2025-05-27 17:59:02.907 [info] Got 1 sessions for ...
2025-05-27 17:59:03.128 [info] Getting sessions for all scopes...
2025-05-27 17:59:03.128 [info] Got 1 sessions for ...
2025-05-27 17:59:03.423 [info] Getting sessions for all scopes...
2025-05-27 17:59:03.423 [info] Got 1 sessions for ...
2025-05-27 17:59:03.460 [info] Getting sessions for all scopes...
2025-05-27 17:59:03.460 [info] Got 1 sessions for ...
2025-05-27 17:59:05.596 [info] Getting sessions for all scopes...
2025-05-27 17:59:05.596 [info] Got 1 sessions for ...
2025-05-27 17:59:05.614 [info] Getting sessions for all scopes...
2025-05-27 17:59:05.614 [info] Got 1 sessions for ...
2025-05-27 17:59:05.614 [info] Getting sessions for all scopes...
2025-05-27 17:59:05.614 [info] Got 1 sessions for ...
2025-05-27 17:59:05.927 [info] Getting sessions for all scopes...
2025-05-27 17:59:05.927 [info] Got 1 sessions for ...
2025-05-27 17:59:05.949 [info] Getting sessions for read:user,repo,user:email,workflow...
2025-05-27 17:59:05.949 [info] Got 0 sessions for read:user,repo,user:email,workflow...
2025-05-27 17:59:05.973 [info] Getting sessions for read:user,repo,user:email,workflow...
2025-05-27 17:59:05.973 [info] Got 0 sessions for read:user,repo,user:email,workflow...
2025-05-27 17:59:06.008 [info] Getting sessions for read:user...
2025-05-27 17:59:06.008 [info] Got 0 sessions for read:user...
2025-05-27 17:59:06.814 [info] Getting sessions for user:email...
2025-05-27 17:59:06.814 [info] Got 1 sessions for user:email...
2025-05-27 17:59:06.814 [info] Getting sessions for read:user,repo,user:email,workflow...
2025-05-27 17:59:06.814 [info] Got 0 sessions for read:user,repo,user:email,workflow...
2025-05-27 17:59:06.846 [info] Getting sessions for user:email...
2025-05-27 17:59:06.846 [info] Got 1 sessions for user:email...
2025-05-27 17:59:06.867 [info] Getting sessions for all scopes...
2025-05-27 17:59:06.867 [info] Got 1 sessions for ...
2025-05-27 17:59:07.014 [info] Getting sessions for read:user,repo,user:email,workflow...
2025-05-27 17:59:07.014 [info] Got 0 sessions for read:user,repo,user:email,workflow...
2025-05-27 17:59:07.339 [info] Getting sessions for user:email...
2025-05-27 17:59:07.339 [info] Got 1 sessions for user:email...
2025-05-27 17:59:07.343 [info] Getting sessions for all scopes...
2025-05-27 17:59:07.343 [info] Got 1 sessions for ...
2025-05-27 17:59:07.355 [info] Getting sessions for read:user,repo,user:email,workflow...
2025-05-27 17:59:07.355 [info] Got 0 sessions for read:user,repo,user:email,workflow...
2025-05-27 17:59:07.367 [info] Getting sessions for user:email...
2025-05-27 17:59:07.367 [info] Got 1 sessions for user:email...
2025-05-27 17:59:08.125 [info] Getting sessions for all scopes...
2025-05-27 17:59:08.125 [info] Got 1 sessions for ...
2025-05-27 17:59:08.126 [info] Getting sessions for all scopes...
2025-05-27 17:59:08.126 [info] Got 1 sessions for ...
2025-05-27 17:59:08.158 [info] Getting sessions for read:user,repo,user:email,workflow...
2025-05-27 17:59:08.158 [info] Got 0 sessions for read:user,repo,user:email,workflow...
2025-05-27 17:59:08.161 [info] Getting sessions for user:email...
2025-05-27 17:59:08.161 [info] Got 1 sessions for user:email...
2025-05-27 17:59:08.161 [info] Getting sessions for read:user,repo,user:email,workflow...
2025-05-27 17:59:08.161 [info] Got 0 sessions for read:user,repo,user:email,workflow...
2025-05-27 17:59:08.192 [info] Getting sessions for all scopes...
2025-05-27 17:59:08.192 [info] Got 1 sessions for ...
2025-05-27 17:59:08.194 [info] Getting sessions for read:user,repo,user:email,workflow...
2025-05-27 17:59:08.194 [info] Got 0 sessions for read:user,repo,user:email,workflow...
2025-05-27 17:59:08.197 [info] Getting sessions for user:email...
2025-05-27 17:59:08.197 [info] Got 1 sessions for user:email...
2025-05-27 17:59:08.389 [info] Getting sessions for all scopes...
2025-05-27 17:59:08.389 [info] Got 1 sessions for ...
2025-05-27 17:59:08.390 [info] Getting sessions for all scopes...
2025-05-27 17:59:08.390 [info] Got 1 sessions for ...
2025-05-27 17:59:08.394 [info] Getting sessions for read:user,repo,user:email,workflow...
2025-05-27 17:59:08.394 [info] Got 0 sessions for read:user,repo,user:email,workflow...
2025-05-27 17:59:08.402 [info] Getting sessions for user:email...
2025-05-27 17:59:08.402 [info] Got 1 sessions for user:email...
2025-05-27 17:59:08.402 [info] Getting sessions for read:user,repo,user:email,workflow...
2025-05-27 17:59:08.402 [info] Got 0 sessions for read:user,repo,user:email,workflow...
2025-05-27 17:59:08.414 [info] Getting sessions for all scopes...
2025-05-27 17:59:08.414 [info] Got 1 sessions for ...
2025-05-27 17:59:08.419 [info] Getting sessions for all scopes...
2025-05-27 17:59:08.419 [info] Got 1 sessions for ...
2025-05-27 17:59:08.424 [info] Getting sessions for all scopes...
2025-05-27 17:59:08.424 [info] Got 1 sessions for ...
2025-05-27 17:59:08.430 [info] Getting sessions for read:user,repo,user:email,workflow...
2025-05-27 17:59:08.430 [info] Got 0 sessions for read:user,repo,user:email,workflow...
2025-05-27 17:59:08.440 [info] Getting sessions for user:email...
2025-05-27 17:59:08.440 [info] Got 1 sessions for user:email...
2025-05-27 17:59:10.415 [info] Getting sessions for all scopes...
2025-05-27 17:59:10.415 [info] Got 1 sessions for ...
2025-05-27 17:59:10.422 [info] Getting sessions for read:user,repo,user:email,workflow...
2025-05-27 17:59:10.422 [info] Got 0 sessions for read:user,repo,user:email,workflow...
2025-05-27 17:59:10.445 [info] Getting sessions for user:email...
2025-05-27 17:59:10.445 [info] Got 1 sessions for user:email...
