05/27/2025 18:08:24 hora estándar de Colombia : Information : Local timezone is (UTC-05:00) hora estándar de Colombia (Bogotá)
05/27/2025 18:08:24 hora estándar de Colombia : Information : Added local RPC method "ApplyArgumentOverloadModelAsync" -> Microsoft.VisualStudio.IntelliCode.BaseModelService.BaseServiceTarget.ApplyArgumentOverloadModelAsync(String, String, String, String, List`1, CancellationToken) (Microsoft.VisualStudio.IntelliCode.BaseModelService.BaseServiceTarget)
05/27/2025 18:08:24 hora estándar de Colombia : Information : Added local RPC method "ApplyArgumentSymbolKindModelAsync" -> Microsoft.VisualStudio.IntelliCode.BaseModelService.BaseServiceTarget.ApplyArgumentSymbolKindModelAsync(String, String, String, String, Int32, List`1, CancellationToken) (Microsoft.VisualStudio.IntelliCode.BaseModelService.BaseServiceTarget)
05/27/2025 18:08:24 hora estándar de Colombia : Information : Added local RPC method "ConfigureServiceAsync" -> Microsoft.VisualStudio.IntelliCode.BaseModelService.BaseServiceTarget.ConfigureServiceAsync(ModelServiceConfiguration) (Microsoft.VisualStudio.IntelliCode.BaseModelService.BaseServiceTarget)
05/27/2025 18:08:24 hora estándar de Colombia : Information : Added local RPC method "DeepLearningModelInferenceAsync" -> Microsoft.VisualStudio.IntelliCode.BaseModelService.BaseServiceTarget.DeepLearningModelInferenceAsync(String, String, IEnumerable`1, IEnumerable`1) (Microsoft.VisualStudio.IntelliCode.BaseModelService.BaseServiceTarget)
05/27/2025 18:08:24 hora estándar de Colombia : Information : Added local RPC method "GetArgumentWeightsAsync" -> Microsoft.VisualStudio.IntelliCode.BaseModelService.BaseServiceTarget.GetArgumentWeightsAsync(String, String, CancellationToken) (Microsoft.VisualStudio.IntelliCode.BaseModelService.BaseServiceTarget)
05/27/2025 18:08:24 hora estándar de Colombia : Information : Added local RPC method "GetConfigureServiceAsync" -> Microsoft.VisualStudio.IntelliCode.BaseModelService.BaseServiceTarget.GetConfigureServiceAsync() (Microsoft.VisualStudio.IntelliCode.BaseModelService.BaseServiceTarget)
05/27/2025 18:08:24 hora estándar de Colombia : Information : Added local RPC method "GetLoadedModelNamesAsync" -> Microsoft.VisualStudio.IntelliCode.BaseModelService.BaseServiceTarget.GetLoadedModelNamesAsync(String, String) (Microsoft.VisualStudio.IntelliCode.BaseModelService.BaseServiceTarget)
05/27/2025 18:08:24 hora estándar de Colombia : Information : Added local RPC method "GetMarkupAttributeSuggestionsAsync" -> Microsoft.VisualStudio.IntelliCode.BaseModelService.BaseServiceTarget.GetMarkupAttributeSuggestionsAsync(String, String, String, String) (Microsoft.VisualStudio.IntelliCode.BaseModelService.BaseServiceTarget)
05/27/2025 18:08:24 hora estándar de Colombia : Information : Added local RPC method "GetMarkupTagSuggestionsAsync" -> Microsoft.VisualStudio.IntelliCode.BaseModelService.BaseServiceTarget.GetMarkupTagSuggestionsAsync(String, String, String) (Microsoft.VisualStudio.IntelliCode.BaseModelService.BaseServiceTarget)
05/27/2025 18:08:24 hora estándar de Colombia : Information : Added local RPC method "GetPatternAsync" -> Microsoft.VisualStudio.IntelliCode.BaseModelService.BaseServiceTarget.GetPatternAsync(String, String, String) (Microsoft.VisualStudio.IntelliCode.BaseModelService.BaseServiceTarget)
05/27/2025 18:08:24 hora estándar de Colombia : Information : Added local RPC method "GetPatternAsync" -> Microsoft.VisualStudio.IntelliCode.BaseModelService.BaseServiceTarget.GetPatternAsync(String, String, String, QueryModelOrigin, CancellationToken) (Microsoft.VisualStudio.IntelliCode.BaseModelService.BaseServiceTarget)
05/27/2025 18:08:24 hora estándar de Colombia : Information : Added local RPC method "GetPatternsAsync" -> Microsoft.VisualStudio.IntelliCode.BaseModelService.BaseServiceTarget.GetPatternsAsync(String, String, IEnumerable`1) (Microsoft.VisualStudio.IntelliCode.BaseModelService.BaseServiceTarget)
05/27/2025 18:08:24 hora estándar de Colombia : Information : Added local RPC method "GetPatternsAsync" -> Microsoft.VisualStudio.IntelliCode.BaseModelService.BaseServiceTarget.GetPatternsAsync(String, String, IEnumerable`1, QueryModelOrigin, CancellationToken) (Microsoft.VisualStudio.IntelliCode.BaseModelService.BaseServiceTarget)
05/27/2025 18:08:24 hora estándar de Colombia : Information : Added local RPC method "LoadModelAsync" -> Microsoft.VisualStudio.IntelliCode.BaseModelService.BaseServiceTarget.LoadModelAsync(String, String, String, CancellationToken) (Microsoft.VisualStudio.IntelliCode.BaseModelService.BaseServiceTarget)
05/27/2025 18:08:24 hora estándar de Colombia : Information : Added local RPC method "RequestLoadModelsAsync" -> Microsoft.VisualStudio.IntelliCode.BaseModelService.BaseServiceTarget.RequestLoadModelsAsync(String, String) (Microsoft.VisualStudio.IntelliCode.BaseModelService.BaseServiceTarget)
05/27/2025 18:08:24 hora estándar de Colombia : Information : Added local RPC method "SendTelemetryAsync" -> Microsoft.VisualStudio.IntelliCode.BaseModelService.BaseServiceTarget.SendTelemetryAsync(String, Property[], Exception) (Microsoft.VisualStudio.IntelliCode.BaseModelService.BaseServiceTarget)
05/27/2025 18:08:24 hora estándar de Colombia : Information : Added local RPC method "SendTraceAsync" -> Microsoft.VisualStudio.IntelliCode.BaseModelService.BaseServiceTarget.SendTraceAsync(TraceEventType, String, Boolean) (Microsoft.VisualStudio.IntelliCode.BaseModelService.BaseServiceTarget)
05/27/2025 18:08:24 hora estándar de Colombia : Information : Added local RPC method "GetSerializedTelemetrySessionSettingsAsync" -> Microsoft.VisualStudio.IntelliCode.BaseModelService.BaseServiceTarget.GetSerializedTelemetrySessionSettingsAsync() (Microsoft.VisualStudio.IntelliCode.BaseModelService.BaseServiceTarget)
05/27/2025 18:08:24 hora estándar de Colombia : Information : Added local RPC method "ApplyArgumentOverloadModel" -> Microsoft.VisualStudio.IntelliCode.BaseModelService.BaseServiceTarget.ApplyArgumentOverloadModelAsync(String, String, String, String, List`1, CancellationToken) (Microsoft.VisualStudio.IntelliCode.BaseModelService.BaseServiceTarget)
05/27/2025 18:08:24 hora estándar de Colombia : Information : Added local RPC method "ApplyArgumentSymbolKindModel" -> Microsoft.VisualStudio.IntelliCode.BaseModelService.BaseServiceTarget.ApplyArgumentSymbolKindModelAsync(String, String, String, String, Int32, List`1, CancellationToken) (Microsoft.VisualStudio.IntelliCode.BaseModelService.BaseServiceTarget)
05/27/2025 18:08:24 hora estándar de Colombia : Information : Added local RPC method "ConfigureService" -> Microsoft.VisualStudio.IntelliCode.BaseModelService.BaseServiceTarget.ConfigureServiceAsync(ModelServiceConfiguration) (Microsoft.VisualStudio.IntelliCode.BaseModelService.BaseServiceTarget)
05/27/2025 18:08:24 hora estándar de Colombia : Information : Added local RPC method "DeepLearningModelInference" -> Microsoft.VisualStudio.IntelliCode.BaseModelService.BaseServiceTarget.DeepLearningModelInferenceAsync(String, String, IEnumerable`1, IEnumerable`1) (Microsoft.VisualStudio.IntelliCode.BaseModelService.BaseServiceTarget)
05/27/2025 18:08:24 hora estándar de Colombia : Information : Added local RPC method "GetArgumentWeights" -> Microsoft.VisualStudio.IntelliCode.BaseModelService.BaseServiceTarget.GetArgumentWeightsAsync(String, String, CancellationToken) (Microsoft.VisualStudio.IntelliCode.BaseModelService.BaseServiceTarget)
05/27/2025 18:08:24 hora estándar de Colombia : Information : Added local RPC method "GetConfigureService" -> Microsoft.VisualStudio.IntelliCode.BaseModelService.BaseServiceTarget.GetConfigureServiceAsync() (Microsoft.VisualStudio.IntelliCode.BaseModelService.BaseServiceTarget)
05/27/2025 18:08:24 hora estándar de Colombia : Information : Added local RPC method "GetLoadedModelNames" -> Microsoft.VisualStudio.IntelliCode.BaseModelService.BaseServiceTarget.GetLoadedModelNamesAsync(String, String) (Microsoft.VisualStudio.IntelliCode.BaseModelService.BaseServiceTarget)
05/27/2025 18:08:24 hora estándar de Colombia : Information : Added local RPC method "GetMarkupAttributeSuggestions" -> Microsoft.VisualStudio.IntelliCode.BaseModelService.BaseServiceTarget.GetMarkupAttributeSuggestionsAsync(String, String, String, String) (Microsoft.VisualStudio.IntelliCode.BaseModelService.BaseServiceTarget)
05/27/2025 18:08:24 hora estándar de Colombia : Information : Added local RPC method "GetMarkupTagSuggestions" -> Microsoft.VisualStudio.IntelliCode.BaseModelService.BaseServiceTarget.GetMarkupTagSuggestionsAsync(String, String, String) (Microsoft.VisualStudio.IntelliCode.BaseModelService.BaseServiceTarget)
05/27/2025 18:08:24 hora estándar de Colombia : Information : Added local RPC method "GetPattern" -> Microsoft.VisualStudio.IntelliCode.BaseModelService.BaseServiceTarget.GetPatternAsync(String, String, String) (Microsoft.VisualStudio.IntelliCode.BaseModelService.BaseServiceTarget)
05/27/2025 18:08:24 hora estándar de Colombia : Information : Added local RPC method "GetPattern" -> Microsoft.VisualStudio.IntelliCode.BaseModelService.BaseServiceTarget.GetPatternAsync(String, String, String, QueryModelOrigin, CancellationToken) (Microsoft.VisualStudio.IntelliCode.BaseModelService.BaseServiceTarget)
05/27/2025 18:08:24 hora estándar de Colombia : Information : Added local RPC method "GetPatterns" -> Microsoft.VisualStudio.IntelliCode.BaseModelService.BaseServiceTarget.GetPatternsAsync(String, String, IEnumerable`1) (Microsoft.VisualStudio.IntelliCode.BaseModelService.BaseServiceTarget)
05/27/2025 18:08:24 hora estándar de Colombia : Information : Added local RPC method "GetPatterns" -> Microsoft.VisualStudio.IntelliCode.BaseModelService.BaseServiceTarget.GetPatternsAsync(String, String, IEnumerable`1, QueryModelOrigin, CancellationToken) (Microsoft.VisualStudio.IntelliCode.BaseModelService.BaseServiceTarget)
05/27/2025 18:08:24 hora estándar de Colombia : Information : Added local RPC method "LoadModel" -> Microsoft.VisualStudio.IntelliCode.BaseModelService.BaseServiceTarget.LoadModelAsync(String, String, String, CancellationToken) (Microsoft.VisualStudio.IntelliCode.BaseModelService.BaseServiceTarget)
05/27/2025 18:08:24 hora estándar de Colombia : Information : Added local RPC method "RequestLoadModels" -> Microsoft.VisualStudio.IntelliCode.BaseModelService.BaseServiceTarget.RequestLoadModelsAsync(String, String) (Microsoft.VisualStudio.IntelliCode.BaseModelService.BaseServiceTarget)
05/27/2025 18:08:24 hora estándar de Colombia : Information : Added local RPC method "SendTelemetry" -> Microsoft.VisualStudio.IntelliCode.BaseModelService.BaseServiceTarget.SendTelemetryAsync(String, Property[], Exception) (Microsoft.VisualStudio.IntelliCode.BaseModelService.BaseServiceTarget)
05/27/2025 18:08:24 hora estándar de Colombia : Information : Added local RPC method "SendTrace" -> Microsoft.VisualStudio.IntelliCode.BaseModelService.BaseServiceTarget.SendTraceAsync(TraceEventType, String, Boolean) (Microsoft.VisualStudio.IntelliCode.BaseModelService.BaseServiceTarget)
05/27/2025 18:08:24 hora estándar de Colombia : Information : Added local RPC method "GetSerializedTelemetrySessionSettings" -> Microsoft.VisualStudio.IntelliCode.BaseModelService.BaseServiceTarget.GetSerializedTelemetrySessionSettingsAsync() (Microsoft.VisualStudio.IntelliCode.BaseModelService.BaseServiceTarget)
05/27/2025 18:08:24 hora estándar de Colombia: Information : 2 :Listening for events from Microsoft.VisualStudio.IntelliCode.BaseModelService.BaseServiceTarget.ModelLoaded to raise notification.
05/27/2025 18:08:24 hora estándar de Colombia: Information : 2 :Listening for events from Microsoft.VisualStudio.IntelliCode.BaseModelService.BaseServiceTarget.NoMatchingModelLoaded to raise notification.
05/27/2025 18:08:24 hora estándar de Colombia: Information : 2 :Listening for events from Microsoft.VisualStudio.IntelliCode.BaseModelService.BaseServiceTarget.RemoteTelemetrySent to raise notification.
05/27/2025 18:08:24 hora estándar de Colombia: Information : 2 :Listening for events from Microsoft.VisualStudio.IntelliCode.BaseModelService.BaseServiceTarget.RemoteTraceSent to raise notification.
05/27/2025 18:08:24 hora estándar de Colombia: Information : 3 :Listening started.
05/27/2025 18:08:24 hora estándar de Colombia : Information : vs-intellicode-base-models read: Content-Length: 90

{"jsonrpc":"2.0","id":2,"method":"GetSerializedTelemetrySessionSettingsAsync","params":[]}
05/27/2025 18:08:24 hora estándar de Colombia: Information : 7 :{"id":2,"method":"GetSerializedTelemetrySessionSettingsAsync"}
05/27/2025 18:08:24 hora estándar de Colombia: Information : 6 :Received request "2" for method "GetSerializedTelemetrySessionSettingsAsync".
05/27/2025 18:08:24 hora estándar de Colombia: Information : 9 :Invoking Microsoft.VisualStudio.IntelliCode.BaseModelService.BaseServiceTarget.GetSerializedTelemetrySessionSettingsAsync()
05/27/2025 18:08:24 hora estándar de Colombia : Start : GetSerializedTelemetrySessionSettingsAsync
05/27/2025 18:08:24 hora estándar de Colombia : Stop : GetSerializedTelemetrySessionSettingsAsync
05/27/2025 18:08:24 hora estándar de Colombia: Information : 8 :{"id":2}
05/27/2025 18:08:24 hora estándar de Colombia : Information : vs-intellicode-base-models write: Content-Length: 571

{"jsonrpc":"2.0","id":2,"result":"{\"TelemetryLevel\":\"all\",\"IsOptedIn\":false,\"HostName\":\"Default\",\"AppInsightsInstrumentationKey\":null,\"AsimovInstrumentationKey\":null,\"CollectorApiKey\":\"0c6ae279ed8443289764825290e4f9e2-1a736e7c-1324-4338-be46-fc2a58ae4d14-7255\",\"AppId\":1010,\"UserId\":\"95b6a6ed-46ff-43e3-84aa-7ed2fae683d1\",\"Id\":\"a232fa9c-72dc-44cf-b27d-a503c52916441748387252332\",\"ProcessStartTime\":133928608627012445,\"SkuName\":null,\"VSExeVersion\":null,\"BucketFiltersToEnableWatsonForFaults\":[],\"BucketFiltersToAddDumpsToFaults\":[]}"}
05/27/2025 18:08:24 hora estándar de Colombia : Information : vs-intellicode-base-models read: Content-Length: 356

{"jsonrpc":"2.0","id":3,"method":"LoadModelAsync","params":["csharp","intellisense-members-lstm2","/home/rugery/.vscode/extensions/ms-dotnettools.vscodeintellicode-csharp-2.2.3-linux-x64/components/starred-suggestions/platforms/linux-x64/node_modules/@vsintellicode/starred-suggestions-csharp.linux-x64/ModelFiles/csharp_intellisense-members-lstm2.model"]}
05/27/2025 18:08:24 hora estándar de Colombia: Information : 7 :{"id":3,"method":"LoadModelAsync"}
05/27/2025 18:08:24 hora estándar de Colombia: Information : 6 :Received request "3" for method "LoadModelAsync".
05/27/2025 18:08:24 hora estándar de Colombia: Information : 9 :Invoking Microsoft.VisualStudio.IntelliCode.BaseModelService.BaseServiceTarget.LoadModelAsync(String, String, String, CancellationToken)
05/27/2025 18:08:24 hora estándar de Colombia : Start : LoadModelAsync
05/27/2025 18:08:24 hora estándar de Colombia: Information : 8 :{"id":null,"method":"RemoteTraceSent"}
05/27/2025 18:08:24 hora estándar de Colombia : Information : vs-intellicode-base-models write: Content-Length: 487

{"traceparent":"00-ad195662b5f08f44bd71b5886a23c18b-1aa300d8d50f4442-01","jsonrpc":"2.0","method":"RemoteTraceSent","params":[{"source":"ModelService","type":8,"message":"Loading model for csharp intellisense-members-lstm2 from /home/rugery/.vscode/extensions/ms-dotnettools.vscodeintellicode-csharp-2.2.3-linux-x64/components/starred-suggestions/platforms/linux-x64/node_modules/@vsintellicode/starred-suggestions-csharp.linux-x64/ModelFiles/csharp_intellisense-members-lstm2.model."}]}
05/27/2025 18:08:25 hora estándar de Colombia: Information : 8 :{"id":null,"method":"ModelLoaded"}
05/27/2025 18:08:25 hora estándar de Colombia : Stop : LoadModelAsync
05/27/2025 18:08:25 hora estándar de Colombia : Information : vs-intellicode-base-models write: Content-Length: 221

{"traceparent":"00-ad195662b5f08f44bd71b5886a23c18b-b8acab68de434648-01","jsonrpc":"2.0","method":"ModelLoaded","params":[{"model":"CsharpDL_$base$_2.0.0","language":"csharp","analyzerName":"intellisense-members-lstm2"}]}
05/27/2025 18:08:25 hora estándar de Colombia: Information : 8 :{"id":3}
05/27/2025 18:08:25 hora estándar de Colombia : Information : vs-intellicode-base-models write: Content-Length: 38

{"jsonrpc":"2.0","id":3,"result":null}
05/27/2025 18:08:25 hora estándar de Colombia : Information : vs-intellicode-base-models read: Content-Length: 109

{"jsonrpc":"2.0","id":4,"method":"GetLoadedModelNamesAsync","params":["csharp","intellisense-members-lstm2"]}
05/27/2025 18:08:25 hora estándar de Colombia: Information : 7 :{"id":4,"method":"GetLoadedModelNamesAsync"}
05/27/2025 18:08:25 hora estándar de Colombia: Information : 6 :Received request "4" for method "GetLoadedModelNamesAsync".
05/27/2025 18:08:25 hora estándar de Colombia: Information : 9 :Invoking Microsoft.VisualStudio.IntelliCode.BaseModelService.BaseServiceTarget.GetLoadedModelNamesAsync(String, String)
05/27/2025 18:08:25 hora estándar de Colombia : Start : GetLoadedModelNamesAsync
05/27/2025 18:08:25 hora estándar de Colombia : Stop : GetLoadedModelNamesAsync
05/27/2025 18:08:25 hora estándar de Colombia: Information : 8 :{"id":4}
05/27/2025 18:08:25 hora estándar de Colombia : Information : vs-intellicode-base-models write: Content-Length: 59

{"jsonrpc":"2.0","id":4,"result":["CsharpDL_$base$_2.0.0"]}
05/27/2025 18:08:25 hora estándar de Colombia : Information : vs-intellicode-base-models read: Content-Length: 348

{"jsonrpc":"2.0","id":5,"method":"LoadModelAsync","params":["csharp","intellisense-arguments","/home/rugery/.vscode/extensions/ms-dotnettools.vscodeintellicode-csharp-2.2.3-linux-x64/components/starred-suggestions/platforms/linux-x64/node_modules/@vsintellicode/starred-suggestions-csharp.linux-x64/ModelFiles/csharp_intellisense-arguments.model"]}
05/27/2025 18:08:25 hora estándar de Colombia: Information : 7 :{"id":5,"method":"LoadModelAsync"}
05/27/2025 18:08:25 hora estándar de Colombia: Information : 6 :Received request "5" for method "LoadModelAsync".
05/27/2025 18:08:25 hora estándar de Colombia: Information : 9 :Invoking Microsoft.VisualStudio.IntelliCode.BaseModelService.BaseServiceTarget.LoadModelAsync(String, String, String, CancellationToken)
05/27/2025 18:08:25 hora estándar de Colombia : Start : LoadModelAsync
05/27/2025 18:08:25 hora estándar de Colombia: Information : 8 :{"id":null,"method":"RemoteTraceSent"}
05/27/2025 18:08:25 hora estándar de Colombia : Information : vs-intellicode-base-models write: Content-Length: 479

{"traceparent":"00-f03aa682541dd24d8abf9c2647b6ad7d-68c7eed1109db041-01","jsonrpc":"2.0","method":"RemoteTraceSent","params":[{"source":"ModelService","type":8,"message":"Loading model for csharp intellisense-arguments from /home/rugery/.vscode/extensions/ms-dotnettools.vscodeintellicode-csharp-2.2.3-linux-x64/components/starred-suggestions/platforms/linux-x64/node_modules/@vsintellicode/starred-suggestions-csharp.linux-x64/ModelFiles/csharp_intellisense-arguments.model."}]}
05/27/2025 18:08:27 hora estándar de Colombia: Information : 8 :{"id":null,"method":"ModelLoaded"}
05/27/2025 18:08:27 hora estándar de Colombia : Information : vs-intellicode-base-models write: Content-Length: 222

{"traceparent":"00-f03aa682541dd24d8abf9c2647b6ad7d-b3c8ee2e32e58045-01","jsonrpc":"2.0","method":"ModelLoaded","params":[{"model":"C#_argument_$base$_0.0.1.1","language":"csharp","analyzerName":"intellisense-arguments"}]}
05/27/2025 18:08:27 hora estándar de Colombia: Information : 8 :{"id":null,"method":"RemoteTraceSent"}
05/27/2025 18:08:27 hora estándar de Colombia : Stop : LoadModelAsync
05/27/2025 18:08:27 hora estándar de Colombia: Information : 8 :{"id":5}
05/27/2025 18:08:27 hora estándar de Colombia : Information : vs-intellicode-base-models write: Content-Length: 203

{"traceparent":"00-f03aa682541dd24d8abf9c2647b6ad7d-704371d1a0f34640-01","jsonrpc":"2.0","method":"RemoteTraceSent","params":[{"source":"ModelService","type":8,"message":"Compacting models took 19ms."}]}
05/27/2025 18:08:27 hora estándar de Colombia : Information : vs-intellicode-base-models write: Content-Length: 38

{"jsonrpc":"2.0","id":5,"result":null}
05/27/2025 18:08:27 hora estándar de Colombia : Information : vs-intellicode-base-models read: Content-Length: 105

{"jsonrpc":"2.0","id":6,"method":"GetLoadedModelNamesAsync","params":["csharp","intellisense-arguments"]}
05/27/2025 18:08:27 hora estándar de Colombia: Information : 7 :{"id":6,"method":"GetLoadedModelNamesAsync"}
05/27/2025 18:08:27 hora estándar de Colombia: Information : 6 :Received request "6" for method "GetLoadedModelNamesAsync".
05/27/2025 18:08:27 hora estándar de Colombia: Information : 9 :Invoking Microsoft.VisualStudio.IntelliCode.BaseModelService.BaseServiceTarget.GetLoadedModelNamesAsync(String, String)
05/27/2025 18:08:27 hora estándar de Colombia : Start : GetLoadedModelNamesAsync
05/27/2025 18:08:27 hora estándar de Colombia : Stop : GetLoadedModelNamesAsync
05/27/2025 18:08:27 hora estándar de Colombia: Information : 8 :{"id":6}
05/27/2025 18:08:27 hora estándar de Colombia : Information : vs-intellicode-base-models write: Content-Length: 64

{"jsonrpc":"2.0","id":6,"result":["C#_argument_$base$_0.0.1.1"]}
05/27/2025 18:09:05 hora estándar de Colombia : Information : vs-intellicode-base-models read: Content-Length: 103

{"jsonrpc":"2.0","id":7,"method":"GetLoadedModelNamesAsync","params":["csharp","intellisense-members"]}
05/27/2025 18:09:05 hora estándar de Colombia: Information : 7 :{"id":7,"method":"GetLoadedModelNamesAsync"}
05/27/2025 18:09:05 hora estándar de Colombia: Information : 6 :Received request "7" for method "GetLoadedModelNamesAsync".
05/27/2025 18:09:05 hora estándar de Colombia: Information : 9 :Invoking Microsoft.VisualStudio.IntelliCode.BaseModelService.BaseServiceTarget.GetLoadedModelNamesAsync(String, String)
05/27/2025 18:09:05 hora estándar de Colombia : Start : GetLoadedModelNamesAsync
05/27/2025 18:09:05 hora estándar de Colombia : Stop : GetLoadedModelNamesAsync
05/27/2025 18:09:05 hora estándar de Colombia: Information : 8 :{"id":7}
05/27/2025 18:09:05 hora estándar de Colombia : Information : vs-intellicode-base-models write: Content-Length: 36

{"jsonrpc":"2.0","id":7,"result":[]}
05/27/2025 18:09:05 hora estándar de Colombia : Information : vs-intellicode-base-models read: Content-Length: 1709

{"jsonrpc":"2.0","id":8,"method":"ApplyArgumentSymbolKindModelAsync","params":["csharp","intellisense-arguments","System.Console","WriteLine",0,[13,9,9,9,9,9,9,9,11,12,12,11,11,11,11,11,11,11,11,11,11,11,11,11,11,11,11,11,11,11,11,11,11,11,11,11,11,11,11,11,11,11,11,11,11,11,11,11,11,11,11,11,11,11,11,11,11,11,11,11,11,11,11,11,11,11,11,11,11,11,11,11,11,11,11,11,11,11,11,11,11,11,11,11,11,11,11,11,11,11,11,11,11,11,11,11,11,11,11,11,11,11,11,11,11,11,11,11,11,11,11,11,11,11,11,11,11,11,11,11,11,11,11,11,11,11,11,11,11,11,11,11,11,11,11,11,11,11,11,11,11,11,11,11,11,11,11,11,11,11,11,11,11,11,11,11,11,11,11,11,11,11,11,11,11,11,11,11,11,11,11,11,11,11,11,11,11,11,11,11,11,11,11,11,11,11,11,11,11,11,11,11,11,11,11,11,11,11,11,11,11,11,11,11,11,11,11,11,11,11,11,11,11,11,11,11,11,11,11,11,11,11,11,11,11,11,11,11,11,11,11,11,11,11,11,11,11,11,11,11,11,11,11,11,11,11,11,11,11,11,11,11,11,11,11,11,11,11,11,11,11,11,11,11,11,11,11,11,11,11,11,11,11,11,11,11,11,11,11,11,11,11,11,11,11,11,11,11,11,11,11,11,11,11,11,11,11,11,11,11,11,11,11,11,11,11,11,11,11,11,11,11,11,11,11,11,11,11,11,11,11,11,11,11,11,11,11,11,11,11,11,11,11,11,11,11,11,11,11,11,11,11,11,11,11,11,11,11,11,11,11,11,11,11,11,11,11,11,11,11,11,11,11,11,11,11,11,11,11,11,11,11,11,11,11,11,11,11,11,11,11,11,11,11,11,11,11,11,11,11,11,11,11,11,11,11,11,11,11,11,11,11,11,11,11,11,11,11,11,11,11,11,11,11,11,11,11,11,11,11,11,11,11,11,11,11,11,11,11,11,11,11,11,11,11,11,11,11,11,11,11,11,11,11,11,11,11,11,11,11,11,11,11,11,11,11,11,11,11,11,11,11,11,11,11,11,11,11,11,11,11,11,11,11,11,11,11,11,11,11,11,11,11,11,11,11,11,11,11,11,11,11,11,11,11,11,11,11,11,11,11,11,11,11,11,11,11,11,11,11,11,11,11,11,11,11,11,11,11,11,11,11,11]]}Content-Length: 109

{"jsonrpc":"2.0","id":9,"method":"GetLoadedModelNamesAsync","params":["csharp","intellisense-members-lstm2"]}
05/27/2025 18:09:05 hora estándar de Colombia: Information : 7 :{"id":8,"method":"ApplyArgumentSymbolKindModelAsync"}
05/27/2025 18:09:05 hora estándar de Colombia: Information : 6 :Received request "8" for method "ApplyArgumentSymbolKindModelAsync".
05/27/2025 18:09:05 hora estándar de Colombia: Information : 9 :Invoking Microsoft.VisualStudio.IntelliCode.BaseModelService.BaseServiceTarget.ApplyArgumentSymbolKindModelAsync(String, String, String, String, Int32, List`1, CancellationToken)
05/27/2025 18:09:05 hora estándar de Colombia : Start : ApplyArgumentSymbolKindModelAsync
05/27/2025 18:09:05 hora estándar de Colombia: Information : 7 :{"id":9,"method":"GetLoadedModelNamesAsync"}
05/27/2025 18:09:05 hora estándar de Colombia: Information : 6 :Received request "9" for method "GetLoadedModelNamesAsync".
05/27/2025 18:09:05 hora estándar de Colombia: Information : 9 :Invoking Microsoft.VisualStudio.IntelliCode.BaseModelService.BaseServiceTarget.GetLoadedModelNamesAsync(String, String)
05/27/2025 18:09:05 hora estándar de Colombia : Start : GetLoadedModelNamesAsync
05/27/2025 18:09:05 hora estándar de Colombia: Information : 8 :{"id":null,"method":"RemoteTraceSent"}
05/27/2025 18:09:05 hora estándar de Colombia : Information : vs-intellicode-base-models write: Content-Length: 231

{"traceparent":"00-78f20c0077ece2429173c968884750bd-efb93f820535e240-01","jsonrpc":"2.0","method":"RemoteTraceSent","params":[{"source":"ModelService","type":8,"message":"Requesting model load for csharp intellisense-arguments."}]}
05/27/2025 18:09:05 hora estándar de Colombia: Information : 8 :{"id":null,"method":"NoMatchingModelLoaded"}
05/27/2025 18:09:05 hora estándar de Colombia : Information : vs-intellicode-base-models write: Content-Length: 195

{"traceparent":"00-78f20c0077ece2429173c968884750bd-3ea671aa8b41174f-01","jsonrpc":"2.0","method":"NoMatchingModelLoaded","params":[{"language":"csharp","analyzerName":"intellisense-arguments"}]}
05/27/2025 18:09:05 hora estándar de Colombia : Stop : ApplyArgumentSymbolKindModelAsync
05/27/2025 18:09:05 hora estándar de Colombia: Information : 8 :{"id":8}
05/27/2025 18:09:05 hora estándar de Colombia : Information : vs-intellicode-base-models write: Content-Length: 2306

{"jsonrpc":"2.0","id":8,"result":{"version":"0.0.1.1","failureReason":0,"weights":[0.019700000062584877,0.22619999945163727,0.22619999945163727,0.22619999945163727,0.22619999945163727,0.22619999945163727,0.22619999945163727,0.22619999945163727,0.0,0.0,0.0,0.0,0.0,0.0,0.0,0.0,0.0,0.0,0.0,0.0,0.0,0.0,0.0,0.0,0.0,0.0,0.0,0.0,0.0,0.0,0.0,0.0,0.0,0.0,0.0,0.0,0.0,0.0,0.0,0.0,0.0,0.0,0.0,0.0,0.0,0.0,0.0,0.0,0.0,0.0,0.0,0.0,0.0,0.0,0.0,0.0,0.0,0.0,0.0,0.0,0.0,0.0,0.0,0.0,0.0,0.0,0.0,0.0,0.0,0.0,0.0,0.0,0.0,0.0,0.0,0.0,0.0,0.0,0.0,0.0,0.0,0.0,0.0,0.0,0.0,0.0,0.0,0.0,0.0,0.0,0.0,0.0,0.0,0.0,0.0,0.0,0.0,0.0,0.0,0.0,0.0,0.0,0.0,0.0,0.0,0.0,0.0,0.0,0.0,0.0,0.0,0.0,0.0,0.0,0.0,0.0,0.0,0.0,0.0,0.0,0.0,0.0,0.0,0.0,0.0,0.0,0.0,0.0,0.0,0.0,0.0,0.0,0.0,0.0,0.0,0.0,0.0,0.0,0.0,0.0,0.0,0.0,0.0,0.0,0.0,0.0,0.0,0.0,0.0,0.0,0.0,0.0,0.0,0.0,0.0,0.0,0.0,0.0,0.0,0.0,0.0,0.0,0.0,0.0,0.0,0.0,0.0,0.0,0.0,0.0,0.0,0.0,0.0,0.0,0.0,0.0,0.0,0.0,0.0,0.0,0.0,0.0,0.0,0.0,0.0,0.0,0.0,0.0,0.0,0.0,0.0,0.0,0.0,0.0,0.0,0.0,0.0,0.0,0.0,0.0,0.0,0.0,0.0,0.0,0.0,0.0,0.0,0.0,0.0,0.0,0.0,0.0,0.0,0.0,0.0,0.0,0.0,0.0,0.0,0.0,0.0,0.0,0.0,0.0,0.0,0.0,0.0,0.0,0.0,0.0,0.0,0.0,0.0,0.0,0.0,0.0,0.0,0.0,0.0,0.0,0.0,0.0,0.0,0.0,0.0,0.0,0.0,0.0,0.0,0.0,0.0,0.0,0.0,0.0,0.0,0.0,0.0,0.0,0.0,0.0,0.0,0.0,0.0,0.0,0.0,0.0,0.0,0.0,0.0,0.0,0.0,0.0,0.0,0.0,0.0,0.0,0.0,0.0,0.0,0.0,0.0,0.0,0.0,0.0,0.0,0.0,0.0,0.0,0.0,0.0,0.0,0.0,0.0,0.0,0.0,0.0,0.0,0.0,0.0,0.0,0.0,0.0,0.0,0.0,0.0,0.0,0.0,0.0,0.0,0.0,0.0,0.0,0.0,0.0,0.0,0.0,0.0,0.0,0.0,0.0,0.0,0.0,0.0,0.0,0.0,0.0,0.0,0.0,0.0,0.0,0.0,0.0,0.0,0.0,0.0,0.0,0.0,0.0,0.0,0.0,0.0,0.0,0.0,0.0,0.0,0.0,0.0,0.0,0.0,0.0,0.0,0.0,0.0,0.0,0.0,0.0,0.0,0.0,0.0,0.0,0.0,0.0,0.0,0.0,0.0,0.0,0.0,0.0,0.0,0.0,0.0,0.0,0.0,0.0,0.0,0.0,0.0,0.0,0.0,0.0,0.0,0.0,0.0,0.0,0.0,0.0,0.0,0.0,0.0,0.0,0.0,0.0,0.0,0.0,0.0,0.0,0.0,0.0,0.0,0.0,0.0,0.0,0.0,0.0,0.0,0.0,0.0,0.0,0.0,0.0,0.0,0.0,0.0,0.0,0.0,0.0,0.0,0.0,0.0,0.0,0.0,0.0,0.0,0.0,0.0,0.0,0.0,0.0,0.0,0.0,0.0,0.0,0.0,0.0,0.0,0.0,0.0,0.0,0.0,0.0,0.0,0.0,0.0,0.0,0.0,0.0,0.0,0.0,0.0,0.0,0.0,0.0,0.0,0.0,0.0,0.0,0.0,0.0,0.0,0.0,0.0,0.0,0.0,0.0,0.0,0.0,0.0,0.0,0.0,0.0,0.0,0.0,0.0,0.0,0.0,0.0,0.0,0.0,0.0,0.0,0.0,0.0,0.0,0.0,0.0,0.0,0.0,0.0,0.0,0.0,0.0,0.0,0.0,0.0,0.0,0.0,0.0,0.0,0.0,0.0,0.0,0.0,0.0,0.0,0.0,0.0,0.0,0.0,0.0,0.0,0.0,0.0,0.0,0.0,0.0,0.0,0.0,0.0,0.0,0.0,0.0,0.0,0.0]}}
05/27/2025 18:09:05 hora estándar de Colombia : Stop : GetLoadedModelNamesAsync
05/27/2025 18:09:05 hora estándar de Colombia: Information : 8 :{"id":9}
05/27/2025 18:09:05 hora estándar de Colombia : Information : vs-intellicode-base-models write: Content-Length: 59

{"jsonrpc":"2.0","id":9,"result":["CsharpDL_$base$_2.0.0"]}
05/27/2025 18:09:05 hora estándar de Colombia : Information : vs-intellicode-base-models read: Content-Length: 540

{"jsonrpc":"2.0","id":10,"method":"ApplyArgumentOverloadModelAsync","params":["csharp","intellisense-arguments","System.Console","WriteLine",["WriteLine(bool)","WriteLine(char)","WriteLine(char[])","WriteLine(char[], int, int)","WriteLine(decimal)","WriteLine(double)","WriteLine(int)","WriteLine(long)","WriteLine(object)","WriteLine(float)","WriteLine(string)","WriteLine(string, object)","WriteLine(string, object, object)","WriteLine(string, object, object, object)","WriteLine(string, object[])","WriteLine(uint)","WriteLine(ulong)"]]}
05/27/2025 18:09:05 hora estándar de Colombia: Information : 7 :{"id":10,"method":"ApplyArgumentOverloadModelAsync"}
05/27/2025 18:09:05 hora estándar de Colombia: Information : 6 :Received request "10" for method "ApplyArgumentOverloadModelAsync".
05/27/2025 18:09:05 hora estándar de Colombia: Information : 9 :Invoking Microsoft.VisualStudio.IntelliCode.BaseModelService.BaseServiceTarget.ApplyArgumentOverloadModelAsync(String, String, String, String, List`1, CancellationToken)
05/27/2025 18:09:05 hora estándar de Colombia : Start : ApplyArgumentOverloadModelAsync
05/27/2025 18:09:05 hora estándar de Colombia : Stop : ApplyArgumentOverloadModelAsync
05/27/2025 18:09:05 hora estándar de Colombia: Information : 8 :{"id":10}
05/27/2025 18:09:05 hora estándar de Colombia : Information : vs-intellicode-base-models write: Content-Length: 664

{"jsonrpc":"2.0","id":10,"result":{"version":"C#_argument_$base$_0.0.1.1","failureReason":0,"percentSum":0.9871149761311244,"overloadNames":["WriteLine(bool)","WriteLine(char)","WriteLine(char[])","WriteLine(char[], int, int)","WriteLine(decimal)","WriteLine(double)","WriteLine(int)","WriteLine(long)","WriteLine(object)","WriteLine(float)","WriteLine(string)","WriteLine(string, object)","WriteLine(string, object, object)","WriteLine(string, object, object, object)","WriteLine(uint)","WriteLine(ulong)"],"weights":[0.004933,0.000359,0.000144,0.000287,0.000623,0.002036,0.013626,0.002131,0.040233,0.000694,0.687669,0.146323,0.070312,0.016476,0.000239,0.00103]}}
05/27/2025 18:09:05 hora estándar de Colombia : Information : vs-intellicode-base-models read: Content-Length: 105

{"jsonrpc":"2.0","id":11,"method":"GetArgumentWeightsAsync","params":["csharp","intellisense-arguments"]}
05/27/2025 18:09:05 hora estándar de Colombia: Information : 7 :{"id":11,"method":"GetArgumentWeightsAsync"}
05/27/2025 18:09:05 hora estándar de Colombia: Information : 6 :Received request "11" for method "GetArgumentWeightsAsync".
05/27/2025 18:09:05 hora estándar de Colombia: Information : 9 :Invoking Microsoft.VisualStudio.IntelliCode.BaseModelService.BaseServiceTarget.GetArgumentWeightsAsync(String, String, CancellationToken)
05/27/2025 18:09:05 hora estándar de Colombia : Start : GetArgumentWeightsAsync
05/27/2025 18:09:05 hora estándar de Colombia : Stop : GetArgumentWeightsAsync
05/27/2025 18:09:05 hora estándar de Colombia: Information : 8 :{"id":11}
05/27/2025 18:09:05 hora estándar de Colombia : Information : vs-intellicode-base-models write: Content-Length: 125

{"jsonrpc":"2.0","id":11,"result":{"decl_proximity":-1.49,"edit_distance":3.902,"symbolkind_score":1.638,"threshold":-1.024}}
05/27/2025 18:09:05 hora estándar de Colombia : Information : vs-intellicode-base-models read: Content-Length: 151

{"jsonrpc":"2.0","id":12,"method":"ApplyArgumentSymbolKindModelAsync","params":["csharp","intellisense-arguments","System.Console","WriteLine",0,[-1]]}
05/27/2025 18:09:05 hora estándar de Colombia: Information : 7 :{"id":12,"method":"ApplyArgumentSymbolKindModelAsync"}
05/27/2025 18:09:05 hora estándar de Colombia: Information : 6 :Received request "12" for method "ApplyArgumentSymbolKindModelAsync".
05/27/2025 18:09:05 hora estándar de Colombia: Information : 9 :Invoking Microsoft.VisualStudio.IntelliCode.BaseModelService.BaseServiceTarget.ApplyArgumentSymbolKindModelAsync(String, String, String, String, Int32, List`1, CancellationToken)
05/27/2025 18:09:05 hora estándar de Colombia : Start : ApplyArgumentSymbolKindModelAsync
05/27/2025 18:09:05 hora estándar de Colombia : Stop : ApplyArgumentSymbolKindModelAsync
05/27/2025 18:09:05 hora estándar de Colombia: Information : 8 :{"id":12}
05/27/2025 18:09:05 hora estándar de Colombia : Information : vs-intellicode-base-models write: Content-Length: 108

{"jsonrpc":"2.0","id":12,"result":{"version":"0.0.1.1","failureReason":0,"weights":[9.999999747378752E-05]}}
05/27/2025 18:09:05 hora estándar de Colombia : Information : vs-intellicode-base-models read: Content-Length: 1710

{"jsonrpc":"2.0","id":13,"method":"ApplyArgumentSymbolKindModelAsync","params":["csharp","intellisense-arguments","System.Console","WriteLine",0,[13,9,9,9,9,9,9,9,11,12,12,11,11,11,11,11,11,11,11,11,11,11,11,11,11,11,11,11,11,11,11,11,11,11,11,11,11,11,11,11,11,11,11,11,11,11,11,11,11,11,11,11,11,11,11,11,11,11,11,11,11,11,11,11,11,11,11,11,11,11,11,11,11,11,11,11,11,11,11,11,11,11,11,11,11,11,11,11,11,11,11,11,11,11,11,11,11,11,11,11,11,11,11,11,11,11,11,11,11,11,11,11,11,11,11,11,11,11,11,11,11,11,11,11,11,11,11,11,11,11,11,11,11,11,11,11,11,11,11,11,11,11,11,11,11,11,11,11,11,11,11,11,11,11,11,11,11,11,11,11,11,11,11,11,11,11,11,11,11,11,11,11,11,11,11,11,11,11,11,11,11,11,11,11,11,11,11,11,11,11,11,11,11,11,11,11,11,11,11,11,11,11,11,11,11,11,11,11,11,11,11,11,11,11,11,11,11,11,11,11,11,11,11,11,11,11,11,11,11,11,11,11,11,11,11,11,11,11,11,11,11,11,11,11,11,11,11,11,11,11,11,11,11,11,11,11,11,11,11,11,11,11,11,11,11,11,11,11,11,11,11,11,11,11,11,11,11,11,11,11,11,11,11,11,11,11,11,11,11,11,11,11,11,11,11,11,11,11,11,11,11,11,11,11,11,11,11,11,11,11,11,11,11,11,11,11,11,11,11,11,11,11,11,11,11,11,11,11,11,11,11,11,11,11,11,11,11,11,11,11,11,11,11,11,11,11,11,11,11,11,11,11,11,11,11,11,11,11,11,11,11,11,11,11,11,11,11,11,11,11,11,11,11,11,11,11,11,11,11,11,11,11,11,11,11,11,11,11,11,11,11,11,11,11,11,11,11,11,11,11,11,
05/27/2025 18:09:05 hora estándar de Colombia : Information : vs-intellicode-base-models read: 11,11,11,11,11,11,11,11,11,11,11,11,11,11,11,11,11,11,11,11,11,11,11,11,11,11,11,11,11,11,11,11,11,11,11,11,11,11,11,11,11,11,11,11,11,11,11,11,11,11,11,11,11,11,11,11,11,11,11,11,11,11,11,11,11,11,11,11,11,11,11,11,11,11,11,11,11,11,11,11,11,11,11,11,11,11,11,11,11,11,11,11,11,11,11,11,11,11,11,11,11,11,11,11,11,11,11,11,11,11,11,11,11,11,11,11,11,11,11,11,11,11]]}
05/27/2025 18:09:05 hora estándar de Colombia: Information : 7 :{"id":13,"method":"ApplyArgumentSymbolKindModelAsync"}
05/27/2025 18:09:05 hora estándar de Colombia: Information : 6 :Received request "13" for method "ApplyArgumentSymbolKindModelAsync".
05/27/2025 18:09:05 hora estándar de Colombia: Information : 9 :Invoking Microsoft.VisualStudio.IntelliCode.BaseModelService.BaseServiceTarget.ApplyArgumentSymbolKindModelAsync(String, String, String, String, Int32, List`1, CancellationToken)
05/27/2025 18:09:05 hora estándar de Colombia : Start : ApplyArgumentSymbolKindModelAsync
05/27/2025 18:09:05 hora estándar de Colombia : Stop : ApplyArgumentSymbolKindModelAsync
05/27/2025 18:09:05 hora estándar de Colombia: Information : 8 :{"id":13}
05/27/2025 18:09:05 hora estándar de Colombia : Information : vs-intellicode-base-models write: Content-Length: 2307

{"jsonrpc":"2.0","id":13,"result":{"version":"0.0.1.1","failureReason":0,"weights":[0.019700000062584877,0.22619999945163727,0.22619999945163727,0.22619999945163727,0.22619999945163727,0.22619999945163727,0.22619999945163727,0.22619999945163727,0.0,0.0,0.0,0.0,0.0,0.0,0.0,0.0,0.0,0.0,0.0,0.0,0.0,0.0,0.0,0.0,0.0,0.0,0.0,0.0,0.0,0.0,0.0,0.0,0.0,0.0,0.0,0.0,0.0,0.0,0.0,0.0,0.0,0.0,0.0,0.0,0.0,0.0,0.0,0.0,0.0,0.0,0.0,0.0,0.0,0.0,0.0,0.0,0.0,0.0,0.0,0.0,0.0,0.0,0.0,0.0,0.0,0.0,0.0,0.0,0.0,0.0,0.0,0.0,0.0,0.0,0.0,0.0,0.0,0.0,0.0,0.0,0.0,0.0,0.0,0.0,0.0,0.0,0.0,0.0,0.0,0.0,0.0,0.0,0.0,0.0,0.0,0.0,0.0,0.0,0.0,0.0,0.0,0.0,0.0,0.0,0.0,0.0,0.0,0.0,0.0,0.0,0.0,0.0,0.0,0.0,0.0,0.0,0.0,0.0,0.0,0.0,0.0,0.0,0.0,0.0,0.0,0.0,0.0,0.0,0.0,0.0,0.0,0.0,0.0,0.0,0.0,0.0,0.0,0.0,0.0,0.0,0.0,0.0,0.0,0.0,0.0,0.0,0.0,0.0,0.0,0.0,0.0,0.0,0.0,0.0,0.0,0.0,0.0,0.0,0.0,0.0,0.0,0.0,0.0,0.0,0.0,0.0,0.0,0.0,0.0,0.0,0.0,0.0,0.0,0.0,0.0,0.0,0.0,0.0,0.0,0.0,0.0,0.0,0.0,0.0,0.0,0.0,0.0,0.0,0.0,0.0,0.0,0.0,0.0,0.0,0.0,0.0,0.0,0.0,0.0,0.0,0.0,0.0,0.0,0.0,0.0,0.0,0.0,0.0,0.0,0.0,0.0,0.0,0.0,0.0,0.0,0.0,0.0,0.0,0.0,0.0,0.0,0.0,0.0,0.0,0.0,0.0,0.0,0.0,0.0,0.0,0.0,0.0,0.0,0.0,0.0,0.0,0.0,0.0,0.0,0.0,0.0,0.0,0.0,0.0,0.0,0.0,0.0,0.0,0.0,0.0,0.0,0.0,0.0,0.0,0.0,0.0,0.0,0.0,0.0,0.0,0.0,0.0,0.0,0.0,0.0,0.0,0.0,0.0,0.0,0.0,0.0,0.0,0.0,0.0,0.0,0.0,0.0,0.0,0.0,0.0,0.0,0.0,0.0,0.0,0.0,0.0,0.0,0.0,0.0,0.0,0.0,0.0,0.0,0.0,0.0,0.0,0.0,0.0,0.0,0.0,0.0,0.0,0.0,0.0,0.0,0.0,0.0,0.0,0.0,0.0,0.0,0.0,0.0,0.0,0.0,0.0,0.0,0.0,0.0,0.0,0.0,0.0,0.0,0.0,0.0,0.0,0.0,0.0,0.0,0.0,0.0,0.0,0.0,0.0,0.0,0.0,0.0,0.0,0.0,0.0,0.0,0.0,0.0,0.0,0.0,0.0,0.0,0.0,0.0,0.0,0.0,0.0,0.0,0.0,0.0,0.0,0.0,0.0,0.0,0.0,0.0,0.0,0.0,0.0,0.0,0.0,0.0,0.0,0.0,0.0,0.0,0.0,0.0,0.0,0.0,0.0,0.0,0.0,0.0,0.0,0.0,0.0,0.0,0.0,0.0,0.0,0.0,0.0,0.0,0.0,0.0,0.0,0.0,0.0,0.0,0.0,0.0,0.0,0.0,0.0,0.0,0.0,0.0,0.0,0.0,0.0,0.0,0.0,0.0,0.0,0.0,0.0,0.0,0.0,0.0,0.0,0.0,0.0,0.0,0.0,0.0,0.0,0.0,0.0,0.0,0.0,0.0,0.0,0.0,0.0,0.0,0.0,0.0,0.0,0.0,0.0,0.0,0.0,0.0,0.0,0.0,0.0,0.0,0.0,0.0,0.0,0.0,0.0,0.0,0.0,0.0,0.0,0.0,0.0,0.0,0.0,0.0,0.0,0.0,0.0,0.0,0.0,0.0,0.0,0.0,0.0,0.0,0.0,0.0,0.0,0.0,0.0,0.0,0.0,0.0,0.0,0.0,0.0,0.0,0.0,0.0,0.0,0.0,0.0,0.0,0.0,0.0,0.0,0.0,0.0,0.0,0.0,0.0,0.0,0.0,0.0,0.0,0.0,0.0,0.0,0.0,0.0,0.0,0.0,0.0,0.0,0.0,0.0,0.0,0.0,0.0,0.0,0.0,0.0,0.0,0.0,0.0,0.0,0.0,0.0,0.0,0.0,0.0]}}
05/27/2025 18:09:05 hora estándar de Colombia : Information : vs-intellicode-base-models read: Content-Length: 540

{"jsonrpc":"2.0","id":14,"method":"ApplyArgumentOverloadModelAsync","params":["csharp","intellisense-arguments","System.Console","WriteLine",["WriteLine(bool)","WriteLine(char)","WriteLine(char[])","WriteLine(char[], int, int)","WriteLine(decimal)","WriteLine(double)","WriteLine(int)","WriteLine(long)","WriteLine(object)","WriteLine(float)","WriteLine(string)","WriteLine(string, object)","WriteLine(string, object, object)","WriteLine(string, object, object, object)","WriteLine(string, object[])","WriteLine(uint)","WriteLine(ulong)"]]}
05/27/2025 18:09:05 hora estándar de Colombia: Information : 7 :{"id":14,"method":"ApplyArgumentOverloadModelAsync"}
05/27/2025 18:09:05 hora estándar de Colombia: Information : 6 :Received request "14" for method "ApplyArgumentOverloadModelAsync".
05/27/2025 18:09:05 hora estándar de Colombia: Information : 9 :Invoking Microsoft.VisualStudio.IntelliCode.BaseModelService.BaseServiceTarget.ApplyArgumentOverloadModelAsync(String, String, String, String, List`1, CancellationToken)
05/27/2025 18:09:05 hora estándar de Colombia : Start : ApplyArgumentOverloadModelAsync
05/27/2025 18:09:05 hora estándar de Colombia : Stop : ApplyArgumentOverloadModelAsync
05/27/2025 18:09:05 hora estándar de Colombia: Information : 8 :{"id":14}
05/27/2025 18:09:05 hora estándar de Colombia : Information : vs-intellicode-base-models write: Content-Length: 664

{"jsonrpc":"2.0","id":14,"result":{"version":"C#_argument_$base$_0.0.1.1","failureReason":0,"percentSum":0.9871149761311244,"overloadNames":["WriteLine(bool)","WriteLine(char)","WriteLine(char[])","WriteLine(char[], int, int)","WriteLine(decimal)","WriteLine(double)","WriteLine(int)","WriteLine(long)","WriteLine(object)","WriteLine(float)","WriteLine(string)","WriteLine(string, object)","WriteLine(string, object, object)","WriteLine(string, object, object, object)","WriteLine(uint)","WriteLine(ulong)"],"weights":[0.004933,0.000359,0.000144,0.000287,0.000623,0.002036,0.013626,0.002131,0.040233,0.000694,0.687669,0.146323,0.070312,0.016476,0.000239,0.00103]}}
05/27/2025 18:09:05 hora estándar de Colombia : Information : vs-intellicode-base-models read: Content-Length: 151

{"jsonrpc":"2.0","id":15,"method":"ApplyArgumentSymbolKindModelAsync","params":["csharp","intellisense-arguments","System.Console","WriteLine",0,[-1]]}
05/27/2025 18:09:05 hora estándar de Colombia: Information : 7 :{"id":15,"method":"ApplyArgumentSymbolKindModelAsync"}
05/27/2025 18:09:05 hora estándar de Colombia: Information : 6 :Received request "15" for method "ApplyArgumentSymbolKindModelAsync".
05/27/2025 18:09:05 hora estándar de Colombia: Information : 9 :Invoking Microsoft.VisualStudio.IntelliCode.BaseModelService.BaseServiceTarget.ApplyArgumentSymbolKindModelAsync(String, String, String, String, Int32, List`1, CancellationToken)
05/27/2025 18:09:05 hora estándar de Colombia : Start : ApplyArgumentSymbolKindModelAsync
05/27/2025 18:09:05 hora estándar de Colombia : Stop : ApplyArgumentSymbolKindModelAsync
05/27/2025 18:09:05 hora estándar de Colombia: Information : 8 :{"id":15}
05/27/2025 18:09:05 hora estándar de Colombia : Information : vs-intellicode-base-models write: Content-Length: 108

{"jsonrpc":"2.0","id":15,"result":{"version":"0.0.1.1","failureReason":0,"weights":[9.999999747378752E-05]}}
05/27/2025 18:10:17 hora estándar de Colombia : Information : vs-intellicode-base-models read: end of stream
05/27/2025 18:10:17 hora estándar de Colombia : Information : Waiting for 'vs-intellicode-base-models' instance to complete its completionTask.
05/27/2025 18:10:17 hora estándar de Colombia: Information : 13 :Connection closing (RemotePartyTerminated: Reached end of stream.). 
05/27/2025 18:10:17 hora estándar de Colombia : Information : Disposed 'vs-intellicode-base-models' via 'completionTask' method.
05/27/2025 18:10:17 hora estándar de Colombia : Information : Finishing shutting down service: vs-intellicode-base-models.
