2025-05-27 18:14:09.213 [info] Reading sessions from keychain...
2025-05-27 18:14:09.213 [info] Getting sessions for all scopes...
2025-05-27 18:14:09.213 [info] Getting sessions for all scopes...
2025-05-27 18:14:09.213 [info] Getting sessions for all scopes...
2025-05-27 18:14:09.910 [info] Got stored sessions!
2025-05-27 18:14:09.910 [info] Got 1 verified sessions.
2025-05-27 18:14:09.910 [info] Got 1 sessions for ...
2025-05-27 18:14:09.910 [info] Got 1 sessions for ...
2025-05-27 18:14:09.910 [info] Got 1 sessions for ...
2025-05-27 18:14:09.991 [info] Getting sessions for all scopes...
2025-05-27 18:14:09.991 [info] Got 1 sessions for ...
2025-05-27 18:14:09.992 [info] Getting sessions for all scopes...
2025-05-27 18:14:09.992 [info] Got 1 sessions for ...
2025-05-27 18:14:09.992 [info] Getting sessions for all scopes...
2025-05-27 18:14:09.992 [info] Got 1 sessions for ...
2025-05-27 18:14:09.993 [info] Getting sessions for all scopes...
2025-05-27 18:14:09.993 [info] Got 1 sessions for ...
2025-05-27 18:14:09.993 [info] Getting sessions for all scopes...
2025-05-27 18:14:09.994 [info] Got 1 sessions for ...
2025-05-27 18:14:10.062 [info] Getting sessions for all scopes...
2025-05-27 18:14:10.062 [info] Got 1 sessions for ...
2025-05-27 18:14:10.062 [info] Getting sessions for all scopes...
2025-05-27 18:14:10.062 [info] Got 1 sessions for ...
2025-05-27 18:14:10.063 [info] Getting sessions for all scopes...
2025-05-27 18:14:10.063 [info] Got 1 sessions for ...
2025-05-27 18:14:10.064 [info] Getting sessions for all scopes...
2025-05-27 18:14:10.064 [info] Got 1 sessions for ...
2025-05-27 18:14:10.064 [info] Getting sessions for all scopes...
2025-05-27 18:14:10.064 [info] Got 1 sessions for ...
2025-05-27 18:14:10.065 [info] Getting sessions for all scopes...
2025-05-27 18:14:10.065 [info] Got 1 sessions for ...
2025-05-27 18:14:10.065 [info] Getting sessions for all scopes...
2025-05-27 18:14:10.065 [info] Got 1 sessions for ...
2025-05-27 18:14:11.130 [info] Getting sessions for all scopes...
2025-05-27 18:14:11.130 [info] Got 1 sessions for ...
2025-05-27 18:14:11.704 [info] Getting sessions for all scopes...
2025-05-27 18:14:11.704 [info] Got 1 sessions for ...
2025-05-27 18:14:11.707 [info] Getting sessions for all scopes...
2025-05-27 18:14:11.707 [info] Got 1 sessions for ...
2025-05-27 18:14:11.914 [info] Getting sessions for all scopes...
2025-05-27 18:14:11.914 [info] Got 1 sessions for ...
2025-05-27 18:14:12.053 [info] Getting sessions for all scopes...
2025-05-27 18:14:12.053 [info] Got 1 sessions for ...
2025-05-27 18:14:12.066 [info] Getting sessions for all scopes...
2025-05-27 18:14:12.066 [info] Got 1 sessions for ...
2025-05-27 18:14:14.034 [info] Getting sessions for all scopes...
2025-05-27 18:14:14.034 [info] Got 1 sessions for ...
2025-05-27 18:14:14.035 [info] Getting sessions for all scopes...
2025-05-27 18:14:14.035 [info] Got 1 sessions for ...
2025-05-27 18:14:14.043 [info] Getting sessions for all scopes...
2025-05-27 18:14:14.043 [info] Got 1 sessions for ...
2025-05-27 18:14:14.351 [info] Getting sessions for all scopes...
2025-05-27 18:14:14.351 [info] Got 1 sessions for ...
2025-05-27 18:14:14.352 [info] Getting sessions for read:user,repo,user:email,workflow...
2025-05-27 18:14:14.352 [info] Got 0 sessions for read:user,repo,user:email,workflow...
2025-05-27 18:14:14.380 [info] Getting sessions for read:user,repo,user:email,workflow...
2025-05-27 18:14:14.380 [info] Got 0 sessions for read:user,repo,user:email,workflow...
2025-05-27 18:14:14.473 [info] Getting sessions for read:user...
2025-05-27 18:14:14.474 [info] Got 0 sessions for read:user...
2025-05-27 18:14:15.312 [info] Getting sessions for user:email...
2025-05-27 18:14:15.312 [info] Got 1 sessions for user:email...
2025-05-27 18:14:15.336 [info] Getting sessions for read:user,repo,user:email,workflow...
2025-05-27 18:14:15.336 [info] Got 0 sessions for read:user,repo,user:email,workflow...
2025-05-27 18:14:15.348 [info] Getting sessions for user:email...
2025-05-27 18:14:15.348 [info] Got 1 sessions for user:email...
2025-05-27 18:14:15.401 [info] Getting sessions for all scopes...
2025-05-27 18:14:15.401 [info] Got 1 sessions for ...
2025-05-27 18:14:15.401 [info] Getting sessions for all scopes...
2025-05-27 18:14:15.401 [info] Got 1 sessions for ...
2025-05-27 18:14:15.520 [info] Getting sessions for read:user,repo,user:email,workflow...
2025-05-27 18:14:15.520 [info] Got 0 sessions for read:user,repo,user:email,workflow...
2025-05-27 18:14:15.817 [info] Getting sessions for user:email...
2025-05-27 18:14:15.817 [info] Got 1 sessions for user:email...
2025-05-27 18:14:16.792 [info] Getting sessions for all scopes...
2025-05-27 18:14:16.792 [info] Got 1 sessions for ...
2025-05-27 18:14:16.792 [info] Getting sessions for all scopes...
2025-05-27 18:14:16.792 [info] Got 1 sessions for ...
2025-05-27 18:14:16.955 [info] Getting sessions for read:user,repo,user:email,workflow...
2025-05-27 18:14:16.955 [info] Got 0 sessions for read:user,repo,user:email,workflow...
2025-05-27 18:14:16.964 [info] Getting sessions for user:email...
2025-05-27 18:14:16.964 [info] Got 1 sessions for user:email...
2025-05-27 18:14:16.965 [info] Getting sessions for read:user,repo,user:email,workflow...
2025-05-27 18:14:16.965 [info] Got 0 sessions for read:user,repo,user:email,workflow...
2025-05-27 18:14:16.971 [info] Getting sessions for all scopes...
2025-05-27 18:14:16.972 [info] Got 1 sessions for ...
2025-05-27 18:14:16.976 [info] Getting sessions for read:user,repo,user:email,workflow...
2025-05-27 18:14:16.976 [info] Got 0 sessions for read:user,repo,user:email,workflow...
2025-05-27 18:14:16.979 [info] Getting sessions for user:email...
2025-05-27 18:14:16.979 [info] Got 1 sessions for user:email...
2025-05-27 18:14:17.172 [info] Getting sessions for all scopes...
2025-05-27 18:14:17.172 [info] Got 1 sessions for ...
2025-05-27 18:14:17.174 [info] Getting sessions for all scopes...
2025-05-27 18:14:17.174 [info] Got 1 sessions for ...
2025-05-27 18:14:17.211 [info] Getting sessions for read:user,repo,user:email,workflow...
2025-05-27 18:14:17.211 [info] Got 0 sessions for read:user,repo,user:email,workflow...
2025-05-27 18:14:17.236 [info] Getting sessions for user:email...
2025-05-27 18:14:17.236 [info] Got 1 sessions for user:email...
2025-05-27 18:14:17.264 [info] Getting sessions for read:user,repo,user:email,workflow...
2025-05-27 18:14:17.264 [info] Got 0 sessions for read:user,repo,user:email,workflow...
2025-05-27 18:14:17.300 [info] Getting sessions for all scopes...
2025-05-27 18:14:17.300 [info] Got 1 sessions for ...
2025-05-27 18:14:17.309 [info] Getting sessions for all scopes...
2025-05-27 18:14:17.309 [info] Got 1 sessions for ...
2025-05-27 18:14:17.322 [info] Getting sessions for all scopes...
2025-05-27 18:14:17.322 [info] Got 1 sessions for ...
2025-05-27 18:14:17.340 [info] Getting sessions for read:user,repo,user:email,workflow...
2025-05-27 18:14:17.340 [info] Got 0 sessions for read:user,repo,user:email,workflow...
2025-05-27 18:14:17.749 [info] Getting sessions for user:email...
2025-05-27 18:14:17.749 [info] Got 1 sessions for user:email...
2025-05-27 18:14:19.396 [info] Getting sessions for all scopes...
2025-05-27 18:14:19.396 [info] Got 1 sessions for ...
2025-05-27 18:14:19.405 [info] Getting sessions for read:user,repo,user:email,workflow...
2025-05-27 18:14:19.405 [info] Got 0 sessions for read:user,repo,user:email,workflow...
2025-05-27 18:14:19.412 [info] Getting sessions for user:email...
2025-05-27 18:14:19.412 [info] Got 1 sessions for user:email...
